((21,(((((((11,((5,10),(((14,15),(16,18)),(19,9)))),8),6),7),4),((13,12),(17,20))),3)),2,1);
((21,(((((14,18),(15,16)),(((8,19),11),(5,(9,10)))),(17,20)),((3,(6,7)),(13,(4,12))))),2,1);
((4,21),(((((14,15),(18,16)),(((((9,19),11),8),10),5)),(17,20)),((2,(3,(6,7))),(13,12))),1);
((4,21),((((((16,((14,15),18)),(5,10)),11),(9,(8,(19,(17,20))))),12),((2,(3,(6,7))),13)),1);
((21,((((8,11),((9,((19,(17,20)),(14,(18,(15,16))))),10)),5),(3,(((4,6),7),(12,13))))),2,1);
((21,(((4,6),7),(((13,12),(((10,((14,((18,15),16)),11)),8),(9,(19,(17,20))))),(3,5)))),2,1);
((((6,7),((21,(3,((17,20),13))),((((18,(15,16)),14),((((8,9),11),19),(5,10))),12))),4),2,1);
(21,((12,(((3,((6,5),7)),2),((((8,9),(10,((19,11),((15,14),(18,16))))),(17,20)),13))),4),1);
(2,(((((((9,(5,((((14,18),(16,15)),8),(10,(19,11))))),(17,20)),13),12),(21,3)),(6,7)),4),1);
((4,21),(((3,2),(6,7)),(((11,((((8,9),((18,(14,15)),16)),(5,(17,20))),(10,19))),13),12)),1);
((4,(13,(((3,2),(6,7)),(((((((14,(18,(16,15))),9),(5,10)),11),(19,8)),(20,17)),12)))),21,1);
(21,((((3,2),(6,7)),((((14,(15,(18,16))),(9,(10,((19,8),11)))),(5,(20,17))),(12,13))),4),1);
(2,(3,((6,7),(4,(((((((14,18),(16,15)),(19,11)),((8,9),(5,10))),(20,17)),(12,13)),21)))),1);
(4,((21,(13,12)),(3,(((20,17),((((14,15),(18,16)),(11,((8,9),(5,10)))),2)),((19,6),7)))),1);
(2,(((((((14,18),(16,15)),((5,10),((8,11),9))),(19,(20,17))),13),((((4,6),7),3),12)),21),1);
((3,2),((((((((20,17),((14,18),(16,15))),(5,10)),(19,11)),8),9),(7,6)),(4,((12,21),13))),1);
(((4,21),((3,13),((12,((((20,(9,17)),((14,18),(16,(19,15)))),(5,10)),(8,11))),(7,6)))),2,1);
((((4,21),((7,6),((3,13),(12,((20,17),(8,(11,((5,(9,(14,(18,(16,15))))),10)))))))),19),2,1);
(((((4,21),((((20,17),19),(((18,(16,15)),14),((10,9),((8,5),11)))),(7,6))),(12,13)),3),2,1);
((((12,13),(3,(((20,17),(((16,15),(14,18)),((8,9),(((19,5),11),10)))),(7,(4,6))))),21),2,1);
(2,((4,(6,7)),((((12,((8,9),((((((15,16),5),18),14),(10,11)),19))),(21,(17,20))),13),3)),1);
((21,(((12,13),(((6,7),4),((8,(11,(((15,16),(18,14)),(9,(5,(19,10)))))),(17,20)))),3)),2,1);
((21,(13,((3,4),((6,7),(((((15,14),(16,18)),((5,(19,11)),10)),((8,9),(17,20))),12))))),2,1);
(2,(((13,((9,12),((((8,11),((16,(14,(15,18))),(5,10))),(19,(17,20))),21))),((4,6),7)),3),1);
(2,((3,((4,(12,((17,20),(9,((10,(19,11)),(((8,16),(14,(15,18))),5)))))),((6,7),13))),21),1);
(2,(3,((19,(7,6)),((((13,12),((17,20),(((5,10),(8,11)),((16,(14,(15,18))),9)))),21),4))),1);
((21,((((12,(6,(7,((9,(17,20)),(((19,8),11),((5,((15,16),(14,18))),10)))))),3),13),4)),2,1);
((21,(((12,((17,20),(9,(((16,(18,(14,15))),((5,10),(19,11))),8)))),(13,((4,6),7))),3)),2,1);
((21,(((3,(7,6)),(4,12)),(13,(((5,17),20),((11,(((14,18),(15,16)),10)),(8,9)))))),(19,2),1);
((3,((7,(4,6)),((21,13),(12,(((((14,18),(15,16)),(10,11)),(8,19)),(9,((20,17),5))))))),2,1);
((13,(((20,17),((((((8,19),11),5),10),9),(14,(16,(15,18))))),12)),(21,((((2,7),6),3),4)),1);
(((21,((4,(6,7)),((13,((20,17),((19,11),((5,10),((8,9),((16,15),(14,18))))))),12))),3),2,1);
((((13,(21,((11,(10,((8,9),(((20,17),14),(18,(16,(19,15))))))),5))),12),(3,(4,(6,7)))),2,1);
(((13,(21,(12,(4,(((8,9),(((16,((14,15),18)),(10,5)),11)),(19,(20,17))))))),(3,(6,7))),2,1);
(((21,(13,12)),(3,((((8,9),(((((14,15),(18,16)),(10,5)),11),19)),(20,17)),(6,(4,7))))),2,1);
(((((((((14,((15,18),16)),((9,10),(((8,19),5),11))),(20,17)),13),12),(6,7)),(3,4)),21),2,1);
(((((((((5,(11,8)),19),(((14,18),(16,15)),(9,10))),(20,17)),13),12),(3,(4,(6,7)))),21),2,1);
((((5,6),7),(3,((13,((20,17),21)),((4,(10,((9,((11,8),19)),((15,14),(18,16))))),12)))),2,1);
((((((((((19,10),(8,9)),((14,18),(16,15))),11),7),5),(3,6)),((21,4),(12,13))),(20,17)),2,1);
(21,(((((19,(20,17)),(((((5,10),9),((14,18),(16,15))),11),8)),12),(((6,7),(3,2)),13)),4),1);
((((((12,((((15,16),(18,14)),((19,11),(5,10))),((9,(17,20)),8))),13),3),(6,7)),(21,4)),2,1);
(21,((12,(4,13)),((3,(6,7)),(((17,20),(((5,11),(10,(14,(((8,19),16),(15,18))))),9)),2))),1);
((21,(4,(((12,(((17,20),((8,9),((19,(5,11)),(10,((15,16),(14,18)))))),13)),3),(6,7)))),2,1);
((((4,(5,(6,7))),(((13,12),((17,20),(((8,9),(10,((15,16),(14,18)))),(19,11)))),21)),3),2,1);
((((12,((((9,(17,(20,19))),8),(((16,14),(15,18)),(10,11))),13)),(4,21)),(3,((7,6),5))),2,1);
((((21,13),12),(3,(((9,(17,20)),(11,(((15,14),(18,16)),(8,(5,(19,10)))))),(4,(7,6))))),2,1);
((((((7,(19,6)),((13,12),((17,20),(((11,(((14,18),(16,15)),(5,10))),8),9)))),3),4),21),2,1);
((((17,20),(11,((((15,(18,14)),16),(5,(9,(8,10)))),19))),((3,(4,(6,7))),(21,(13,12)))),2,1);
(((5,(3,((6,7),(4,((13,12),((17,20),((19,11),(10,((9,8),((18,(16,15)),14)))))))))),21),2,1);
((((6,7),(((21,13),((((18,(16,15)),14),(((5,11),10),(9,8))),(19,(17,20)))),12)),4),(3,2),1);
(2,(((((((9,(20,17)),((5,(19,10)),((8,(14,((15,16),18))),11))),12),13),21),4),((6,7),3)),1);
((2,5),((((12,13),21),((9,(20,17)),(((15,16),(18,14)),((19,11),(8,10))))),(((6,7),4),3)),1);
(2,((21,(12,((((14,((15,(8,16)),18)),(9,((20,17),(5,(19,10))))),11),13))),(((6,7),4),3)),1);
((21,(13,(12,((((19,(20,17)),9),(((15,16),(18,14)),(11,(5,10)))),8)))),(4,((6,7),(3,2))),1);
(2,((((21,(13,12)),(6,((((20,17),9),(((19,8),11),((5,10),(14,((15,16),18))))),7))),3),4),1);
((21,(4,(3,(((((((10,19),(5,11)),(14,((15,16),18))),(20,17)),((8,9),(7,6))),13),12)))),2,1);
((((((4,21),12),13),((((14,15),(16,18)),((10,(((19,8),11),5)),9)),(20,17))),((7,6),3)),2,1);
((3,((((((((5,10),(11,(14,((15,16),18)))),(8,9)),(20,17)),(13,12)),19),(7,6)),(21,4))),2,1);
((((5,(4,(7,6))),((19,((11,(((18,16),(14,15)),10)),(20,(9,17)))),(21,(8,(13,12))))),3),2,1);
(((5,(((13,12),(3,((4,(7,6)),(19,(((16,((14,15),18)),((10,11),9)),(20,17)))))),8)),21),2,1);
((2,(3,((6,7),(((13,((((9,(16,((14,15),18))),(5,10)),((19,8),11)),(20,17))),12),21)))),4,1);
(2,(((3,4),(6,7)),((13,((((19,8),(11,((9,((15,16),(14,18))),(5,10)))),(20,17)),12)),21)),1);
(2,((21,((((6,7),(13,((((((15,16),(14,18)),((5,10),11)),8),9),12))),3),(17,(19,20)))),4),1);
(2,((((4,(12,((16,((15,14),18)),((11,5),(10,(((17,20),19),(9,8))))))),13),21),(3,(6,7))),1);
(2,((((12,13),(4,21)),(((17,20),(8,(((9,(14,(18,(15,16)))),(5,10)),11))),19)),(3,(6,7))),1);
((4,((((6,7),(3,(5,2))),(((19,20),17),(8,(((9,(14,(18,(15,16)))),10),11)))),(12,13))),21,1);
((((((4,12),(13,((20,17),(9,(((15,16),(14,18)),((5,10),((8,19),11))))))),(6,7)),3),21),2,1);
(21,(((((6,(4,7)),(2,3)),((20,17),((9,((16,((15,14),18)),(10,((8,19),11)))),5))),13),12),1);
(2,(3,(((6,(4,7)),21),(13,(((20,17),((8,(19,9)),(((15,16),(14,18)),((5,10),11)))),12)))),1);
((21,((((13,(((((19,10),(16,((15,14),18))),(5,11)),(8,((20,17),9))),12)),(6,7)),3),4)),2,1);
((4,2),((13,(21,((12,((9,(((11,(5,10)),(14,(16,(15,18)))),8)),(20,17))),((19,6),7)))),3),1);
((2,(((4,21),(6,7)),((12,13),((19,(((9,11),(5,10)),((14,18),(16,15)))),(8,(20,17)))))),3,1);
((21,4),((((((18,16),((8,15),14)),((9,(20,17)),((19,11),(5,10)))),13),12),((2,3),(6,7))),1);
(2,((((11,((5,10),((14,(15,18)),16))),19),((20,17),(8,9))),(((13,(12,4)),21),(3,(6,7)))),1);
(2,(((9,(8,(((14,(15,18)),16),(11,(5,10))))),(19,(17,20))),(((13,12),3),((6,7),(4,21)))),1);
(((((((((14,((5,15),18)),16),(11,10)),(9,8)),(17,20)),(4,12)),(13,(7,(19,6)))),21),(3,2),1);
(2,(((7,6),(21,(12,(((((14,18),(15,(19,16))),(((9,8),11),(5,10))),(17,20)),(4,13))))),3),1);
(21,((4,((3,(7,(19,6))),2)),((12,13),(((((14,15),(16,18)),(11,(5,10))),8),((17,20),9)))),1);
((21,(13,(((3,4),(7,(19,6))),(((((14,18),(15,16)),(9,(10,(11,(8,5))))),(17,20)),12)))),2,1);
((21,(((((((11,((((14,(15,18)),16),(8,9)),10)),(17,20)),5),13),(19,12)),3),(7,(4,6)))),2,1);
(2,(((4,(7,6)),(((21,12),13),((19,(20,17)),((11,((9,(5,10)),((15,16),(14,18)))),8)))),3),1);
(2,((21,((((20,(5,17)),((((9,(11,10)),((14,(15,18)),16)),19),8)),12),13)),(3,(4,(7,6)))),1);
(2,((5,(3,(4,(7,6)))),(12,((((20,17),((14,(18,(15,16))),(((11,19),(8,9)),10))),13),21))),1);
(2,(((19,(20,17)),(4,21)),((3,((7,6),(8,((((5,16),(18,(14,15))),11),10)))),((9,12),13))),1);
(2,((((21,((20,17),(((15,16),(18,14)),(((5,10),(19,(8,11))),9)))),(7,6)),(3,(12,13))),4),1);
((((2,(3,(4,(7,6)))),(12,13)),((20,17),(((5,11),((8,9),(14,(((19,15),16),18)))),10))),21,1);
((4,(21,((7,6),(3,(12,(((20,17),(((14,18),(15,16)),((5,11),((19,10),(8,9))))),13)))))),2,1);
(((4,21),(((((20,17),(9,(((10,11),(16,(18,(14,15)))),8))),(13,12)),((19,7),6)),(3,5))),2,1);
(((((3,5),(21,(((20,(9,17)),((((15,16),(18,14)),(8,11)),(19,10))),(13,12)))),(7,6)),4),2,1);
((((21,(((((15,16),(18,14)),(((5,10),11),(19,(9,8)))),(20,17)),(13,12))),(3,(7,6))),4),2,1);
((4,2),(21,(3,(((6,7),(((8,11),((20,(9,17)),(10,(5,((18,16),(14,(19,15))))))),12)),13))),1);
((4,2),(((((8,(20,17)),9),(19,(10,((5,11),((15,18),(14,16)))))),(3,((21,13),12))),(6,7)),1);
(((((19,(13,12)),21),((17,20),(((5,10),(11,(16,(18,(15,14))))),(9,8)))),((4,6),7)),(3,2),1);
(((4,(((13,3),(((9,6),7),(12,((5,10),(11,(14,((15,16),18))))))),(8,21))),(19,(17,20))),2,1);
(((((19,7),(6,4)),((11,((((17,20),(8,9)),(14,((15,16),18))),10)),5)),(((12,13),21),3)),2,1);
(19,(((2,3),((7,6),5)),((12,(((17,20),((((18,15),16),14),(10,(9,(8,11))))),13)),(4,21))),1);
(21,(((2,3),(7,(4,6))),(12,(((17,20),(9,(((19,8),11),(((18,16),(15,14)),(5,10))))),13))),1);
(21,((((17,20),((((14,18),(15,16)),19),(10,((8,9),(5,11))))),((2,3),(4,(6,7)))),(12,13)),1);
((4,2),(3,(((6,7),(21,((17,20),(((((19,15),14),18),16),((10,((8,9),11)),5))))),(12,13))),1);
((21,((13,((17,20),(((14,18),(15,16)),((11,(5,10)),(19,(8,9)))))),((((6,7),2),3),12))),4,1);
((21,((4,(6,7)),(((3,13),12),((20,(19,17)),((((10,(14,((15,16),18))),(5,11)),8),9))))),2,1);
((((6,7),(((20,17),((8,11),(9,((10,(5,19)),((15,16),(18,14)))))),(12,(21,13)))),(3,4)),2,1);
(2,(4,((3,(6,7)),(12,(((11,(((5,10),(19,(9,8))),(14,((15,16),18)))),13),((20,17),21))))),1);
(2,((3,((6,7),((((((15,16),(18,14)),((10,(19,11)),(9,8))),5),13),(12,(20,17))))),(21,4)),1);
(((4,12),((((((15,16),(18,14)),((11,(5,19)),((9,8),10))),(20,17)),((2,3),(6,7))),13)),21,1);
(((((((12,(((((20,17),9),10),((14,(19,15)),(18,16))),(11,8))),4),((6,7),13)),3),5),21),2,1);
(((((12,(((7,6),4),((((19,(20,17)),5),(8,9)),((((15,16),14),18),(11,10))))),13),3),21),2,1);
((((((4,21),(13,(12,((20,17),(((8,16),(18,(15,14))),((9,(19,10)),11)))))),(7,6)),3),5),2,1);
((21,((((3,13),((20,17),(10,(((19,(5,11)),(14,((15,16),18))),(8,9))))),12),(4,(7,6)))),2,1);
((3,(((4,7),6),(21,((13,((20,17),((14,(15,(16,18))),((19,(9,8)),(11,(5,10)))))),12)))),2,1);
(2,((3,((21,((12,13),4)),((17,20),(9,(((11,(5,10)),((14,18),(15,16))),(19,8)))))),(7,6)),1);
(2,((3,(21,(12,(((17,20),(((5,11),(10,(14,((15,18),16)))),(19,(9,8)))),13)))),(4,(6,7))),1);
(2,((((6,7),4),3),(((21,12),13),((17,20),((11,19),(8,(((9,10),((18,(15,16)),14)),5)))))),1);
(2,((((13,(((11,((((19,(17,20)),(8,9)),(5,10)),((15,16),(14,18)))),12),3)),(6,7)),4),21),1);
(((12,13),21),((4,(3,2)),((((11,((9,10),(16,(18,(15,14))))),8),(19,(17,20))),((5,6),7))),1);
(2,(((((4,(13,(9,12))),(6,7)),3),((((19,(5,11)),(8,((15,16),(18,14)))),10),(17,20))),21),1);
((((12,((((8,9),(((19,5),11),(10,((15,16),(18,14))))),(17,20)),21)),13),((4,6),7)),(2,3),1);
(21,(((3,(4,(6,7))),(((((11,((9,(5,10)),((14,15),(18,16)))),(19,8)),(17,20)),13),12)),2),1);
(2,(21,((((6,7),13),((4,12),((((9,17),20),8),((((14,18),(16,15)),(11,(5,10))),19)))),3)),1);
(2,((3,21),(((((19,(17,20)),((((10,(14,(18,(16,15)))),9),11),8)),5),((4,12),13)),(6,7))),1);
(2,(((21,(12,13)),(20,17)),(3,(6,(4,(19,(((9,((10,(5,11)),(14,(18,(16,15))))),8),7)))))),1);
((4,(3,((((((((14,(15,(16,18))),((20,17),9)),(8,10)),11),5),19),(6,7)),2))),((12,13),21),1);
(2,(((12,13),((4,(6,7)),3)),(21,((20,17),((14,((16,15),18)),(((8,9),10),(19,(5,11))))))),1);
(2,((4,(((12,13),((19,((((20,(9,17)),8),((((14,(15,18)),16),10),11)),5)),(6,7))),3)),21),1);
((12,(((2,3),(6,7)),((((((16,18),(14,15)),10),(5,11)),((((17,20),8),9),19)),13))),(4,21),1);
(((21,4),(((12,(((8,((((14,18),(15,16)),(5,10)),11)),((19,(17,20)),9)),13)),3),(6,7))),2,1);
(((21,(((((((14,18),(15,16)),(10,11)),(8,9)),((19,(20,17)),5)),(13,12)),(3,(6,7)))),4),2,1);
((4,((12,(((14,((15,18),16)),((20,17),((19,(8,9)),(10,11)))),13)),(2,(3,(5,(6,7)))))),21,1);
(2,((3,((4,((5,6),7)),((13,12),21))),((19,(20,17)),(((11,(10,(16,((14,15),18)))),9),8))),1);
(2,((5,(((((12,(8,13)),21),(11,(10,((((20,17),9),19),((18,(15,16)),14))))),(6,7)),3)),4),1);
(2,(((7,6),(3,4)),(13,(12,(21,((19,(20,17)),(((10,5),(11,(14,(18,(15,16))))),(9,8))))))),1);
(2,(((((7,6),(12,(13,((20,17),((((10,5),(19,(11,8))),((15,16),(14,18))),9))))),3),21),4),1);
(2,((((12,(13,((7,6),(20,(17,((((5,11),(10,19)),(14,(18,(15,(8,16))))),9)))))),3),21),4),1);
((((4,((((((10,(((5,11),8),(16,(18,(14,15))))),(9,(20,17))),2),3),(7,6)),13)),12),19),21,1);
(2,(3,(((13,21),(((((15,(16,18)),14),(((8,9),10),(19,11))),(20,17)),12)),(4,((7,6),5)))),1);
(2,((4,(5,((3,((((((16,18),(14,(19,15))),(10,(8,11))),(9,(20,17))),13),12)),(7,6)))),21),1);
(21,(((19,7),(3,(6,(5,2)))),(13,(4,(((((18,(15,16)),14),(10,(8,11))),(9,(20,17))),12)))),1);
((4,21),((13,12),((6,7),((3,(((((18,(15,16)),14),(((8,9),10),(19,11))),(20,17)),2)),5))),1);
(21,((4,(13,12)),((6,7),(((((16,((15,18),14)),((9,10),(5,(8,11)))),19),(20,17)),(2,3)))),1);
((21,(19,(((9,(((5,10),(11,(14,((15,16),18)))),8)),(20,17)),(13,12)))),(3,(((4,6),7),2)),1);
(2,((3,(7,((19,(20,17)),((((5,10),(9,8)),11),(((15,16),14),18))))),(21,(13,(4,(6,12))))),1);
(((12,(13,21)),((2,(3,(((6,7),4),5))),((11,(((20,17),((15,16),(14,18))),(10,9))),8))),19,1);
(2,((((6,7),4),3),(((((9,(20,17)),(((5,(14,(18,(15,16)))),10),(8,11))),(19,12)),13),21)),1);
((21,(((((6,4),7),((20,17),((19,11),((8,9),((5,((15,16),(14,18))),10))))),(13,12)),3)),2,1);
((3,((13,12),(21,((4,(7,6)),(((9,(20,17)),(10,((8,11),(((19,15),16),(14,18))))),5))))),2,1);
((4,21),(((2,3),(7,6)),(13,(((20,17),(11,((16,(14,(15,18))),((9,8),(5,(19,10)))))),12))),1);
(((4,21),(((3,(((20,17),(15,(16,(((9,10),(5,11)),(14,18))))),19)),(7,6)),((8,13),12))),2,1);
(21,((((17,20),(2,3)),((4,7),6)),(13,((8,((5,11),((9,((14,(15,18)),16)),(19,10)))),12))),1);
(2,((3,(7,(6,4))),(21,(13,(((17,20),(9,(((5,10),(((14,18),(15,16)),(19,11))),8))),12)))),1);
(21,((13,((((((5,10),(14,((15,18),16))),11),8),((19,(17,20)),9)),12)),(((3,(7,6)),2),4)),1);
(21,(((((9,(17,20)),((19,8),((11,(10,(14,((16,15),18)))),5))),((3,(7,6)),2)),(13,12)),4),1);
(2,(((13,12),3),((((9,(17,20)),(((8,11),10),(5,(14,(16,(18,(19,15))))))),((4,6),7)),21)),1);
((4,21),((((5,((11,19),((10,((17,20),9)),((15,16),(14,18))))),(8,6)),(3,(7,2))),(12,13)),1);
((13,(21,(2,(3,((6,7),(5,(((((14,(18,((19,15),16))),11),10),(17,20)),(8,9)))))))),(12,4),1);
((21,(((((4,6),7),((12,(((8,((((15,16),(14,18)),11),(19,10))),(17,20)),9)),13)),3),5)),2,1);
((((12,((((((15,16),(14,18)),19),(10,11)),(9,(17,20))),8)),(13,21)),(3,(5,((4,6),7)))),2,1);
((((12,(13,(15,(16,(((((8,11),10),((19,(9,17)),20)),14),18))))),21),(3,(5,(4,(6,7))))),2,1);
(21,((((4,((((14,(18,(15,16))),(11,10)),((20,19),17)),(8,9))),12),(2,((3,(6,7)),5))),13),1);
(2,(((3,4),(6,7)),(21,((12,13),((20,17),(9,(((19,8),11),((5,10),(14,(15,(16,18)))))))))),1);
((4,21),(((3,2),(6,7)),((((20,17),(9,(((19,8),11),((5,10),(14,((15,16),18)))))),13),12)),1);
(2,((((13,12),((17,20),((8,11),(((9,10),(14,((15,16),18))),19)))),(5,(3,(4,(6,7))))),21),1);
(2,(((((((((10,5),(8,(14,((15,16),18)))),11),((17,20),9)),12),13),(19,(4,(6,7)))),3),21),1);
(2,((((12,13),3),(((4,6),7),(((((19,8),11),((10,5),9)),(14,((15,16),18))),(17,20)))),21),1);
((4,(3,2)),(((6,7),(12,(13,(((((19,8),11),(10,5)),(9,((15,16),(18,14)))),(17,20))))),21),1);
(2,(3,((6,((((9,(19,8)),11),((10,5),((15,14),(18,16)))),7)),((21,(((17,20),12),13)),4))),1);
(21,((13,(((17,20),(5,(((9,10),((11,8),19)),(((14,18),16),15)))),((4,(7,6)),(3,2)))),12),1);
(21,(((((6,4),7),(3,2)),12),(((17,20),(((8,9),(11,(19,((14,18),((16,15),5))))),10)),13)),1);
((21,((4,(7,6)),(((8,(11,((((9,17),20),((14,(19,15)),(18,16))),(5,10)))),(12,13)),3))),2,1);
((((21,(7,(4,6))),(3,(12,13))),(((19,11),((14,((15,16),18)),(5,10))),((17,20),(9,8)))),2,1);
(((((7,(4,6)),((3,12),13)),(9,(((((19,15),16),(18,14)),(11,(5,(8,10)))),(17,20)))),21),2,1);
(((4,21),((7,6),((12,3),((((((5,10),11),(14,((15,18),16))),8),(9,(19,(20,17)))),13)))),2,1);
((((13,(((((((19,8),10),9),((14,18),(16,15))),(5,11)),(20,17)),12)),(3,(7,6))),(4,21)),2,1);
((((((((18,14),((19,16),15)),((8,11),(5,10))),(9,(20,17))),(12,13)),(4,(7,6))),(3,21)),2,1);
(21,((4,((((5,17),20),(((10,((8,9),(((15,18),16),14))),11),19)),(2,(3,(6,7))))),(12,13)),1);
((21,(((((((8,19),(5,(11,9))),(10,(14,(18,(16,15))))),(17,20)),(6,7)),((4,12),13)),3)),2,1);
(21,((4,(3,(2,(6,7)))),((12,13),((17,20),(19,((((8,9),(10,5)),((16,15),(14,18))),11))))),1);
(2,(((3,13),(((6,7),4),(12,((9,(17,20)),((19,8),(5,((14,(18,(16,15))),(10,11)))))))),21),1);
(2,((((12,(((17,20),((5,10),(((8,11),(19,(14,(18,(16,15))))),9))),13)),((6,7),4)),3),21),1);
(2,(5,(3,(((6,7),4),(((21,13),12),((((17,(19,20)),9),(11,(10,((16,15),(14,18))))),8))))),1);
(21,((((2,(4,(7,6))),3),(13,12)),((17,20),(9,((10,11),((5,(16,((15,14),18))),(19,8)))))),1);
(2,(((3,((12,((13,(((10,((8,9),(11,19))),((14,18),(15,16))),(20,17))),5)),(6,7))),4),21),1);
(((4,21),((13,((((((18,16),(19,(14,15))),(8,9)),10),11),(20,17))),12)),((3,2),((7,6),5)),1);
(2,((((((((((10,(5,11)),(14,((15,16),18))),9),8),19),(20,17)),(7,6)),3),(21,(12,13))),4),1);
(2,((((((7,6),(((8,9),((10,(5,11)),((15,16),(18,14)))),(20,17))),(12,13)),3),(4,21)),19),1);
(2,(((12,13),(((((7,6),((8,9),(((5,10),11),((15,16),(18,14))))),4),(19,(20,17))),3)),21),1);
(2,((((((((8,(9,(20,17))),(11,(((15,16),(18,14)),(5,10)))),12),13),19),(7,(4,6))),3),21),1);
(2,((((((8,9),((((15,16),(18,14)),((5,10),11)),(20,17))),12),13),((6,((19,7),4)),3)),21),1);
(2,((4,(7,6)),(3,((12,(13,((20,17),((((5,10),11),(9,(14,((15,16),18)))),(19,8))))),21))),1);
((12,13),(21,((((20,17),(5,((19,10),(11,((8,9),(14,((15,16),18))))))),((2,(7,6)),3)),4)),1);
(21,(((2,((7,4),6)),3),(12,(((20,17),((16,(18,(14,15))),((5,11),(10,(19,(8,9)))))),13))),1);
(2,(((4,(7,6)),3),(21,(((((17,9),(20,8)),(((15,16),(14,18)),((11,19),(5,10)))),12),13))),1);
(2,((3,(((21,(12,13)),((17,20),((((15,16),(14,18)),(((8,11),10),9)),19))),(7,(4,6)))),5),1);
(21,((13,(4,12)),(((((((15,16),(14,18)),5),(((19,11),10),((17,20),(8,9)))),(7,6)),2),3)),1);
(2,((((((9,(19,(17,20))),((11,8),(((18,16),(15,14)),(5,10)))),(7,6)),(4,12)),(3,13)),21),1);
(2,((3,(12,13)),(((19,((4,7),6)),((17,20),(8,(((9,(14,(18,(16,15)))),(5,10)),11)))),21)),1);
(((((7,6),(13,(((17,20),((((14,(18,(16,15))),((5,10),(19,11))),8),9)),12))),3),(21,4)),2,1);
((((12,(7,(4,6))),((21,((17,20),((14,((((19,16),15),18),5)),(((9,10),8),11)))),13)),3),2,1);
(((((7,6),((13,(4,12)),21)),3),(((17,20),((((16,15),(18,14)),(5,10)),((19,8),11))),9)),2,1);
(12,((((7,6),2),3),((4,13),(21,((((10,((19,8),11)),((16,15),(18,14))),5),(9,(17,20)))))),1);
(2,((3,(4,(7,6))),((((14,((16,15),18)),((10,((19,5),11)),(8,9))),(17,20)),(21,(12,13)))),1);
((21,((4,((13,((6,7),((20,17),((10,(19,(5,11))),(((18,14),(15,16)),(8,9)))))),12)),3)),2,1);
(2,(3,((5,(6,7)),((4,21),(((19,(20,17)),(((18,14),(15,16)),((10,(8,9)),11))),(12,13))))),1);
(21,((13,((4,12),((20,17),(11,((16,(18,(14,(19,15)))),(10,(8,9))))))),((6,7),(3,(2,5)))),1);
(21,((((11,(((18,14),(15,16)),19)),10),((9,8),(20,17))),((((((5,6),7),(3,2)),4),13),12)),1);
(2,(((((12,(13,((20,17),(((10,(5,((18,14),(15,16)))),(8,(11,19))),9)))),21),(6,7)),3),4),1);
(2,(21,(((12,(13,(((5,10),((16,(18,(14,15))),((8,11),19))),(9,(20,17))))),(4,(6,7))),3)),1);
(2,(21,((((12,13),((((((5,10),(14,((15,16),18))),11),(8,9)),(19,(20,17))),(6,7))),3),4)),1);
(2,((21,(((13,(((11,(8,(14,((15,16),18)))),(19,(5,10))),(9,(20,17)))),12),(3,(6,7)))),4),1);
(2,((3,(4,(6,7))),((12,(((((19,8),11),((15,16),(18,14))),(5,10)),(9,(20,17)))),(13,21))),1);
(21,(((12,13),(((16,(18,(15,14))),(((8,9),(5,10)),11)),((20,17),19))),(4,((6,7),(2,3)))),1);
((21,(3,(((((((((19,11),((14,18),(15,16))),(10,5)),8),9),(20,17)),12),((7,6),4)),13))),2,1);
((4,21),(((3,(2,5)),(7,6)),(((20,17),(((15,(16,(((19,10),(9,11)),(14,18)))),8),13)),12)),1);
(2,(4,(3,((7,6),(21,(((20,17),(((5,10),((8,9),(19,11))),(14,((15,18),16)))),(12,13)))))),1);
(((3,2),(19,(7,6))),((4,21),((((9,((((18,14),(15,16)),(11,(5,10))),(20,17))),8),12),13)),1);
(2,(((6,(7,4)),(13,(21,(((8,(((18,(15,14)),16),((9,11),(5,10)))),(19,(20,17))),12)))),3),1);
(2,(((((((14,(((19,15),16),18)),(((20,17),(8,11)),(9,10))),(12,13)),(4,(6,7))),3),5),21),1);
(2,((5,(3,((6,7),(((9,(20,17)),((((19,15),16),(18,14)),(10,(8,11)))),(12,13))))),(4,21)),1);
(2,((6,(19,7)),(((12,3),13),(21,(4,((20,17),(((8,9),(5,11)),(10,(14,((15,16),18))))))))),1);
(21,((13,12),(4,((((((5,10),11),(16,(18,(14,15)))),((20,17),(8,9))),(2,(7,(6,19)))),3))),1);
(2,((((21,((13,12),19)),((20,17),((((8,9),11),10),((15,16),(18,14))))),((6,(7,4)),3)),5),1);
(2,(((7,6),(3,(21,(12,(((5,(((11,8),(19,((18,14),(16,15)))),(9,10))),(20,17)),13))))),4),1);
(2,((((((((15,18),14),16),(((8,9),(5,10)),(19,11))),(20,17)),(13,(21,12))),(3,(7,6))),4),1);
(2,(3,((7,6),(4,(((11,((19,(8,9)),((5,10),(((15,18),14),16)))),(20,17)),(21,(12,13)))))),1);
((4,21),(((2,3),(7,6)),((13,(((19,10),((((18,14),(15,16)),11),5)),((8,(20,17)),9))),12)),1);
(21,(((((2,3),(7,(4,6))),((10,((14,((15,16),18)),(19,(5,11)))),((20,17),9))),(13,12)),8),1);
(21,((((13,12),((((7,6),2),3),5)),((((8,(19,10)),((14,(15,18)),16)),11),(20,(17,9)))),4),1);
(21,(13,(((((((19,15),(18,14)),16),((8,11),(5,10))),(20,17)),(9,12)),((4,6),((2,3),7)))),1);
(2,(3,(((4,21),(12,13)),((((8,19),(((16,(15,18)),14),(11,(5,10)))),(9,(20,17))),(6,7)))),1);
(2,(3,(13,((12,((4,6),7)),((((((8,(5,10)),(14,(18,((19,16),15)))),9),11),(20,17)),21)))),1);
((((21,(13,(((((18,(14,15)),16),((19,11),((8,9),(5,10)))),(20,17)),12))),(4,(6,7))),3),2,1);
(21,((13,((((11,(5,10)),((19,(20,(9,17))),((18,14),(15,16)))),8),12)),((2,3),((4,7),6))),1);
(2,((4,(12,(21,(13,((20,17),(((15,14),(16,18)),(9,((11,((19,8),5)),10)))))))),(3,(7,6))),1);
(2,((((((20,17),((((15,14),(16,18)),(((8,9),(11,19)),10)),5)),13),3),(12,(7,(6,4)))),21),1);
(21,((12,((((8,(((((15,16),5),18),14),(10,(11,9)))),19),(20,17)),13)),((4,(7,6)),(2,3))),1);
(21,((13,(((8,11),((10,(16,(5,(14,(15,18))))),19)),(9,(20,17)))),(((7,(6,4)),(2,3)),12)),1);
(21,((((7,6),(2,3)),((20,17),(((5,(19,(8,11))),(9,10)),(14,(18,(15,16)))))),((12,13),4)),1);
((21,(((3,(12,(((20,17),((11,((19,(8,9)),(5,10))),((15,14),(18,16)))),13))),(7,6)),4)),2,1);
(((2,21),(5,(3,(12,(((20,17),((8,9),((10,(16,((15,14),18))),11))),13))))),((7,(6,4)),19),1);
(21,(((3,((7,6),2)),((((19,(20,17)),(((5,(14,18)),(15,16)),((9,(8,11)),10))),12),13)),4),1);
(21,(((3,((7,6),2)),(13,(12,(((17,20),19),(((5,11),(10,(9,((14,(18,15)),16)))),8))))),4),1);
(2,((3,((21,(12,13)),4)),((7,6),(19,((17,20),(((14,(15,18)),16),(((5,(8,11)),9),10)))))),1);
(((21,19),4),((12,13),(((2,(7,6)),3),(((17,20),(((14,18),(15,16)),(11,((8,9),10)))),5))),1);
((21,4),((12,13),((19,(((((14,18),(15,16)),10),(11,9)),8)),((17,20),((((7,5),6),3),2)))),1);
(2,((((4,(21,(12,13))),((10,(11,(16,(18,(14,15))))),((9,((17,20),8)),19))),(5,(7,6))),3),1);
(21,((((3,((9,((19,8),(11,(((15,16),(18,14)),(5,10))))),(17,20))),2),((7,6),4)),(12,13)),1);
(21,((2,(3,((6,7),4))),((((9,(((15,16),(18,14)),((5,10),((19,8),11)))),(17,20)),12),13)),1);
(21,((2,(3,((6,7),4))),((((((17,20),19),8),(((((15,16),(18,14)),(9,10)),5),11)),12),13)),1);
((4,(((13,(((9,(17,20)),(((5,10),((18,(15,16)),14)),(8,11))),19)),12),(2,(3,(6,7))))),21,1);
(2,((21,13),((3,12),(((((17,9),20),19),(((15,16),(14,18)),((8,11),(5,10)))),(6,(4,7))))),1);
(2,(((12,13),(21,(((19,17),20),(((((14,18),5),(15,16)),(11,(9,10))),8)))),(3,(6,(4,7)))),1);
(2,((((21,(12,13)),5),(3,((6,4),7))),((20,17),(((8,11),((19,9),10)),(14,(18,(15,16)))))),1);
((21,(12,(((9,(20,17)),(((8,19),11),(10,((14,(18,15)),16)))),13))),(3,(5,(2,(4,(7,6))))),1);
(21,((12,(((8,19),(14,((5,(15,16)),18))),(((9,(20,17)),11),10))),((((4,2),3),(7,6)),13)),1);
(((4,21),(((12,((20,17),(8,(9,(11,(10,(((15,16),18),(5,14)))))))),((7,6),13)),3)),(2,19),1);
((21,(((7,6),((4,12),(13,((20,17),((((15,16),18),14),((19,(5,11)),(10,(8,9)))))))),3)),2,1);
(21,(2,(3,(((13,((20,17),((((18,14),15),16),(9,(((5,(8,19)),11),10))))),12),(4,(7,6))))),1);
(2,((((4,((5,((17,(19,20)),(8,(((18,14),(15,16)),(11,(9,10)))))),(7,6))),(13,12)),21),3),1);
(21,((((((4,(7,6)),3),2),((17,20),(((((15,14),18),16),((5,((19,8),11)),10)),9))),13),12),1);
(2,((21,((3,(7,6)),((13,((17,20),(((14,16),(15,18)),(((19,(5,11)),(8,9)),10)))),12))),4),1);
(2,(((4,((21,12),13)),(((17,20),(((19,11),8),((5,10),(9,((15,14),(16,18)))))),(7,6))),3),1);
(21,((4,((2,(3,((17,20),((((11,(5,10)),((15,16),(18,14))),9),(8,19))))),(7,6))),(13,12)),1);
(21,((2,(3,(7,(4,6)))),((8,13),((((17,20),((14,(((19,15),16),18)),(11,(5,10)))),9),12))),1);
((4,21),((3,((2,7),6)),(13,((((5,10),(16,(18,(19,((17,20),(14,15)))))),((9,8),11)),12))),1);
(2,((3,((13,(((((18,14),(15,16)),((11,10),(9,(8,19)))),(17,20)),12)),((6,7),(4,21)))),5),1);
(21,((13,((2,(3,(19,(6,7)))),4)),((((9,8),((14,((15,16),18)),(11,10))),((20,17),5)),12)),1);
(((((8,(5,11)),(9,(10,((15,16),(18,14))))),(20,17)),(12,13)),((19,4),(21,(2,(3,(6,7))))),1);
(2,((3,(4,((19,6),7))),(((((5,11),(((20,17),(8,9)),(10,(14,(18,(15,16)))))),12),13),21)),1);
((4,21),(((2,(3,(6,7))),(((20,17),(9,(19,(10,((8,11),(5,((15,16),(14,18)))))))),12)),13),1);
((21,((3,(((20,17),((19,8),(11,(9,(10,(16,(((5,15),14),18))))))),13)),(12,((4,6),7)))),2,1);
((21,((3,((4,6),7)),((((20,17),((19,((5,10),((14,(18,(15,16))),(8,9)))),11)),13),12))),2,1);
((21,(12,(((((6,7),4),5),13),(((9,(19,(17,20))),((14,(18,(16,15))),(11,10))),8)))),(3,2),1);
(21,((((((10,((14,(18,(16,15))),(5,11))),19),((17,20),(9,8))),(3,(2,(6,7)))),13),(4,12)),1);
(2,(((13,(12,21)),((((5,(19,10)),((16,((14,15),18)),(8,11))),((17,20),9)),((4,7),6))),3),1);
(21,(((3,(2,(7,6))),13),(4,(((((14,18),(15,16)),((8,11),(5,(19,10)))),((17,20),9)),12))),1);
(21,((2,(((19,7),(4,6)),3)),(((((14,((18,15),5)),16),(11,10)),(8,((17,20),9))),(13,12))),1);
(2,(((4,(7,6)),((19,(13,(((17,20),((9,8),((14,(18,(15,16))),(11,(5,10))))),12))),3)),21),1);
(2,(((7,(6,4)),(((13,((17,20),(8,((((15,16),(14,18)),(9,(19,(5,10)))),11)))),12),3)),21),1);
(2,(((((17,20),21),12),13),(((19,(((((15,16),(14,18)),((8,9),10)),11),5)),(4,(6,7))),3)),1);
(2,((3,(6,7)),(((((17,20),12),((((14,(18,((19,15),16))),((8,9),10)),11),13)),(4,21)),5)),1);
(2,(((((12,13),((17,20),(9,(10,((8,(5,11)),((14,15),(19,(16,18)))))))),21),(3,(6,7))),4),1);
(((((9,(((14,((15,16),18)),((10,5),11)),8)),(17,(20,19))),12),(13,((3,2),((4,6),7)))),21,1);
((4,((12,(((10,(((15,16),(18,14)),(5,((19,8),11)))),(20,(9,17))),13)),((3,2),(6,7)))),21,1);
(((12,(((((19,8),11),((5,10),(14,(16,(15,18))))),(20,(9,17))),(4,13))),((3,2),(6,7))),21,1);
(((12,(((8,(((5,11),(10,(16,((15,18),14)))),(19,(20,17)))),9),13)),((3,2),(6,7))),(4,21),1);
(2,((((4,(19,6)),7),3),(21,(12,(((20,17),((8,(10,(((15,16),(18,14)),(5,11)))),9)),13)))),1);
((21,(((5,(((19,11),(10,(14,((15,16),18)))),(((17,20),9),8))),(13,(12,((4,6),7)))),3)),2,1);
((2,5),((4,(21,((12,((11,(10,((9,8),((14,(15,18)),16)))),((19,17),20))),(13,(6,7))))),3),1);
((4,(((6,7),(((9,(14,(((8,16),15),18))),((19,11),(5,10))),(17,20))),(3,2))),(12,(21,13)),1);
((5,2),((((6,7),(((13,12),(((14,((16,(19,15)),18)),(10,11)),(8,((17,20),9)))),3)),21),4),1);
(2,((((21,(13,12)),((17,20),(9,((5,10),(((19,8),11),((16,18),(15,14))))))),(3,(6,7))),4),1);
(2,(((((17,20),(((((((18,15),16),14),((19,(9,8)),10)),11),5),12)),13),((7,6),(4,21))),3),1);
((4,((7,6),((13,(((17,20),(((11,5),8),((14,(18,(16,15))),(19,(9,10))))),21)),12))),(3,2),1);
((((((7,6),(((10,(((11,19),5),((16,15),(14,18)))),8),((17,20),9))),21),((12,4),13)),3),2,1);
((((((11,(5,((16,((15,14),18)),(9,10)))),8),((17,20),19)),13),(((3,(4,(7,6))),21),12)),2,1);
((3,((((4,21),(12,13)),((9,(((5,10),(11,((15,16),(14,18)))),8)),((17,19),20))),(7,6))),2,1);
(21,((12,13),(((((14,(18,(5,(15,16)))),(10,11)),((8,9),19)),(17,20)),((2,7),(3,(6,4))))),1);
((2,3),((21,(((((17,20),9),(19,(8,((5,11),(((14,(18,15)),16),10))))),(12,13)),(7,6))),4),1);
((4,21),((((19,((11,(((14,18),(15,16)),((9,8),(5,10)))),13)),(17,20)),12),(2,(3,(7,6)))),1);
(2,((3,((12,(4,((14,((15,18),16)),(10,(9,((19,8),11)))))),13)),(((7,6),5),((17,20),21))),1);
(2,(((3,(7,6)),((21,(13,12)),(((8,9),(((5,10),((14,15),(18,16))),(11,19))),(17,20)))),4),1);
(2,((((7,(5,6)),(((8,9),(17,20)),(13,(12,(4,((14,((16,15),18)),(10,(19,11)))))))),3),21),1);
(2,(((7,6),((5,(((8,19),11),(((16,15),(18,14)),10))),((20,17),9))),((21,((13,12),4)),3)),1);
(2,(((21,(13,12)),((7,6),(((8,19),(11,(9,((16,((14,15),18)),(5,10))))),(20,17)))),(3,4)),1);
(21,((13,12),(((3,((7,6),4)),2),((((18,15),(16,14)),((11,(5,10)),(19,(8,9)))),(20,17)))),1);
((5,2),(3,((21,((4,(12,((((14,18),(15,16)),(10,((19,(20,17)),9))),(8,11)))),13)),(7,6))),1);
((4,21),((12,13),((((20,17),(((19,9),8),((((15,14),18),16),(11,(5,10))))),(7,6)),(3,2))),1);
(21,(((((20,17),((14,(18,(15,16))),((((9,8),19),11),(5,10)))),12),13),((7,(4,6)),(3,2))),1);
((5,2),((3,((((((20,17),(((15,16),(14,18)),((10,11),((9,8),19)))),13),12),(7,6)),21)),4),1);
((((4,7),6),((((20,17),((((5,19),8),11),((9,(14,(18,(15,16)))),10))),2),3)),((13,21),12),1);
((21,((((20,(17,19)),(11,(((16,(18,(14,15))),(8,9)),(5,10)))),((4,7),6)),(3,(12,13)))),2,1);
((4,2),(((13,(21,12)),(3,(7,6))),(((17,(20,19)),(8,9)),(10,((5,(14,(18,(16,15)))),11)))),1);
(2,((((7,(4,6)),(13,12)),(3,((((17,20),9),(((15,((18,16),19)),14),((8,11),10))),5))),21),1);
(21,(((2,3),(7,6)),(13,(4,(12,(((((15,14),(18,16)),((11,(5,10)),(9,8))),19),(17,20)))))),1);
(((21,(3,((((((19,(8,11)),((5,10),((16,((18,15),14)),9))),(17,20)),13),12),(7,6)))),4),2,1);
((21,(((((((8,11),((5,(19,10)),(14,((15,16),18)))),9),(17,20)),13),12),(((7,4),6),3))),2,1);
(((21,(((((((14,((15,16),18)),(((19,11),(5,10)),(8,9))),(17,20)),13),12),(7,6)),4)),3),2,1);
(((3,((7,4),6)),((12,21),((((8,(15,((16,18),14))),(((11,(5,10)),9),19)),(17,20)),13))),2,1);
(2,(((((12,(((((18,(15,16)),14),(((8,19),11),(9,(5,10)))),(17,20)),13)),(7,6)),3),21),4),1);
(2,((((12,((((((18,15),14),16),((((8,19),11),(9,10)),5)),(17,20)),13)),(7,(4,6))),3),21),1);
(2,(((3,(7,6)),(13,(12,((((((8,19),11),(5,10)),(9,(14,((15,16),18)))),(17,20)),21)))),4),1);
((21,(((((17,20),((19,8),((9,11),(((15,16),(18,14)),(5,10))))),((6,4),7)),(3,12)),13)),2,1);
((((3,21),(((14,(16,(15,18))),((((5,10),11),(((17,20),9),8)),19)),(6,7))),(12,13)),(4,2),1);
(21,(((13,((20,(9,17)),(((15,14),(16,18)),(10,(11,(8,19)))))),(12,(2,(((7,6),5),3)))),4),1);
((4,(21,(((20,(9,17)),((11,19),(((15,14),(16,18)),(8,(5,10))))),((7,6),((13,3),12))))),2,1);
((21,((5,((3,(20,17)),((7,6),((13,(((16,15),(14,18)),(((8,9),(19,10)),11))),12)))),4)),2,1);
(((21,(((19,(20,(9,17))),(((5,10),(11,((16,15),(14,18)))),8)),((3,13),(12,(7,6))))),4),2,1);
(13,((((7,6),(3,2)),4),((12,(((20,17),9),(((14,(19,15)),(18,16)),((5,(8,10)),11)))),21)),1);
(21,(((7,6),(3,2)),((4,12),(13,(((20,17),9),((5,10),((19,(8,11)),((18,16),(15,14)))))))),1);
(21,((((((7,19),(((20,17),((14,((16,15),18)),((8,11),(10,9)))),5)),(3,2)),6),(12,13)),4),1);
(21,((((2,(6,7)),3),((20,17),((14,((16,15),18)),((((19,8),9),11),(5,10))))),((4,12),13)),1);
(2,(21,(((12,(((20,17),(((14,18),(15,16)),(((19,(9,8)),(5,11)),10))),13)),(3,(6,7))),4)),1);
(2,((21,((12,13),(((20,17),((((19,8),(14,(15,(16,18)))),(11,(9,10))),5)),(6,(4,7))))),3),1);
(2,(21,(((13,(((5,(14,(18,(15,16)))),(10,(19,11))),((20,17),(9,8)))),12),((6,(4,7)),3))),1);
(2,((5,(((13,6),3),(12,(21,(7,((8,(((14,(18,(15,16))),((9,10),11)),19)),(20,17))))))),4),1);
(2,((4,((3,(6,7)),(5,(12,((13,(19,((20,17),(((14,16),(18,15)),((9,10),11))))),21))))),8),1);
(2,((((((8,(((16,((18,15),14)),11),(5,10))),9),(17,(20,19))),(3,((6,7),(12,13)))),21),4),1);
(2,((((4,(((7,6),3),5)),(12,13)),((9,(17,20)),((10,((19,8),11)),((14,18),(15,16))))),21),1);
(2,((((7,6),3),(12,(((17,20),(9,(((19,8),11),((14,(18,(15,16))),(5,10))))),13))),(4,21)),1);
(((((19,(17,20)),(8,(11,((9,(16,((14,15),(5,18)))),10)))),12),((2,((4,(7,6)),3)),13)),21,1);
(((2,((7,6),3)),4),(((13,((((18,(16,15)),14),((5,11),10)),((17,20),(9,8)))),(19,12)),21),1);
((((((20,17),((14,((15,(8,16)),18)),(9,(10,(19,(5,11)))))),(6,(4,7))),(3,(12,13))),21),2,1);
((((((((20,(9,17)),((8,(19,11)),(((18,16),(14,15)),(5,10)))),12),13),((6,7),4)),3),21),2,1);
(4,((21,13),((((20,17),(((16,15),(14,18)),(((5,10),(19,11)),(8,9)))),12),((6,7),(3,2)))),1);
(2,(((3,((((19,(20,17)),((14,(18,(16,15))),((5,10),11))),(8,9)),(12,13))),((4,6),7)),21),1);
((((((20,(17,5)),((9,(10,(8,11))),((16,(19,15)),(14,18)))),13),((2,3),(6,7))),(12,21)),4,1);
((19,2),(((4,(7,6)),3),((((9,(10,(5,(8,11)))),((15,14),(18,16))),(20,17)),((12,13),21))),1);
(21,((3,(5,(((7,(4,6)),(((8,11),(((14,((15,18),(19,16))),9),10)),(20,17))),2))),(12,13)),1);
((21,((((7,4),6),(((5,((11,((14,((15,18),16)),10)),9)),(19,8)),(20,17))),(3,(13,12)))),2,1);
((((7,(4,6)),21),(3,(13,(((8,(19,11)),(((9,(20,17)),(((15,14),(18,5)),16)),10)),12)))),2,1);
(21,((((((((18,16),(15,14)),(11,(19,(5,10)))),((20,17),(9,8))),12),13),(2,(3,(7,6)))),4),1);
(2,((21,(((4,(7,6)),(13,(5,((17,20),((15,14),((18,(16,19)),(9,((8,11),10)))))))),12)),3),1);
(2,((3,(7,6)),((13,(21,((((19,11),(10,(((14,18),(15,16)),5))),((17,20),(8,9))),12))),4)),1);
(2,((3,(7,6)),((((((((15,14),18),16),(11,10)),((19,(5,(17,20))),(8,9))),13),(4,12)),21)),1);
((((21,12),13),((((17,20),(((11,(5,10)),(9,((14,18),(15,16)))),(8,19))),2),(3,(7,6)))),4,1);
(2,(((((4,21),12),13),((7,6),((19,(17,20)),((14,((15,18),16)),((8,9),(11,(5,10))))))),3),1);
((((3,21),4),(12,(13,((7,6),((((19,9),17),20),(((14,((15,16),18)),((11,5),10)),8)))))),2,1);
((((21,((13,12),4)),((7,6),(((11,(10,(((14,(16,18)),15),(5,((17,20),9))))),8),19))),3),2,1);
(((((13,12),((4,((17,20),(((5,10),(14,((15,16),18))),(((19,8),9),11)))),(7,6))),3),21),2,1);
((((2,(3,(7,6))),(((17,20),((14,((15,16),18)),((19,(8,9)),(11,(5,10))))),(13,12))),21),4,1);
(2,((3,((((11,((9,(14,(15,(16,18)))),(5,10))),((17,20),19)),8),(4,(6,7)))),(21,(13,12))),1);
(((((7,(19,6)),(13,(12,((9,(((5,(8,11)),10),((18,16),(14,15)))),(20,17))))),3),(4,21)),2,1);
((2,(((7,(4,(5,6))),(13,(12,(((19,(8,9)),(11,(10,(14,(18,(16,15)))))),(20,17))))),21)),3,1);
(21,(((((7,(4,6)),2),3),13),((((14,(18,((19,16),15))),(5,((11,(8,9)),10))),(20,17)),12)),1);
(2,((((((((14,(16,((((5,11),((8,19),9)),10),(18,15)))),(20,17)),12),13),(7,6)),3),21),4),1);
(2,((((7,6),(((3,12),13),((((19,(9,8)),((5,10),11)),((14,18),(15,16))),(20,17)))),21),4),1);
(((3,((((20,17),(7,6)),(12,((11,((10,((14,18),(15,16))),(19,(9,8)))),13))),5)),(4,21)),2,1);
((((4,(7,6)),(2,3)),((((((20,17),9),8),((19,11),((5,10),(14,(18,(15,16)))))),13),12)),21,1);
(2,(3,(((21,((9,(((11,8),((5,10),(14,(18,(15,16))))),(19,(20,17)))),12)),13),(7,(4,6)))),1);
(2,(((7,6),(3,((((18,((15,16),14)),(((19,11),(5,(9,10))),8)),(20,17)),((12,13),21)))),4),1);
(2,((7,(4,6)),(3,(13,(21,(((((16,18),(15,14)),((9,((8,19),11)),(5,10))),(20,17)),12))))),1);
((((3,((13,((20,17),(((9,10),(16,(14,(18,15)))),((11,8),5)))),(((19,7),6),12))),21),4),2,1);
(((((((7,(4,6)),12),13),3),((20,(9,17)),((11,8),((19,(5,10)),((15,16),(14,18)))))),21),2,1);
(((((14,(18,((19,15),16))),((8,11),(5,10))),((20,17),9)),(((7,6),(((13,12),21),4)),3)),2,1);
(((((((20,17),9),(8,((11,((5,10),((18,(15,14)),16))),19))),((13,12),21)),4),(3,(7,6))),2,1);
((4,(3,(((13,(((19,(20,17)),((14,((15,16),18)),(11,((8,9),(5,10))))),12)),21),(7,6)))),2,1);
(21,(4,(13,(((3,(7,6)),2),(((20,17),((19,(8,11)),((5,10),(9,((15,16),(18,14)))))),12)))),1);
(21,((((3,(7,6)),2),(13,(((10,5),((9,(20,17)),((14,18),(15,16)))),((11,19),8)))),(12,4)),1);
(21,(((3,(7,6)),2),((12,4),(13,((8,((((10,5),((16,18),(15,14))),11),19)),(9,(20,17)))))),1);
(21,(((((3,4),2),(7,6)),(12,13)),((10,(((14,18),(15,16)),11)),((5,(19,(20,(9,17)))),8))),1);
(2,((13,((4,12),((7,6),((((19,10),(((20,17),9),((14,18),(15,16)))),(8,11)),5)))),(3,21)),1);
(21,(((((20,17),(((15,16),(18,14)),(((19,(9,8)),11),(5,10)))),13),(12,(((7,6),2),3))),4),1);
(2,((21,((((20,17),((14,((15,16),18)),(5,(10,(9,((8,19),11)))))),13),12)),(((4,7),6),3)),1);
(21,(((12,(13,4)),(((8,9),((11,(10,(((5,16),18),(15,14)))),(20,17))),(((7,6),3),2))),19),1);
(4,(21,(((19,((11,(9,(10,((14,(18,15)),16)))),8)),(((20,17),((7,6),5)),(3,2))),(12,13))),1);
(((((8,(11,(10,(5,((14,(18,15)),16))))),19),((20,17),9)),((7,6),(3,2))),((4,12),(21,13)),1);
((21,(((5,(19,((((14,18),(15,16)),(11,((8,9),10))),(20,17)))),((4,7),6)),((13,12),3))),2,1);
(((4,21),((7,6),(((((19,(11,((5,10),((14,18),(15,16))))),8),(9,(20,17))),(13,12)),3))),2,1);
(21,(((((2,5),(((7,(6,19)),4),3)),((20,17),((10,((14,(18,(15,16))),(11,8))),9))),13),12),1);
((((21,(((20,17),((11,(10,((15,16),(14,18)))),(8,9))),((13,12),(19,(4,(7,6)))))),3),5),2,1);
((2,(21,((13,12),(((20,17),((16,((15,14),18)),((19,((8,9),11)),(5,10)))),(4,(7,6)))))),3,1);
(2,(((7,6),(13,((((17,20),(((16,15),((19,14),18)),(9,((5,10),(8,11))))),12),3))),(4,21)),1);
(2,((((7,6),(13,(((17,20),(((16,15),(14,18)),((9,(19,8)),(10,(5,11))))),12))),3),(4,21)),1);
(((((3,(2,(7,6))),13),(((9,(17,(20,19))),((16,(15,(14,18))),(10,(5,(8,11))))),12)),21),4,1);
(((((((17,20),(((19,11),(8,9)),(10,(14,(16,(18,15)))))),12),(2,((5,(7,6)),3))),13),4),21,1);
(((4,(((7,6),(13,(12,((((19,(5,10)),(8,11)),(9,(17,20))),(14,(18,(15,16))))))),3)),21),2,1);
(((((3,((((8,9),(17,20)),(((14,15),(18,16)),((5,11),10))),(13,12))),4),(19,(7,6))),21),2,1);
((((2,((4,(6,7)),3)),(((17,20),((((5,11),((10,9),((14,18),(16,15)))),8),19)),13)),12),21,1);
(2,(((12,((17,20),((((14,18),((8,16),(19,15))),((11,5),10)),9))),((3,21),13)),((6,7),4)),1);
(2,(((13,3),((((17,20),((14,(((16,15),18),5)),((8,11),(9,(19,10))))),((6,7),12)),4)),21),1);
(21,((12,13),((7,(4,6)),(((17,20),((((14,((16,15),18)),((5,11),10)),(8,19)),9)),(2,3)))),1);
(2,(((((12,(13,((17,20),((14,(16,(15,18))),((10,(19,(5,(11,8)))),9))))),(6,7)),3),21),4),1);
(2,(((4,12),(13,(21,((20,(5,17)),(((14,18),(16,15)),(((19,10),(11,8)),9)))))),((6,7),3)),1);
((21,(12,(13,((((6,7),3),2),(5,((11,((19,10),(9,((20,17),(((15,14),18),16))))),8)))))),4,1);
((12,(13,(2,(((19,(6,7)),(((5,11),(10,(14,(18,(16,15))))),(8,((20,17),9)))),3)))),(4,21),1);
((((((5,2),(20,17)),3),(6,7)),(((19,(8,((9,(14,(18,(16,15)))),(11,10)))),12),13)),(4,21),1);
(((((19,6),7),(2,3)),4),(21,((((20,17),((((14,(18,(16,15))),9),8),(11,(5,10)))),13),12)),1);
((21,4),(((((2,3),(5,((19,6),7))),((20,17),(8,(11,((10,((16,15),(14,18))),9))))),13),12),1);
((21,4),(((((2,3),(6,7)),(9,((20,17),(((19,(5,10)),(14,(18,(16,15)))),(8,11))))),13),12),1);
(21,(((((2,3),(7,(4,6))),((20,17),(((16,15),(14,18)),(((19,(9,8)),11),(5,10))))),13),12),1);
(2,(5,((((20,17),((((10,19),(9,8)),11),(((16,15),18),14))),((13,(12,21)),4)),((7,6),3))),1);
((4,21),((((20,17),((9,((8,(5,11)),10)),(16,(18,((19,15),14))))),((3,2),(6,7))),(13,12)),1);
(21,(((3,2),(6,(4,(((8,11),((19,10),(((18,14),(15,16)),((20,(17,9)),5)))),7)))),(13,12)),1);
(2,((3,(((13,12),((20,17),((8,9),(11,((5,10),(((15,18),14),(19,16))))))),((7,6),4))),21),1);
((4,2),(((((7,3),13),(6,12)),(((((20,17),9),10),(((15,18),(5,14)),16)),(19,(8,11)))),21),1);
(2,(((4,3),(6,7)),(13,(12,(((20,17),((10,((9,8),((14,18),(15,16)))),(5,(11,19)))),21)))),1);
(2,((((5,3),(6,7)),(21,(12,(13,((((19,10),(((20,17),9),((14,(15,18)),16))),8),11))))),4),1);
(2,((4,((13,((((10,(((20,17),(19,9)),(14,(18,(15,16))))),(5,11)),8),12)),(3,(6,7)))),21),1);
(2,((((((11,10),((19,8),((15,16),(14,18)))),((5,(20,17)),9)),(12,13)),(3,(6,7))),(21,4)),1);
(2,((((21,((12,13),((((16,(5,(15,18))),14),((11,10),(19,8))),((20,17),9)))),(6,7)),3),4),1);
(2,(((((((16,((15,18),14)),(((19,8),11),(5,10))),((20,17),9)),12),(((6,7),4),13)),3),21),1);
(2,(3,(((13,(21,((((9,17),20),((8,11),((5,(19,10)),(14,((15,16),18))))),12))),4),(7,6))),1);
(2,(4,((((9,(17,20)),(((15,16),(18,14)),(11,(5,((8,19),10))))),(7,6)),(21,(3,(12,13))))),1);
(2,((3,(((10,(((8,9),(17,20)),((14,((15,16),18)),(11,19)))),(5,(7,6))),(12,13))),(4,21)),1);
(2,((((17,20),21),(3,((12,13),(((8,9),((((14,18),15),16),(11,5))),(19,10))))),(7,(4,6))),1);
(2,((((12,13),(4,((7,6),(((17,20),(((((16,18),((19,15),14)),9),10),(11,8))),5)))),3),21),1);
((((((7,6),2),3),(13,(12,((17,20),((((((15,16),(18,14)),5),(19,10)),(11,8)),9))))),4),21,1);
(2,((3,((7,6),((((19,(17,20)),(9,((((15,16),(18,14)),((5,10),11)),8))),(13,12)),21))),4),1);
(2,(((((13,12),((19,(8,11)),(((16,((15,18),14)),(5,10)),(9,(17,20))))),3),(7,6)),(4,21)),1);
((13,((((17,20),(19,(8,(((9,((14,18),(15,16))),(5,10)),11)))),12),(2,(3,(7,(4,6)))))),21,1);
(((((17,20),(((8,9),(5,((14,18),(15,16)))),(10,11))),13),(12,(2,(3,(19,(4,(6,7))))))),21,1);
(2,((((17,20),(((15,16),(14,18)),(((10,19),(8,9)),11))),5),((4,((21,12),13)),(3,(7,6)))),1);
(2,((((17,20),((14,(18,((19,15),16))),((10,(8,9)),(5,11)))),(13,(3,(((6,7),4),12)))),21),1);
(2,(3,((4,(6,7)),(21,(12,(13,((17,20),((11,(8,19)),((14,(18,(15,16))),((5,10),9))))))))),1);
(2,(((13,(3,12)),(((17,20),(((5,10),(11,((15,16),(14,18)))),((8,19),9))),(4,(6,7)))),21),1);
(2,((((6,7),(21,((((17,20),((16,(14,(15,18))),(((9,(5,10)),(19,11)),8))),13),12))),3),4),1);
(21,((13,(4,12)),(((3,2),(6,7)),((17,20),(9,((((19,11),(5,10)),(14,(18,(15,16)))),8))))),1);
((21,(3,((13,(((17,20),((11,(((18,(15,16)),14),(10,(5,19)))),(8,9))),12)),(4,(7,6))))),2,1);
(((((7,6),((17,20),(((8,19),11),(((9,(18,14)),(15,16)),(10,5))))),(3,(13,12))),(4,21)),2,1);
((((((7,6),(8,((10,(9,(14,((15,16),18)))),((5,11),19)))),4),(((13,12),21),(17,20))),3),2,1);
((((((((17,20),5),((8,9),(11,(10,((18,(15,16)),14))))),(4,(6,7))),((12,13),3)),19),21),2,1);
(2,(4,(21,((6,7),(((20,17),((9,8),(11,((5,10),((16,(18,(14,15))),19))))),(3,(13,12)))))),1);
(21,((5,(((((14,(18,(16,15))),((11,19),((((20,17),9),8),10))),2),3),(6,7))),((13,4),12)),1);
(2,(3,(((7,6),4),((((20,17),9),(((14,(16,(15,18))),(11,(5,10))),(19,8))),((13,12),21)))),1);
(((3,(((4,(7,6)),2),5)),((13,12),((20,17),(9,((14,(18,(16,15))),((19,(8,11)),10)))))),21,1);
((((2,3),(7,(19,6))),((13,(4,12)),((((((16,15),(18,14)),(5,10)),11),8),(9,(20,17))))),21,1);
(((((((((16,15),(18,14)),((10,(5,11)),9)),19),8),(20,17)),((4,(7,6)),(13,12))),(3,21)),2,1);
(((((7,((6,19),4)),(13,(((((14,((16,15),18)),(10,(5,11))),(20,17)),(9,8)),12))),3),21),2,1);
((((7,6),(13,(3,((4,12),((9,(20,17)),(10,((8,(5,11)),(14,((16,(19,15)),18))))))))),21),2,1);
((((13,12),(((7,(6,19)),((20,(17,9)),((14,((16,15),18)),((5,10),(8,11))))),3)),21),(4,2),1);
((((21,(13,12)),3),((4,(6,7)),((20,17),(((8,9),(10,(5,11))),(14,(((19,15),18),16)))))),2,1);
(2,((21,((4,(7,6)),(13,(12,(((10,((14,(18,(16,15))),(19,(5,11)))),8),(9,(17,20))))))),3),1);
(21,(((3,(4,(7,6))),(13,(12,(((5,10),((14,(18,(16,15))),((19,8),11))),((20,17),9))))),2),1);
(21,((3,((13,(4,6)),(12,(7,((14,(18,(16,(19,15)))),((((20,17),9),(8,11)),(5,10))))))),2),1);
(2,(((13,(((20,17),9),((10,((16,15),(14,18))),(((19,8),11),5)))),(21,12)),(3,(4,(7,6)))),1);
(2,((3,(4,((12,13),((7,6),((8,19),(((10,((20,17),(9,(14,((15,18),16))))),11),5)))))),21),1);
(21,(((13,19),(((9,8),(11,(10,((14,18),(16,15))))),(12,4))),((((20,17),2),3),((6,7),5))),1);
(21,((13,(12,4)),((9,((20,17),((5,(11,10)),((8,19),(14,(18,(16,15))))))),((2,3),(6,7)))),1);
(2,(((13,12),(((4,(7,6)),19),(21,((9,(8,(20,17))),((((15,14),(18,16)),(11,5)),10))))),3),1);
(((7,6),((((((9,(20,17)),(8,(19,(11,(10,(14,(18,(16,15)))))))),12),21),4),13)),((5,3),2),1);
((21,(((12,(((9,(20,17)),((14,((18,16),15)),((19,(5,11)),(8,10)))),13)),(6,(7,4))),3)),2,1);
(2,((3,((6,7),((21,(13,12)),((20,17),(((19,(8,9)),(11,(5,10))),(14,(16,(15,18)))))))),4),1);
(((((9,(20,17)),((8,11),(10,(14,(18,(16,(19,15))))))),21),(13,(12,4))),(5,((3,2),(6,7))),1);
((4,21),((13,(((9,(20,17)),(((14,18),((16,15),19)),((5,(8,11)),10))),12)),((3,(6,7)),2)),1);
(2,(((((13,((20,17),((14,18),((16,15),(9,((11,(19,8)),(5,10))))))),12),21),(3,4)),(6,7)),1);
(((21,(3,((4,(7,6)),(12,13)))),((20,17),((14,(18,(16,15))),(((5,10),(8,9)),(11,19))))),2,1);
((13,((19,((20,17),((8,9),((10,11),((16,(5,15)),(14,18)))))),12)),((4,21),(((7,6),2),3)),1);
(21,(((((((20,17),((19,(5,11)),((((16,15),(14,18)),(8,9)),10))),(7,6)),2),3),13),(12,4)),1);
(((4,21),((((((20,17),((8,(19,11)),(((16,((15,14),18)),9),(5,10)))),(7,6)),13),12),3)),2,1);
((4,21),(((((3,2),(7,6)),12),13),(8,(((16,(15,(18,14))),(10,(5,11))),(9,((20,19),17))))),1);
(2,(4,((((7,6),((((((18,14),(16,15)),(19,(11,((8,9),(10,5))))),(20,17)),13),12)),3),21)),1);
((21,((((20,17),((9,((5,10),(8,11))),(16,(((19,15),18),14)))),12),13)),((2,((4,6),7)),3),1);
(2,((((((20,((8,9),17)),((((15,16),(14,18)),(19,11)),10)),(5,(6,7))),(3,(12,13))),21),4),1);
(2,(((((6,7),4),(((20,17),(9,((((15,(8,16)),(14,18)),11),(5,(19,10))))),(12,13))),21),3),1);
((4,((21,((((19,11),(10,(5,((15,16),(14,18))))),((20,17),(8,9))),(12,13))),((6,7),3))),2,1);
((4,21),((12,13),(((6,7),3),((((14,(18,((8,15),16))),((((5,11),10),19),9)),(20,17)),2))),1);
((4,21),((((8,(11,19)),(((5,10),(14,(18,(15,16)))),9)),(20,17)),((((2,(7,6)),3),12),13)),1);
(2,(((((13,21),12),4),((((10,(((14,(18,(15,16))),(19,8)),11)),(9,(20,17))),7),6)),(3,5)),1);
(2,(((13,(((((11,((15,16),(14,18))),(5,10)),(9,(19,(20,17)))),8),12)),(3,(7,(4,6)))),21),1);
((4,(2,(3,(7,6)))),((13,(21,(20,17))),(((((19,8),9),11),(5,(10,((15,16),(14,18))))),12)),1);
(21,((20,17),((2,(3,(7,6))),(13,(4,(12,((8,9),(((5,10),(11,19)),(((16,15),18),14)))))))),1);
(21,(((((((14,(18,(15,16))),10),(19,((5,8),11))),9),12),13),((4,(7,6)),((2,(17,20)),3))),1);
((21,(((13,((((((8,9),(16,(18,(14,(19,15))))),11),(5,10)),(17,20)),12)),(7,(4,6))),3)),2,1);
((21,((((17,20),(19,(((10,(8,9)),((16,(18,15)),14)),11))),5),(12,(((7,(4,6)),3),13)))),2,1);
(((21,(((5,(17,20)),((16,((14,15),18)),(11,((19,10),(8,9))))),(12,((4,(6,7)),13)))),3),2,1);
(((13,(12,21)),(((17,20),((((8,9),(((19,15),16),(14,18))),(5,11)),10)),(3,((6,7),4)))),2,1);
(((21,(((4,(13,((9,(17,20)),((19,((14,(18,(15,16))),((5,10),11))),8)))),12),3)),(6,7)),2,1);
(((3,2),5),(21,((13,12),(((17,20),((14,((18,16),15)),(((19,9),10),(8,11)))),((7,6),4)))),1);
(2,(21,(((((13,((19,11),((((18,16),(15,14)),(8,((17,20),9))),(5,10)))),12),(7,6)),3),4)),1);
(2,(((4,(7,6)),21),(3,(((13,(((18,(15,16)),14),((9,(5,10)),((8,19),11)))),12),(17,20)))),1);
(21,(4,((13,(2,((7,6),3))),((((19,(17,20)),9),(((18,16),(14,15)),(10,(11,(5,8))))),12))),1);
(2,(((3,((8,(((((9,(20,17)),(5,10)),(14,(18,(15,16)))),19),11)),13)),((12,4),(7,6))),21),1);
(((((12,((20,17),(((5,10),(((15,16),(14,18)),((8,19),11))),9))),(7,6)),13),(4,21)),(2,3),1);
((12,((((((5,(19,11)),(10,(14,(18,(15,16))))),8),(9,(20,17))),((2,3),((4,7),6))),13)),21,1);
((12,(21,13)),((3,(((((16,((15,18),14)),((8,(11,19)),10)),(9,(20,17))),((4,7),6)),5)),2),1);
(((((((((8,9),(19,10)),11),((16,18),(14,15))),(20,17)),((3,((7,5),6)),2)),13),12),(21,4),1);
(((4,(13,((((10,(8,19)),(11,((14,18),(15,16)))),(9,(20,17))),12))),(5,(2,((7,6),3)))),21,1);
(2,(((21,((((10,((19,(5,11)),8)),((14,18),(15,16))),9),(7,6))),(13,(3,((20,17),12)))),4),1);
(2,((12,(13,(((3,((((9,(5,(8,10))),(19,11)),((14,(18,15)),16)),(20,17))),4),(7,6)))),21),1);
(2,((3,(4,(7,6))),((13,(((((5,10),11),(((14,18),(15,16)),(20,17))),(8,19)),(9,12))),21)),1);
((21,4),((((20,17),(19,((10,((5,11),(14,(18,(15,16))))),(9,8)))),(13,12)),((3,2),(7,6))),1);
