((((((11,((5,9),10)),((17,20),((16,(14,18)),15))),(6,(8,7))),(12,13)),(3,2)),21,1);
((((((11,7),((17,20),(((16,15),18),14))),(10,6)),(13,12)),((9,3),2)),((5,8),21),1);
((2,((((11,7),((17,20),(((16,15),18),14))),(10,6)),(13,12))),((8,21),((3,9),5)),1);
(((8,2),((3,9),5)),(((((11,7),((17,20),(((16,18),14),15))),(10,6)),(13,12)),21),1);
(((((11,7),((17,20),((16,(15,18)),14))),(10,6)),(13,12)),((8,21),(2,((3,9),5))),1);
((((((11,7),((17,20),(15,(14,(16,18))))),(10,6)),(13,12)),(((3,9),5),(8,21))),2,1);
((((((11,7),((17,20),(15,(14,(16,18))))),(10,6)),(13,12)),2),((8,(5,(9,3))),21),1);
((2,(8,(5,(9,3)))),(21,((((11,7),((17,20),(15,(14,(16,18))))),(10,6)),(13,12))),1);
(((((11,7),((17,20),(15,(14,(16,18))))),(10,6)),(13,12)),(((5,(9,3)),(2,8)),21),1);
(((((11,7),((17,20),(14,(16,(15,18))))),(10,6)),(13,12)),(((5,(9,3)),2),(8,21)),1);
(((8,(9,(5,3))),21),(2,((6,((10,7),(11,((17,20),(14,(18,(15,16))))))),(12,13))),1);
((((10,7),((6,11),((17,20),((14,(18,16)),15)))),(12,13)),((2,8),(21,(5,(9,3)))),1);
((((10,7),((6,11),((17,20),((14,(18,16)),15)))),(12,13)),((8,21),(2,((3,9),5))),1);
((2,(9,((5,8),3))),((((10,7),((6,11),((17,20),((14,(18,16)),15)))),(12,13)),21),1);
((((10,7),((6,11),((17,20),((14,(18,16)),15)))),(12,13)),(21,((8,2),(5,(3,9)))),1);
((((10,7),((6,11),((17,20),(14,(18,(15,16)))))),(12,13)),(21,((8,2),(5,(3,9)))),1);
((((7,(5,10)),((6,11),((17,20),(14,(18,(15,16)))))),(12,13)),(21,((8,2),(3,9))),1);
((2,(((7,10),((6,11),((17,20),(14,(18,(15,16)))))),((8,12),13))),(21,((3,9),5)),1);
(((8,2),(((7,10),((6,11),((17,20),(14,(18,(15,16)))))),(12,13))),(21,((3,9),5)),1);
(((6,(7,10)),(11,((17,20),(14,(18,(15,16)))))),(13,(12,(21,(((5,(8,3)),9),2)))),1);
((5,((12,((((11,((((16,18),14),15),(17,20))),10),7),6)),13)),(((9,3),21),(2,8)),1);
(((((7,11),((((16,15),18),14),(17,20))),(10,6)),(13,12)),(21,(((9,3),5),(2,8))),1);
(((((7,11),((((16,18),14),15),(17,20))),(10,6)),(13,12)),(21,((((8,5),9),3),2)),1);
(((((7,11),((((16,18),14),15),(17,20))),(10,6)),(13,12)),((8,21),(((9,3),5),2)),1);
(((((7,11),((((16,18),14),15),(17,20))),(10,6)),(13,12)),(21,(((9,3),5),(2,8))),1);
((((8,(3,5)),9),2),(((((7,11),((((16,18),14),15),(17,20))),(10,6)),(13,12)),21),1);
(((5,(9,3)),(8,2)),(((((7,11),((((16,18),14),15),(17,20))),(10,6)),(13,12)),21),1);
((13,(12,(((7,11),((((16,18),14),15),(17,20))),(10,6)))),(21,(((3,9),5),(8,2))),1);
(((((7,11),((((15,16),18),14),(17,20))),(10,6)),(13,12)),(21,(((3,9),5),(8,2))),1);
(((8,2),((((7,11),(((16,(18,14)),15),(17,20))),(10,6)),(13,12))),(21,((3,9),5)),1);
(((8,2),(21,((9,3),5))),((13,12),((10,6),(((17,20),(14,(15,(16,18)))),(7,11)))),1);
((21,((8,2),((3,9),5))),((13,12),((10,6),(((17,20),(14,(15,(16,18)))),(7,11)))),1);
((21,(2,(8,((3,9),5)))),((13,12),((10,6),(((17,20),(15,(16,(14,18)))),(7,11)))),1);
((2,(9,(5,(8,3)))),(((13,12),((10,6),(((17,20),((15,(16,18)),14)),(7,11)))),21),1);
((2,((3,(5,9)),8)),(((13,12),((10,6),(((17,20),(15,((16,14),18))),(7,11)))),21),1);
((2,((13,12),((10,6),(((17,20),((15,(16,18)),14)),(7,11))))),(21,((5,(9,3)),8)),1);
(((13,12),((10,6),(((17,20),((15,(16,18)),14)),(7,11)))),((8,21),(2,((3,9),5))),1);
(((13,12),((10,6),(((17,20),((15,(16,18)),14)),(7,11)))),((21,((3,9),5)),(8,2)),1);
((2,((13,12),((10,6),(((17,20),(15,((16,14),18))),(7,11))))),(21,(5,(8,(3,9)))),1);
(((10,6),(((17,20),((15,(16,18)),14)),(7,11))),((21,((5,(9,2)),(8,3))),(13,12)),1);
(((12,13),(6,(7,((11,(9,10)),((17,20),((18,(16,15)),14)))))),((3,21),((5,8),2)),1);
(((21,3),(2,(12,(13,(5,((9,6),(7,((11,10),((17,20),((18,(16,14)),15)))))))))),8,1);
((((10,6),((7,11),((17,20),((18,(16,14)),15)))),(12,13)),(21,((8,2),(9,(5,3)))),1);
(((10,6),((7,11),((17,20),(((18,16),15),14)))),(((2,((9,(5,3)),(8,21))),12),13),1);
(((10,6),((7,11),((17,20),(((18,16),15),14)))),(((((8,2),(9,3)),(13,5)),12),21),1);
(((8,21),(5,(9,3))),(2,(13,(12,((10,6),((7,11),((17,20),(((18,16),15),14))))))),1);
((21,((8,2),((3,9),5))),((13,12),((10,6),((7,11),((17,20),(((14,18),16),15))))),1);
((21,(2,((3,9),5))),((13,(8,12)),((10,6),((7,11),((17,20),(((14,18),16),15))))),1);
(((13,12),((10,6),((7,11),((17,20),(((18,16),15),14))))),(((8,21),((3,9),5)),2),1);
((21,((13,12),((10,6),((7,11),((17,20),(((14,18),16),15)))))),((3,(5,9)),(8,2)),1);
((21,(2,((9,(5,8)),3))),((13,12),((((17,20),(15,((16,18),14))),(7,(10,11))),6)),1);
(21,((2,((5,(8,3)),9)),((13,12),(((((17,20),(14,(16,(15,18)))),11),6),(10,7)))),1);
((2,(8,(5,(3,9)))),(((13,12),((((17,20),(15,((14,18),16))),(11,6)),(10,7))),21),1);
(13,(((10,7),(6,(((17,20),((15,(18,16)),14)),11))),((21,(((3,9),5),(2,8))),12)),1);
((21,(((3,9),5),(2,8))),((13,12),((10,7),(((17,20),((15,(18,16)),14)),(11,6)))),1);
((((10,7),(((17,20),(15,((14,18),16))),11)),6),(13,((21,(((3,9),5),(2,8))),12)),1);
((21,(((3,9),5),(2,8))),((((10,7),(((17,20),(15,((14,18),16))),11)),6),(13,12)),1);
((21,(((3,9),5),2)),((((10,7),(((17,20),(15,((14,18),16))),11)),6),(13,(8,12))),1);
(13,((((8,21),(((9,3),5),2)),12),((((17,20),(15,((14,18),16))),(7,11)),(6,10))),1);
((21,((5,(8,(9,3))),2)),((13,12),((((17,20),(15,((14,18),16))),(7,11)),(6,10))),1);
((((2,(8,3)),5),21),(12,(((7,(((20,17),(15,(14,(16,18)))),(10,11))),(9,6)),13)),1);
(((7,((9,(((20,17),(15,(14,(16,18)))),11)),10)),6),(13,(((((8,3),21),2),12),5)),1);
(((7,((5,((((20,17),(15,(14,(16,18)))),11),10)),9)),(8,6)),(13,(((3,21),2),12)),1);
(((((((20,17),((14,(16,15)),18)),11),(7,10)),6),(13,((21,(2,(5,(9,3)))),12))),8,1);
((((7,10),(6,(((20,17),(((14,16),18),15)),11))),(13,12)),((8,21),(2,((3,9),5))),1);
((((7,10),(6,(((20,17),(((16,18),15),14)),11))),((3,(5,21)),(13,12))),(2,(8,9)),1);
(((2,((8,9),5)),(3,21)),(13,(12,((7,10),(6,(((20,17),((16,(14,18)),15)),11))))),1);
((12,(((7,10),(((20,17),((16,(14,18)),15)),(11,6))),13)),(((5,(9,3)),(8,21)),2),1);
((((((20,17),(((16,18),15),14)),(11,7)),(10,6)),(13,(((3,(5,21)),(9,2)),12))),8,1);
(((5,(3,9)),(8,2)),((((((20,17),(((16,18),15),14)),(11,7)),(10,6)),(13,12)),21),1);
((((7,10),(6,(11,((17,20),(14,(16,(15,18))))))),(12,13)),((2,((8,(3,5)),9)),21),1);
((((7,10),(((17,20),(15,(16,(14,18)))),(6,11))),(12,13)),((2,(8,(3,(5,9)))),21),1);
((((7,10),(((17,20),(15,(14,(18,16)))),(6,11))),(12,13)),(((5,(9,3)),(2,8)),21),1);
(((((7,10),(((17,20),(15,(14,(18,16)))),11)),6),13),((((5,(9,3)),2),(8,21)),12),1);
((21,(8,(5,(9,3)))),(2,(12,(((((17,20),(14,(18,(15,16)))),(11,7)),(10,6)),13))),1);
((21,(5,(9,3))),((2,8),(((((17,20),(14,(18,(15,16)))),(11,7)),(10,6)),(13,12))),1);
(((8,21),(2,((3,9),5))),(((((17,20),((14,(18,16)),15)),(11,7)),(10,6)),(13,12)),1);
((21,((8,2),((3,9),5))),(((((17,20),((14,(18,16)),15)),(11,7)),(10,6)),(13,12)),1);
((21,((8,2),((3,9),5))),(((((17,20),(14,((15,18),16))),(11,7)),(10,6)),(13,12)),1);
(((8,21),(2,((3,9),5))),(((((17,20),(14,(15,(18,16)))),(11,7)),(10,6)),(13,12)),1);
(((13,12),((10,6),(((20,17),(15,(14,(18,16)))),(7,11)))),((21,8),(3,((5,2),9))),1);
(((13,12),((10,6),(((20,17),(15,(14,(18,16)))),(7,11)))),(21,((2,8),(5,(9,3)))),1);
(((13,12),((10,6),(((20,17),(14,(15,(18,16)))),(7,11)))),(((8,21),((9,3),5)),2),1);
(((13,12),((10,6),(((20,17),(15,((14,18),16))),(7,11)))),(21,(2,(9,((5,8),3)))),1);
(((13,12),(((7,10),6),(((20,17),((15,(18,16)),14)),11))),(21,((8,2),(5,(3,9)))),1);
((2,((13,12),((7,10),(((20,17),((15,(18,16)),14)),(6,11))))),((8,21),((3,9),5)),1);
(((13,12),((7,10),((((20,17),((15,(18,16)),14)),11),6))),(21,(3,((8,(2,9)),5))),1);
(((13,12),((6,10),(((20,17),((15,(18,16)),14)),(7,11)))),(21,((8,3),((2,9),5))),1);
((2,(9,5)),(((13,12),((6,10),(((20,17),((15,(18,16)),14)),(7,11)))),((8,3),21)),1);
((13,(12,((6,10),(((20,17),((15,(18,16)),14)),(7,11))))),((2,(((5,9),3),8)),21),1);
(21,((2,(5,(9,3))),(((6,(7,8)),((11,(((16,18),((20,17),14)),15)),10)),(13,12))),1);
((2,(5,((9,3),8))),((((11,(7,((((16,15),18),14),(20,17)))),(6,10)),(13,12)),21),1);
((((11,(7,((((16,15),18),14),(20,17)))),(6,10)),(13,12)),(21,(((5,9),3),(2,8))),1);
((((11,(7,((((16,15),18),14),(20,17)))),(6,10)),(13,12)),(21,(((5,9),3),(2,8))),1);
((((((((16,18),14),15),(20,17)),(11,7)),(6,10)),(13,12)),(21,((5,(9,3)),(2,8))),1);
((((((((16,18),14),15),(20,17)),(11,7)),(6,10)),(13,12)),(21,((5,(9,3)),(2,8))),1);
((((((((16,18),14),15),(20,17)),(11,7)),(6,10)),(13,12)),(2,((8,21),(5,(9,3)))),1);
(21,((2,(8,(9,(5,3)))),(((((((16,18),14),15),(20,17)),(11,7)),(6,10)),(13,12))),1);
(((((((((16,18),14),15),(20,17)),(11,7)),(6,10)),(13,12)),(21,(((3,9),5),2))),8,1);
((((((((16,18),14),15),(20,17)),(11,7)),(6,10)),(13,12)),(21,(((3,9),5),(8,2))),1);
(((((8,6),((7,10),(((20,17),(14,(15,(18,16)))),11))),(13,12)),(2,(5,(9,3)))),21,1);
((((10,6),(7,(((20,17),(14,(15,(18,16)))),11))),(13,12)),(((8,2),((3,9),5)),21),1);
((((10,6),(((20,17),(14,(15,(18,16)))),(11,7))),(13,12)),(((8,2),((3,9),5)),21),1);
((((10,6),(((20,17),(14,(15,(18,16)))),(11,7))),(13,12)),(((8,2),((3,9),5)),21),1);
((((10,6),(((20,17),(15,(14,(18,16)))),(11,7))),(13,12)),((2,((8,(9,3)),5)),21),1);
((((10,6),(((20,17),(14,((15,18),16))),(11,7))),(13,12)),(((2,8),((9,3),5)),21),1);
(((10,6),(((20,17),(15,((14,16),18))),(11,7))),(13,(12,((2,((3,9),5)),(8,21)))),1);
(((2,((3,9),5)),(8,21)),((((10,6),(((20,17),(15,((14,16),18))),(11,7))),13),12),1);
((((3,9),5),(8,21)),(2,(((10,6),(((20,17),((15,(16,18)),14)),(11,7))),(13,12))),1);
((21,((3,9),5)),((8,2),(((10,6),(((20,17),((15,(16,18)),14)),(11,7))),(13,12))),1);
((2,(3,21)),(((5,7),(8,6)),(13,(12,(((((18,(16,14)),15),(17,20)),(9,11)),10)))),1);
((2,(3,(5,21))),((7,(6,((((18,(16,((17,20),14))),15),((8,9),11)),10))),(13,12)),1);
(((8,2),(3,(5,21))),((12,13),(7,(6,(((((16,(14,18)),15),(17,20)),(9,11)),10)))),1);
((21,((((3,9),8),2),5)),(((6,(((((16,18),15),14),(17,20)),11)),(10,7)),(12,13)),1);
(21,(((5,(3,9)),(8,2)),(((((((16,18),15),14),(17,20)),(11,6)),(10,7)),(12,13))),1);
((((3,9),5),21),((8,2),(((((((16,14),18),15),(17,20)),(11,6)),(10,7)),(12,13))),1);
((21,(((3,9),5),(2,8))),(((((((16,14),18),15),(17,20)),(11,6)),(10,7)),(12,13)),1);
((21,((((3,9),8),5),2)),(((((((16,14),18),15),(17,20)),(11,6)),(10,7)),(12,13)),1);
((21,(((9,8),5),3)),((13,2),(((((((16,14),18),15),(17,20)),(11,6)),(10,7)),12)),1);
((21,(2,((3,(5,9)),8))),(13,(((((((16,14),18),15),(17,20)),(11,6)),(10,7)),12)),1);
(((13,12),(((5,((10,((((15,(14,16)),18),(20,17)),11)),9)),(8,7)),6)),((3,21),2),1);
(((13,12),((((15,((14,16),18)),(20,17)),(11,6)),(10,7))),(21,(((8,(9,3)),5),2)),1);
(((13,12),((((15,((14,16),18)),(20,17)),(11,6)),(10,7))),((2,8),(((5,9),3),21)),1);
(((((15,((14,16),18)),(20,17)),(11,6)),(10,7)),((((2,8),(5,(9,3))),21),(13,12)),1);
(((13,12),(((((15,(16,18)),14),(20,17)),(11,6)),(10,7))),((2,((3,9),5)),(8,21)),1);
(21,(((13,12),(((((15,(16,18)),14),(20,17)),(11,6)),(10,7))),(2,(8,((3,9),5)))),1);
(((13,12),(((((15,(16,18)),14),(20,17)),(11,6)),(10,7))),((2,(5,(8,(3,9)))),21),1);
(((8,2),((13,12),((((15,((16,14),18)),(20,17)),(11,6)),(10,7)))),((5,(9,3)),21),1);
(((13,12),((((15,((16,14),18)),(20,17)),(11,6)),(10,7))),((3,((5,(2,9)),8)),21),1);
(((8,2),(9,(3,5))),(21,((13,12),((((15,((16,14),18)),(20,17)),(11,6)),(10,7)))),1);
((13,(((6,(9,(10,(11,((17,20),(14,(15,(16,18)))))))),7),8)),(12,(21,(2,(3,5)))),1);
((2,((6,((10,(11,((17,20),(14,(15,(16,18)))))),(7,9))),(13,12))),(((5,8),3),21),1);
(21,(((7,((10,(11,(((16,18),((17,20),14)),15))),6)),(13,12)),((9,(5,3)),(2,8))),1);
((((5,(3,9)),(2,8)),21),((13,((10,7),((6,((17,20),(15,(16,(14,18))))),11))),12),1);
((((5,((3,9),8)),2),21),(((10,7),((6,((17,20),((15,(16,18)),14))),11)),(12,13)),1);
((((5,(9,3)),(8,2)),21),(((10,7),((6,((17,20),((15,(16,18)),14))),11)),(12,13)),1);
((((5,(9,3)),(8,2)),21),(((7,(((17,20),((15,(16,18)),14)),11)),(10,6)),(12,13)),1);
(21,(((((10,7),(((17,20),((15,(16,18)),14)),11)),6),(12,13)),(((3,9),5),(8,2))),1);
(21,((((10,7),(((17,20),(15,(16,(14,18)))),(6,11))),(12,13)),(((3,9),5),(8,2))),1);
(((((10,7),(((17,20),(15,((14,18),16))),(6,11))),(12,13)),((((3,9),5),2),21)),8,1);
(((((6,((((14,(20,17)),((16,18),15)),((8,9),11)),10)),7),(12,13)),5),((3,21),2),1);
((((6,(((((20,17),((14,(16,18)),15)),11),10),9)),7),(12,13)),((3,(5,21)),(8,2)),1);
((((7,10),(6,(((20,17),(14,((15,18),16))),11))),(12,13)),((((5,(9,3)),8),21),2),1);
(((8,2),(((7,10),(6,(((20,17),(14,((15,18),16))),11))),(13,12))),((5,(9,3)),21),1);
(((8,2),(((7,10),(6,(((20,17),(14,((15,18),16))),11))),(13,12))),((5,(9,3)),21),1);
(((2,(((7,10),(((20,17),(14,(18,(16,15)))),(11,6))),(13,12))),(((3,9),5),21)),8,1);
(((7,10),(((20,17),(14,(18,(16,15)))),(11,6))),((((8,2),((3,9),5)),21),(13,12)),1);
(((13,12),((7,10),(((20,17),(14,(18,(16,15)))),(11,6)))),((2,(8,((3,9),5))),21),1);
(((13,12),((7,10),(((20,17),(14,(18,(16,15)))),(11,6)))),((2,(8,((3,9),5))),21),1);
((21,(((13,12),((7,10),(((20,17),(14,(15,(18,16)))),(11,6)))),(2,((9,3),5)))),8,1);
((12,((2,13),((10,((15,((18,(14,16)),(17,20))),11)),(6,7)))),(((8,(5,9)),3),21),1);
(((12,(13,((9,(10,(((((14,16),15),18),(17,20)),11))),(6,7)))),5),((8,2),(3,21)),1);
(((((9,(10,(((((16,15),18),14),(17,20)),11))),(6,7)),5),((12,13),21)),(3,(2,8)),1);
((((5,(8,9)),3),21),(((12,13),((7,10),(((((15,16),18),14),(17,20)),(6,11)))),2),1);
((21,(2,((8,(3,9)),5))),((12,13),((((((16,18),14),15),(17,20)),(11,7)),(10,6))),1);
((21,((2,8),(3,(5,9)))),((12,13),(((((16,(15,18)),14),(17,20)),(11,7)),(10,6))),1);
((21,((5,(2,8)),(3,9))),((12,13),((((((16,18),14),15),(17,20)),(11,7)),(10,6))),1);
((21,((2,8),(5,(9,3)))),((12,13),((((((16,18),14),15),(17,20)),(11,7)),(10,6))),1);
((21,((2,8),(5,(9,3)))),((12,13),((((((16,18),14),15),(17,20)),(11,7)),(10,6))),1);
((21,((2,8),(5,(9,3)))),((12,13),(((((16,(15,18)),14),(17,20)),(11,7)),(10,6))),1);
(((((10,((11,((20,(8,17)),(((16,18),14),15))),9)),(6,7)),(13,12)),5),((3,21),2),1);
(((((6,10),(11,((20,17),(((15,16),18),14)))),((8,9),7)),(13,12)),((21,(3,5)),2),1);
(((((6,10),(11,((20,17),(((15,16),18),14)))),7),(13,12)),(21,(5,((9,(8,3)),2))),1);
((21,(((6,10),(7,(11,((20,17),(((14,16),18),15))))),(13,12))),((9,3),(2,(5,8))),1);
((((5,(8,(3,9))),2),(((6,10),(((20,17),(((14,16),18),15)),(7,11))),(13,12))),21,1);
(((5,(9,3)),(2,8)),((((6,10),(((20,17),(((14,16),18),15)),(7,11))),(13,12)),21),1);
((((6,10),(((20,17),(((16,18),15),14)),(7,11))),(13,12)),((8,21),(((3,9),5),2)),1);
((((6,10),(((20,17),((16,(14,18)),15)),(7,11))),(13,12)),(21,((8,((3,9),5)),2)),1);
((((5,3),9),(8,2)),((((6,10),(((20,17),((16,(14,18)),15)),(7,11))),(13,12)),21),1);
((((6,10),(((20,17),((16,(14,18)),15)),(7,11))),(13,12)),((8,21),((5,(3,9)),2)),1);
((2,(3,21)),((((8,(20,17)),((15,(16,(14,18))),(11,((5,9),10)))),(7,6)),(13,12)),1);
((((((((15,(16,(14,18))),(20,17)),11),((8,9),(5,10))),(7,6)),(13,12)),(3,21)),2,1);
(((((5,(((((15,(14,(18,16))),(20,17)),11),10),(3,9))),(6,(8,7))),(13,12)),21),2,1);
(((2,(((((14,(18,(16,15))),(20,17)),11),10),(3,9))),(7,((5,6),8))),((13,12),21),1);
(((((((14,(18,(16,15))),(20,17)),11),10),(3,9)),((7,(6,8)),(13,12))),(2,(21,5)),1);
((((6,(8,7)),(13,12)),5),((2,21),(((((14,(18,(16,15))),(20,17)),11),10),(3,9))),1);
((21,((((((14,(18,16)),15),(20,17)),11),10),(3,9))),(((7,((5,6),8)),(13,12)),2),1);
((9,2),((21,(((((14,((15,16),18)),(20,17)),11),10),3)),((7,((8,6),5)),(13,12))),1);
((6,(7,8)),((13,(12,5)),((21,(((((14,((15,16),18)),(20,17)),11),10),3)),(9,2))),1);
(21,(((9,2),(10,(3,(((14,((15,16),18)),(20,17)),11)))),((13,12),(6,(5,(7,8))))),1);
((13,((12,((((14,(18,(15,16))),(20,17)),11),10)),(((5,8),6),(9,7)))),(21,(2,3)),1);
((5,(13,((6,((((((14,(18,(15,16))),(20,17)),11),10),9),7)),12))),(2,((8,3),21)),1);
((((8,7),(6,((((((14,(18,16)),15),(20,17)),11),10),9))),(12,13)),(2,(5,(3,21))),1);
((3,21),((((7,(((((15,((18,(14,(20,17))),16)),11),10),9),(6,5))),(12,8)),13),2),1);
(((3,21),((((7,((((((15,((18,14),16)),(20,17)),11),10),9),(6,5))),12),13),2)),8,1);
((21,(2,(5,(8,(9,3))))),(((((7,11),(((15,(18,16)),14),(20,17))),(10,6)),12),13),1);
(((8,21),((3,9),5)),(2,((((7,11),(((15,(18,16)),14),(20,17))),(10,6)),(12,13))),1);
((21,((3,9),5)),((8,2),((((7,11),(((15,(18,16)),14),(20,17))),(10,6)),(12,13))),1);
((((7,11),((15,((14,18),16)),(20,17))),(10,6)),((12,13),(21,(8,(((3,9),5),2)))),1);
(((((7,11),((15,((14,18),16)),(20,17))),(10,6)),(12,13)),(21,(((5,(8,3)),9),2)),1);
((2,((12,13),(6,(((11,((15,(16,(18,14))),(20,17))),10),(7,9))))),(21,((8,3),5)),1);
(((13,((((((11,(((15,(16,18)),14),(20,17))),10),9),6),7),12)),5),(21,(2,(8,3))),1);
(((13,(((((15,(16,18)),14),(20,17)),(7,11)),(10,6))),12),((8,(5,(3,9))),(21,2)),1);
((5,21),(((12,(((10,(11,((((15,16),18),14),(20,17)))),7),6)),13),((9,3),(8,2))),1);
(((((((((14,16),18),15),(20,17)),11),7),(10,6)),(13,12)),(((5,(9,3)),2),(8,21)),1);
(((((((14,16),18),15),(20,17)),(11,7)),(10,6)),((13,12),((((3,9),5),(8,2)),21)),1);
((8,2),((((3,9),5),21),(((((((16,18),15),14),(20,17)),(11,7)),(10,6)),(13,12))),1);
(((((((14,(16,18)),15),(20,17)),(11,7)),(10,6)),(13,12)),(2,((8,((3,9),5)),21)),1);
(((((((14,(16,18)),15),(20,17)),(11,7)),(10,6)),(13,12)),((2,(((3,9),5),8)),21),1);
((((((14,((16,15),18)),(20,17)),(11,7)),(10,6)),(13,12)),((((3,9),5),(8,2)),21),1);
(((3,2),((((6,7),((11,(((20,17),(9,5)),10)),((14,(18,16)),15))),8),(12,13))),21,1);
(((((9,7),((11,10),((((20,17),14),(18,16)),15))),6),(12,13)),((21,(8,3)),(5,2)),1);
((5,(3,9)),(21,((8,2),((12,(((((14,(18,16)),15),(20,17)),(11,7)),(10,6))),13))),1);
(21,(((12,((((14,((15,18),16)),(20,17)),(11,7)),(10,6))),13),(2,(8,(5,(3,9))))),1);
(((12,((((15,((16,18),14)),(20,17)),(11,7)),(10,6))),13),(21,((8,2),((9,3),5))),1);
((((((15,((16,18),14)),(20,17)),(11,7)),(10,6)),(13,12)),(21,(2,((5,(8,3)),9))),1);
((((((15,((16,18),14)),(20,17)),(11,7)),(10,6)),(13,12)),(21,((5,(9,3)),(2,8))),1);
(((((15,((16,18),14)),(20,17)),(11,7)),(10,6)),((13,12),(21,(((3,9),5),(2,8)))),1);
((((3,9),5),(2,8)),(((((((16,(15,18)),14),(20,17)),(11,7)),(10,6)),(13,12)),21),1);
((13,(12,(((((16,(15,18)),14),(20,17)),(11,7)),(10,6)))),(21,(((3,9),5),(2,8))),1);
((((11,6),(((20,(8,17)),9),(14,(18,(16,15))))),(10,7)),((12,13),((5,21),(3,2))),1);
((2,((8,(9,(5,3))),((13,12),((((7,11),((20,17),(((18,14),16),15))),10),6)))),21,1);
((21,((13,(8,12)),((7,10),(6,(11,((20,17),(((18,16),15),14))))))),((5,2),(9,3)),1);
(((13,12),((7,10),(6,(11,((20,17),(((14,18),16),15)))))),((21,(8,2)),((5,9),3)),1);
(((13,12),((7,10),(((20,17),(((14,18),16),15)),(6,11)))),(21,((5,(9,3)),(8,2))),1);
(((13,12),((7,10),(((20,17),(((14,18),16),15)),(6,11)))),(21,(((8,(9,3)),5),2)),1);
(((13,12),((7,10),(((20,17),(((18,16),15),14)),(6,11)))),((8,21),((5,(9,2)),3)),1);
(((13,12),((7,10),(((20,17),(((18,16),15),14)),(6,11)))),(21,((3,(5,9)),(8,2))),1);
(((13,12),((7,10),(((20,17),(((18,16),15),14)),(6,11)))),(((8,3),21),((5,9),2)),1);
((((13,12),((7,10),(((20,17),(((18,16),15),14)),(6,11)))),(21,((5,(3,9)),2))),8,1);
((5,(6,(7,((10,9),(((20,17),(15,(14,(16,18)))),11))))),(((2,((8,3),21)),12),13),1);
((2,(3,(21,8))),(13,(12,(6,(5,(7,((10,9),(((14,(20,17)),(15,(16,18))),11))))))),1);
((2,(21,(8,3))),(13,(12,(6,(5,(7,((10,((20,17),9)),(((15,(16,18)),14),11))))))),1);
((21,(3,2)),(((8,6),((10,(((20,17),(15,(16,(18,14)))),11)),(9,7))),(5,(13,12))),1);
((21,(3,2)),(13,(12,((10,((((20,17),(15,(16,(18,14)))),11),7)),((5,(9,8)),6)))),1);
((21,((9,3),(8,(5,2)))),(((10,((((20,17),(16,(18,(15,14)))),11),7)),6),(13,12)),1);
((((10,(((20,17),((16,(18,15)),14)),11)),6),7),(13,((5,(21,((9,3),(8,2)))),12)),1);
((21,((8,(9,3)),2)),(((12,5),13),(((((20,17),((15,(16,18)),14)),11),6),(10,7))),1);
((21,(5,(9,3))),((8,2),((12,13),(((((20,17),(15,((16,14),18))),11),6),(10,7)))),1);
((21,(3,(5,((9,2),8)))),((12,13),(((((20,17),((15,(16,18)),14)),11),6),(10,7))),1);
((((6,7),(((10,(9,(5,8))),11),((20,17),(14,((15,18),16))))),(13,12)),(2,(3,21)),1);
(((6,((11,((20,17),(((14,16),15),18))),(10,7))),(13,12)),(21,(2,(((9,3),5),8))),1);
((((6,11),((20,17),(15,((16,14),18)))),(10,7)),(13,((21,((8,2),((9,3),5))),12)),1);
((((6,11),((20,17),(15,((16,14),18)))),(10,7)),(13,((21,((8,2),((9,3),5))),12)),1);
(((8,21),((5,(9,3)),2)),(12,((((6,11),((20,17),(15,((16,14),18)))),(10,7)),13)),1);
((21,(((3,9),5),(8,2))),((((6,11),((20,17),(15,((16,14),18)))),(10,7)),(13,12)),1);
((((6,11),((20,17),((15,(16,18)),14))),(10,7)),(13,((21,(((5,(8,3)),9),2)),12)),1);
(21,(((((9,3),5),8),2),(12,((((6,11),((20,17),(15,(16,(14,18))))),(10,7)),13))),1);
((((8,12),13),(((11,((20,17),(15,((14,18),16)))),(10,7)),6)),(21,(((3,9),5),2)),1);
(((12,13),(((6,11),((20,17),(15,((14,18),16)))),(10,7))),((8,21),(((3,9),5),2)),1);
((((((18,((20,17),14)),16),15),(11,(9,(10,5)))),(7,6)),((13,12),(21,((8,3),2))),1);
((((8,2),21),(5,3)),((13,12),(((((((15,16),14),18),(20,17)),(11,10)),9),(7,6))),1);
(((21,(8,3)),(5,(9,2))),((12,(((11,6),((((16,14),18),15),(20,17))),(10,7))),13),1);
((21,(5,(9,3))),(2,((((11,6),((((16,18),15),14),(20,17))),(10,7)),(13,(8,12)))),1);
((21,((3,9),5)),((8,2),((((11,(((16,(14,18)),15),(20,17))),(10,7)),6),(13,12))),1);
((((((((16,18),15),14),(20,17)),(7,11)),(10,6)),(13,12)),(21,((((3,9),5),8),2)),1);
((2,((((((16,(14,18)),15),(20,17)),(7,11)),(10,6)),(13,12))),(21,(((9,3),5),8)),1);
(((21,(9,((3,8),5))),2),(((((((16,18),15),14),(20,17)),(7,11)),(10,6)),(12,13)),1);
((((9,(5,(3,8))),2),((((((16,(14,18)),15),(20,17)),(7,11)),(10,6)),(12,13))),21,1);
((13,((((((16,(14,18)),15),(20,17)),(7,11)),(10,6)),12)),(21,((9,((3,8),5)),2)),1);
((8,2),(((((7,10),(11,(((9,17),20),((18,(16,14)),15)))),6),(13,12)),(3,(5,21))),1);
(((2,((8,3),5)),21),(((7,(11,(((9,17),20),(((18,16),15),14)))),(10,6)),(13,12)),1);
((((3,5),21),2),(((7,(10,(11,(((20,17),9),(14,(16,(18,15))))))),(8,6)),(13,12)),1);
(((21,2),(8,(9,(5,3)))),(12,(((7,10),(6,(11,((20,17),(14,(16,(18,15))))))),13)),1);
((21,(5,(9,3))),((2,8),(((7,10),(((20,17),(14,(16,(18,15)))),(6,11))),(13,12))),1);
((((7,10),(((20,17),(((16,14),18),15)),(6,11))),(13,12)),(21,((5,(9,3)),(2,8))),1);
((((7,10),(((20,17),(((16,14),18),15)),(6,11))),(13,12)),(21,((5,(9,3)),(2,8))),1);
((((3,9),5),2),((((7,10),(((20,17),(((16,14),18),15)),(6,11))),(13,(8,12))),21),1);
(((8,21),(((3,9),5),2)),(((7,10),(((20,17),(((16,14),18),15)),(6,11))),(13,12)),1);
(((8,21),((3,9),5)),(2,(((7,10),(((20,17),(((16,14),18),15)),(6,11))),(13,12))),1);
((2,(9,3)),((((10,6),(((20,17),(14,(18,(16,15)))),(11,7))),(13,12)),((5,8),21)),1);
((((10,6),(((20,17),(14,(18,(16,15)))),(11,7))),(13,12)),(21,((((2,8),5),9),3)),1);
((((10,6),(((20,17),((14,(18,16)),15)),(11,7))),(13,12)),((8,21),(2,(5,(9,3)))),1);
((((10,6),(((20,17),(14,(18,(15,16)))),(11,7))),(13,12)),(21,((8,2),(5,(9,3)))),1);
(((8,2),(((10,6),(((20,17),(14,(18,(15,16)))),(11,7))),(13,12))),(21,((3,9),5)),1);
((21,((8,2),(3,(5,9)))),((6,(((((20,17),((14,(18,16)),15)),11),10),7)),(13,12)),1);
((21,((2,8),(5,(9,3)))),(((((20,17),((14,(18,16)),15)),(7,11)),(10,6)),(13,12)),1);
(((8,21),(2,((3,9),5))),(((((20,17),((14,(18,16)),15)),(7,11)),(10,6)),(13,12)),1);
((21,(2,(8,((3,9),5)))),(((((20,17),(14,((15,18),16))),(7,11)),(10,6)),(13,12)),1);
((21,(3,(2,(9,5)))),(((((20,17),(14,((15,18),16))),(7,11)),(10,6)),((8,13),12)),1);
((((6,10),(11,(((15,(18,16)),14),(20,17)))),(7,9)),(13,(((8,2),12),(3,(21,5)))),1);
((((8,2),((9,3),5)),21),(((((11,((15,((14,18),16)),(20,17))),(7,10)),6),13),12),1);
(((8,2),(((7,10),(6,(11,((15,((14,18),16)),(20,17))))),(13,12))),(((3,9),5),21),1);
(((2,8),(((7,10),(6,(11,((15,((14,18),16)),(20,17))))),(13,12))),((5,(9,3)),21),1);
((2,(((7,10),(6,(11,(((15,(18,16)),14),(20,17))))),(13,12))),((8,(5,(9,3))),21),1);
(((7,10),(((15,((14,18),16)),(20,17)),(6,11))),((13,12),((2,(8,((9,3),5))),21)),1);
(((7,10),(((15,((14,18),16)),(20,17)),(6,11))),((13,12),((2,(8,((9,3),5))),21)),1);
((2,(((7,10),(((15,((14,18),16)),(20,17)),(6,11))),(13,12))),((((9,3),5),21),8),1);
((2,(((7,10),(((15,((14,18),16)),(20,17)),(6,11))),(13,12))),(((8,5),(9,3)),21),1);
((((5,(9,3)),(8,2)),21),(((7,10),(((15,((14,18),16)),(20,17)),(6,11))),(13,12)),1);
((((8,2),13),(12,((7,6),((15,((16,18),14)),(11,((5,9),10)))))),((20,17),(3,21)),1);
(2,(((12,13),((7,6),((((20,17),15),((16,18),14)),(11,((5,9),10))))),((8,3),21)),1);
(((12,13),((7,6),(((15,((16,18),((20,17),14))),(11,9)),10))),(((3,(8,2)),21),5),1);
(((12,13),(((10,7),6),((((16,(15,18)),14),(20,17)),11))),(((9,3),((8,2),5)),21),1);
(((12,13),((10,7),((((15,((16,14),18)),(20,17)),6),11))),(((5,(3,9)),(8,2)),21),1);
((((12,13),((10,7),((((15,((16,14),18)),(20,17)),6),11))),(((5,(9,3)),2),21)),8,1);
(((10,7),(((((15,(16,18)),14),(20,17)),6),11)),(((((8,(5,(9,3))),2),21),12),13),1);
(((10,7),(((((15,(16,18)),14),(20,17)),6),11)),((((((5,2),9),(3,8)),21),12),13),1);
((((8,2),((3,9),5)),21),(12,(13,((((15,((16,14),18)),(20,17)),(11,7)),(10,6)))),1);
((((9,((2,8),5)),3),21),((((((15,(16,18)),14),(20,17)),(11,7)),(10,6)),(12,13)),1);
((((((((15,18),14),16),(17,20)),(10,11)),(((9,5),6),(8,7))),(12,13)),(2,(21,3)),1);
(((((((14,(16,(18,15))),((8,17),20)),(10,11)),(6,7)),(12,13)),((9,3),(2,5))),21,1);
(((((5,(3,9)),2),21),(((((16,(15,18)),14),(20,17)),((6,10),(7,11))),(12,13))),8,1);
(((8,(5,(3,9))),2),(21,(((((16,(15,18)),14),(20,17)),((6,10),(7,11))),(12,13))),1);
((((6,10),((((16,(15,18)),14),(20,17)),(11,7))),(12,13)),((((3,9),5),2),(8,21)),1);
((((6,10),((((16,(15,18)),14),(20,17)),(11,7))),(12,13)),(((8,(5,(3,9))),2),21),1);
((((6,10),((((16,(15,18)),14),(20,17)),(11,7))),(12,13)),(((5,(3,9)),(8,2)),21),1);
((((6,10),((((16,(15,18)),14),(20,17)),(11,7))),(12,13)),(((8,(3,(5,9))),2),21),1);
((((6,10),(((15,(14,(16,18))),(20,17)),(11,7))),(12,13)),(((5,(9,3)),(2,8)),21),1);
(((6,10),(((15,(14,(16,18))),(20,17)),(11,7))),((12,13),((((3,9),5),(2,8)),21)),1);
(((3,8),2),(((12,13),((((((14,((18,16),15)),(17,20)),11),6),10),(5,(9,7)))),21),1);
(((8,2),((12,13),((((((((14,18),16),15),(17,20)),11),10),7),(9,6)))),(3,(21,5)),1);
((21,5),(((8,(9,3)),2),((12,13),((((((18,16),15),14),(17,20)),(7,11)),(10,6)))),1);
((((8,3),((2,9),5)),21),((12,13),((((((14,18),16),15),(17,20)),(7,11)),(10,6))),1);
(((((((18,16),15),14),(17,20)),(7,11)),(10,6)),(((((8,((3,5),9)),2),21),12),13),1);
((((5,(9,3)),(2,8)),21),(12,(13,((((((14,16),18),15),(17,20)),(7,11)),(10,6)))),1);
((((5,(9,3)),(2,8)),21),(((((((14,16),18),15),(17,20)),(7,11)),(10,6)),(12,13)),1);
((((5,(9,3)),(2,8)),21),(((((((14,16),18),15),(17,20)),(7,11)),(10,6)),(12,13)),1);
((((5,(9,3)),(2,8)),21),(((((((14,16),18),15),(17,20)),(7,11)),(10,6)),(12,13)),1);
((13,(12,((((3,9),5),(2,8)),21))),((((((14,16),18),15),(17,20)),(7,11)),(10,6)),1);
(((12,13),(((((9,5),10),11),((16,(18,15)),((20,17),14))),(7,(8,6)))),(2,(3,21)),1);
((3,21),((12,(13,(((((8,(9,5)),10),11),((20,17),(14,(16,(18,15))))),(6,7)))),2),1);
((9,(2,(8,5))),((3,21),(12,(13,(((11,7),(((18,(16,15)),14),(20,17))),(10,6))))),1);
(((((11,7),(((18,(16,15)),14),(20,17))),(10,6)),(12,13)),(((8,3),(9,(2,5))),21),1);
((2,(5,(3,9))),((8,21),((((11,7),(((18,(16,15)),14),(20,17))),(10,6)),(12,13))),1);
(((8,2),(21,(5,(3,9)))),((((11,7),(((18,(16,15)),14),(20,17))),(10,6)),(12,13)),1);
((((11,7),(((18,(16,15)),14),(20,17))),(10,6)),((12,13),(21,((8,2),((3,9),5)))),1);
(((8,2),((3,9),5)),(((((11,7),(((18,(16,15)),14),(20,17))),(10,6)),(12,13)),21),1);
(((((11,7),(((18,(16,15)),14),(20,17))),(10,6)),((8,12),13)),(21,(2,((3,9),5))),1);
(((((11,7),(((18,(16,15)),14),(20,17))),(10,6)),((8,12),13)),(21,(2,((3,9),5))),1);
((3,(21,5)),(((13,12),(((11,(9,10)),((8,(17,20)),(((15,18),16),14))),(6,7))),2),1);
(((13,12),(((11,((8,9),10)),((17,20),((14,(18,16)),15))),(6,7))),(21,(5,(2,3))),1);
(((21,(2,((8,3),5))),(13,12)),((((11,((17,20),((14,(18,16)),15))),10),(7,9)),6),1);
(5,((21,((((8,7),(6,((11,((17,20),((14,(18,16)),15))),10))),(13,12)),2)),(9,3)),1);
(((((8,7),(6,((11,((17,20),((14,(18,16)),15))),10))),(13,12)),2),((5,(9,3)),21),1);
((((7,(6,((11,((17,20),((14,(18,16)),15))),10))),(13,12)),(8,2)),((9,3),(5,21)),1);
((((10,7),(11,(((17,20),(14,((15,16),18))),6))),(13,12)),(((8,2),(5,(9,3))),21),1);
((((10,7),(((17,20),((14,(16,18)),15)),(6,11))),(13,12)),(((8,2),(5,(9,3))),21),1);
((((10,7),(((17,20),((14,(16,18)),15)),(6,11))),(13,12)),(((8,2),(5,(9,3))),21),1);
((((10,7),(((17,20),((14,(16,18)),15)),(6,11))),(13,12)),(((8,2),(5,(9,3))),21),1);
((3,21),(2,(12,(13,((6,((5,9),(((15,(14,(18,16))),(17,20)),(11,10)))),(8,7))))),1);
((((((15,(14,(18,16))),(17,20)),(11,10)),(6,9)),7),((12,(((8,3),21),(5,2))),13),1);
(((3,21),(5,(2,8))),((13,((((((15,(14,(18,16))),(17,20)),(11,10)),9),7),6)),12),1);
((((((((15,(14,(18,16))),(17,20)),(11,10)),9),7),6),(12,13)),(((3,21),(2,8)),5),1);
(((12,(13,(((((14,(16,(18,15))),(17,20)),(11,10)),7),6))),(2,(9,(5,(8,3))))),21,1);
((12,(13,((((((18,15),16),14),(17,20)),(11,7)),(10,6)))),(((8,2),(9,(5,3))),21),1);
((13,((((((18,15),16),14),(17,20)),(11,7)),(10,6))),((((9,(5,(8,3))),21),12),2),1);
(((2,(5,(9,3))),(8,21)),(12,(13,((((((18,16),15),14),(17,20)),(11,7)),(10,6)))),1);
(((2,(5,(9,3))),(8,21)),(12,(13,((((((18,16),15),14),(17,20)),(11,7)),(10,6)))),1);
(((8,2),((9,3),5)),(21,(12,(13,((((((14,16),18),15),(17,20)),(11,7)),(10,6))))),1);
((((10,9),11),((20,17),(((14,18),15),16))),((6,7),((13,12),(2,(((5,8),3),21)))),1);
((((8,2),3),21),((((7,(((((20,17),9),11),(((16,18),14),15)),10)),6),5),(13,12)),1);
(((2,((8,3),5)),21),(((7,(((11,((20,17),(((16,18),14),15))),10),9)),6),(13,12)),1);
((((8,3),(9,2)),21),(((((20,17),((16,(14,18)),15)),(7,11)),(10,6)),(13,(5,12))),1);
((((8,((3,9),5)),2),21),(((((20,17),(((16,18),15),14)),(7,11)),(10,6)),(13,12)),1);
(((((3,9),5),(2,8)),21),(((((20,17),((16,(14,18)),15)),(7,11)),(10,6)),(13,12)),1);
(((((3,9),5),2),(8,21)),(((((20,17),((16,(14,18)),15)),(7,11)),(10,6)),(13,12)),1);
(((((3,9),5),(8,2)),21),(((((20,17),((16,(14,18)),15)),(7,11)),(10,6)),(13,12)),1);
(((((3,9),5),(8,2)),21),(((((20,17),((16,(14,18)),15)),(7,11)),(10,6)),(13,12)),1);
(((((3,9),5),2),(8,21)),(((((20,17),(((16,18),15),14)),(7,11)),(10,6)),(13,12)),1);
(((7,10),((11,((15,(18,(14,16))),(20,17))),6)),(((8,2),(21,(9,3))),(13,(12,5))),1);
(((8,21),(2,((3,9),5))),((13,12),(6,((7,10),(11,((15,(14,(16,18))),(20,17)))))),1);
(((2,21),(8,((3,9),5))),((13,12),(6,((7,10),(11,((15,(14,(16,18))),(20,17)))))),1);
((21,(((9,3),5),8)),(2,((13,12),((7,10),((6,11),((14,(16,(15,18))),(20,17)))))),1);
(((2,(((3,9),5),8)),((13,12),((7,10),((6,11),((14,(16,(15,18))),(20,17)))))),21,1);
(((13,12),((7,10),((6,11),((14,(15,(18,16))),(20,17))))),(21,((((5,8),3),9),2)),1);
(((13,12),((6,(7,10)),(11,((14,(15,(18,16))),(20,17))))),(21,(((3,9),5),(2,8))),1);
(((13,12),((7,10),((6,11),((14,(15,(18,16))),(20,17))))),(21,((8,((9,3),5)),2)),1);
(((8,21),((13,12),((7,10),((6,11),((15,((14,18),16)),(20,17)))))),(((3,9),5),2),1);
((21,((5,((3,9),8)),2)),(((7,10),((6,11),((15,((14,18),16)),(20,17)))),(12,13)),1);
((21,3),((13,(12,((7,((5,8),6)),((20,17),(((9,10),11),(14,((15,16),18))))))),2),1);
((21,((6,((11,((20,17),((14,(16,18)),15))),(7,10))),(13,12))),((2,(8,(9,3))),5),1);
(((8,21),(((7,10),(6,(11,((20,17),((14,(16,18)),15))))),(13,12))),(2,((5,9),3)),1);
(((2,(8,((5,9),3))),(((7,10),(6,(11,((20,17),((14,(16,18)),15))))),(13,12))),21,1);
((((7,10),(((20,17),(14,(16,(15,18)))),(6,11))),(13,12)),(21,((5,(9,3)),(2,8))),1);
(((5,(9,3)),(2,8)),((((7,10),(((20,17),(15,((16,14),18))),(6,11))),(13,12)),21),1);
((((7,10),(((20,17),(15,((16,14),18))),(6,11))),(13,12)),((8,21),(((3,9),5),2)),1);
(((7,10),(((20,17),(15,((16,14),18))),(6,11))),((13,12),(21,(((3,9),5),(8,2)))),1);
(((13,12),((7,10),(((20,17),(15,((16,14),18))),(6,11)))),(21,((5,(9,3)),(8,2))),1);
(((13,12),((((20,17),(15,((16,14),18))),(11,7)),(10,6))),(21,(((5,(8,3)),9),2)),1);
((21,((12,13),((((11,((17,20),((16,(18,14)),15))),(9,5)),10),(7,(8,6))))),(3,2),1);
(((7,(10,(11,((17,20),((16,(18,14)),15))))),((9,6),5)),((12,(((8,3),2),21)),13),1);
(((8,(9,2)),((21,5),3)),((12,13),((7,10),(6,(11,((17,20),((16,(18,14)),15)))))),1);
(((3,(2,((5,8),9))),21),((12,13),((7,10),(((17,20),((16,(18,14)),15)),(6,11)))),1);
(((2,(9,((3,8),5))),21),((12,13),((7,10),(((17,20),((16,(18,14)),15)),(6,11)))),1);
((((((3,9),5),2),21),((12,13),((6,(7,10)),(((17,20),(((14,18),16),15)),11)))),8,1);
((((12,13),((6,(7,10)),(((17,20),(((18,16),15),14)),11))),2),((8,21),(3,(9,5))),1);
(((12,13),((7,10),((6,((17,20),(((14,18),16),15))),11))),(((5,(9,3)),21),(8,2)),1);
((5,((9,3),8)),(21,(2,((12,13),((6,(7,10)),(((17,20),(((18,16),15),14)),11))))),1);
((5,((9,3),8)),(21,(2,((12,13),((7,10),(((17,20),(((18,16),15),14)),(6,11)))))),1);
((3,21),(2,(((7,6),((((8,(5,9)),10),11),((17,20),(((16,14),18),15)))),(13,12))),1);
(((3,21),((5,9),2)),(((7,(6,8)),((10,11),((17,20),(((16,14),18),15)))),(13,12)),1);
(21,((2,((3,9),5)),(12,(((6,(8,7)),((10,11),((17,20),(((16,14),18),15)))),13))),1);
(((8,12),((6,(7,(9,((10,11),((17,20),(((16,14),18),15)))))),13)),(21,((3,5),2)),1);
((((5,(6,8)),(7,(9,((10,11),((17,20),(((16,14),18),15)))))),(13,12)),((21,2),3),1);
((((9,6),(7,(5,((10,11),((17,20),(((16,18),15),14)))))),(((8,2),13),12)),(21,3),1);
((12,(13,((9,6),((10,7),(11,(16,(15,(18,((17,20),14))))))))),((21,(8,3)),(5,2)),1);
(((10,7),((11,((15,((16,18),14)),(17,20))),6)),((12,13),(2,((21,(8,(9,3))),5))),1);
((21,((5,(9,3)),(2,8))),(((10,7),((11,((15,((16,18),14)),(17,20))),6)),(12,13)),1);
(21,(((5,(9,(8,3))),2),(((10,7),((11,((15,((16,18),14)),(17,20))),6)),(12,13))),1);
(2,(((8,3),21),((((5,9),((10,(((17,20),((14,(16,18)),15)),11)),7)),6),(13,12))),1);
((((9,3),((2,8),5)),21),((((((17,20),((14,(16,18)),15)),11),(7,10)),6),(13,12)),1);
(((((17,20),(14,(18,(16,15)))),(6,11)),(7,10)),((13,12),((2,8),(((3,9),5),21))),1);
(21,(((2,8),((3,9),5)),(((((17,20),(14,(18,(16,15)))),(6,11)),(7,10)),(13,12))),1);
((((7,10),(6,(((17,20),(14,(18,(16,15)))),11))),(13,12)),(21,((2,8),((3,9),5))),1);
((((7,10),(6,(((17,20),(14,(18,(16,15)))),11))),(13,12)),(21,((5,(2,8)),(3,9))),1);
(((2,8),(((7,10),(6,(((17,20),(18,(16,(14,15)))),11))),(13,12))),(21,(5,(9,3))),1);
((21,((8,2),(5,(9,3)))),(((7,10),(6,(((17,20),((18,(16,15)),14)),11))),(13,12)),1);
(((21,(5,(2,8))),((7,((10,6),(((17,20),(((18,16),14),15)),11))),(13,12))),(9,3),1);
((((10,6),(((17,20),((16,(18,15)),14)),(7,11))),(13,12)),(21,((5,(9,3)),(2,8))),1);
(((13,12),((((8,(5,9)),((20,17),(((16,18),15),14))),(10,11)),(6,7))),((21,3),2),1);
(21,(((3,((11,(10,((20,(5,17)),9))),(((16,18),15),14))),2),(((8,6),7),(13,12))),1);
((21,((2,(3,((11,(10,((20,17),9))),(((16,14),18),15)))),5)),((6,(7,8)),(13,12)),1);
(21,(((6,(8,(5,7))),(13,12)),(3,(((11,(10,((20,17),9))),(((16,14),18),15)),2))),1);
((13,((12,((11,((20,17),(((16,18),15),14))),10)),(6,(5,(7,8))))),((3,21),(9,2)),1);
((3,21),(2,(13,((12,((11,((20,17),(((16,18),15),14))),10)),(7,(((9,8),6),5))))),1);
((21,2),((12,13),(((11,((20,17),((16,(14,18)),15))),(3,10)),(7,(((5,9),8),6)))),1);
(21,(2,(((11,((20,17),((14,(18,16)),15))),(3,10)),(((8,7),((5,9),6)),(12,13)))),1);
(2,((((11,((20,17),((14,(18,16)),15))),(3,10)),(((8,(5,(9,7))),6),(12,13))),21),1);
((((8,(9,7)),(5,6)),(12,13)),((10,2),(21,(((20,17),((14,(18,16)),15)),(3,11)))),1);
(((12,13),((((10,9),11),(((14,(18,16)),15),(20,17))),(7,(5,(6,8))))),((3,21),2),1);
(((((10,((20,17),9)),11),((14,(18,16)),15)),(7,((8,6),5))),((21,2),(3,(12,13))),1);
(21,((2,3),((((10,(((((20,17),14),(18,16)),15),11)),9),(6,(7,8))),((12,5),13))),1);
((21,((9,3),(2,8))),(((((20,17),((18,(14,16)),15)),(11,6)),((10,7),5)),(12,13)),1);
((21,((5,(9,3)),(2,8))),(((((20,17),(((18,16),15),14)),(11,6)),(10,7)),(12,13)),1);
(((((20,17),(((14,18),16),15)),11),(6,(5,(10,7)))),(13,((12,21),((9,3),(2,8)))),1);
(((5,(9,3)),21),((12,((((20,17),(((18,16),15),14)),(6,11)),(10,7))),(13,(2,8))),1);
((((8,2),(5,(3,9))),21),(((((20,17),(((14,18),16),15)),(6,11)),(10,7)),(13,12)),1);
((((8,2),((3,9),5)),21),(((((20,17),(((14,18),16),15)),(11,7)),(10,6)),(13,12)),1);
(((((20,17),(((18,16),15),14)),(11,7)),(10,6)),((13,(8,12)),((2,((3,9),5)),21)),1);
((21,(3,2)),((13,12),((((20,17),(((16,18),14),15)),(((5,9),10),11)),(7,(8,6)))),1);
((21,(3,2)),((13,12),((((20,17),((18,(16,15)),14)),(((8,(5,9)),10),11)),(6,7))),1);
((21,3),((8,2),((13,12),((((18,(16,14)),15),((((20,17),(9,5)),10),11)),(6,7)))),1);
(((((20,17),((18,(16,14)),15)),((9,10),11)),(6,(8,7))),((21,((5,3),2)),(13,12)),1);
(13,(((((20,17),(15,((14,16),18))),(10,11)),(6,(8,7))),(12,(21,((5,2),(9,3))))),1);
((21,(2,(9,(5,3)))),((((7,11),((20,17),(15,((14,16),18)))),(6,10)),(13,(8,12))),1);
((21,(2,(8,(5,(3,9))))),((((7,11),((20,17),(15,((14,16),18)))),(6,10)),(13,12)),1);
(((5,(3,9)),(2,8)),((((11,((20,17),((15,(16,18)),14))),(7,(6,10))),(13,12)),21),1);
(((((7,11),((20,17),(15,(16,(14,18))))),(6,10)),(13,12)),(21,((5,(3,9)),(2,8))),1);
(((((7,11),((20,17),(15,(16,(14,18))))),(6,10)),(13,(8,12))),(21,(((3,9),5),2)),1);
(((21,3),2),(13,((12,((9,(11,10)),(((20,17),14),(18,(15,16))))),((8,(5,6)),7))),1);
((21,3),((6,((5,(((9,11),(((20,17),14),(18,(15,16)))),10)),7)),((2,(13,8)),12)),1);
(((2,(21,(8,3))),((((((11,(((18,16),15),14)),10),7),(6,5)),12),13)),(9,(20,17)),1);
((21,(8,3)),(((((((9,(20,17)),(11,(((18,16),15),14))),10),7),6),(12,13)),(5,2)),1);
(((8,2),(3,(21,5))),(((((20,(17,9)),(((18,16),15),14)),(11,7)),(10,6)),(12,13)),1);
((((3,9),5),(21,8)),((((10,6),((7,11),((20,17),(((18,16),15),14)))),(12,13)),2),1);
((((10,6),((7,11),((20,17),(((14,18),16),15)))),((8,12),13)),(2,(((3,9),5),21)),1);
((((10,6),((7,11),((20,17),(((14,18),16),15)))),(12,13)),(21,(2,(8,((3,9),5)))),1);
((((10,6),((7,11),((20,17),(((14,18),16),15)))),(12,13)),((8,21),(2,((3,9),5))),1);
((((10,6),((7,11),(((20,17),14),((18,16),15)))),(12,13)),(((8,21),((3,9),5)),2),1);
(((13,12),((((20,17),((18,16),(15,14))),(7,(10,11))),6)),(21,((8,((5,9),3)),2)),1);
((((13,12),((7,10),(6,(11,((20,17),(((18,14),16),15)))))),(21,((5,(9,3)),2))),8,1);
((((13,12),((7,10),(6,(11,((20,17),((14,(16,18)),15)))))),((8,21),((5,9),3))),2,1);
(((13,12),((6,5),((11,((20,17),((14,16),(18,15)))),(7,10)))),((8,21),(2,(9,3))),1);
(((13,12),((10,6),(((20,17),((16,(18,14)),15)),(7,11)))),((8,21),(2,(5,(9,3)))),1);
((((10,6),(((20,17),((18,(14,16)),15)),(7,11))),(13,((21,(2,(5,(9,3)))),12))),8,1);
(((((10,6),(((20,17),((18,(14,16)),15)),(7,11))),(13,12)),21),((8,2),((3,9),5)),1);
((((10,6),(((20,17),((18,(14,16)),15)),(7,11))),(13,12)),((8,2),(21,((3,9),5))),1);
((((10,6),(((20,17),(((18,16),15),14)),(7,11))),(13,12)),((2,(3,(5,9))),(8,21)),1);
((((10,6),(((20,17),(((14,16),18),15)),(7,11))),(13,12)),(2,((3,(5,9)),(21,8))),1);
(((((20,17),(15,(14,(18,16)))),((10,(9,(8,5))),11)),(7,6)),((13,12),(2,(21,3))),1);
((2,((21,3),(((((20,17),(14,(18,(15,16)))),((10,(9,5)),11)),(7,6)),(13,12)))),8,1);
((21,(9,3)),(((7,((11,(((18,16),15),((20,17),14))),10)),6),(12,(((8,2),13),5))),1);
((2,(21,(5,((3,9),8)))),((((7,11),((((14,18),16),15),(20,17))),(10,6)),(12,13)),1);
((21,((5,(3,9)),(2,8))),((((7,11),((((14,18),16),15),(20,17))),(10,6)),(12,13)),1);
((((8,21),(5,(3,9))),((((7,11),((((18,16),15),14),(20,17))),(10,6)),(12,13))),2,1);
((21,(2,(5,((3,9),8)))),((((7,11),((((14,18),16),15),(20,17))),(10,6)),(12,13)),1);
((21,((5,(9,3)),(8,2))),((((7,11),((((14,18),16),15),(20,17))),(10,6)),(12,13)),1);
((((7,11),((((14,18),16),15),(20,17))),(10,6)),(((21,(((3,9),5),(8,2))),12),13),1);
((21,(((3,9),5),(8,2))),((((7,11),((((18,16),15),14),(20,17))),(10,6)),(12,13)),1);
(((5,(8,2)),(9,3)),(21,(((((((((16,14),18),15),(20,17)),11),(7,10)),6),12),13)),1);
((21,(5,(9,3))),(((((7,10),(6,(((((16,18),15),14),(20,17)),11))),12),13),(8,2)),1);
((21,(((6,((((((14,18),15),16),(20,17)),11),(7,10))),(12,13)),((5,(9,3)),2))),8,1);
(((6,(((10,((((18,15),16),14),(20,17))),11),7)),(12,13)),(((((9,3),8),5),2),21),1);
((((10,6),((((18,(14,16)),15),(20,17)),(11,7))),(12,13)),(((8,2),((3,9),5)),21),1);
(21,((((10,6),(((((18,16),15),14),(20,17)),(11,7))),(12,13)),(2,(3,((9,8),5)))),1);
(((((10,6),(((((14,18),16),15),(20,17)),(11,7))),(12,13)),((5,(9,3)),21)),(8,2),1);
((((8,2),((3,9),5)),21),(((10,6),(((((14,18),16),15),(20,17)),(11,7))),(12,13)),1);
((3,(8,21)),((((10,6),(((((14,18),16),15),(20,17)),(11,7))),13),(12,((2,9),5))),1);
((((2,9),5),((8,3),21)),(((10,6),(((((14,18),16),15),(20,17)),(11,7))),(13,12)),1);
((21,(2,(((5,8),9),3))),(12,(13,(((11,((14,(16,(15,18))),(20,17))),(7,10)),6))),1);
((21,(2,((5,8),(9,3)))),(12,(13,((7,10),(6,(11,((15,(14,(16,18))),(20,17))))))),1);
(((21,((5,(9,3)),2)),(((7,10),(6,(11,((14,((15,16),18)),(20,17))))),(12,13))),8,1);
((((3,9),5),(8,2)),((((7,10),(6,(11,(((14,(16,18)),15),(20,17))))),(12,13)),21),1);
((21,(((3,9),5),(8,2))),(((7,10),(6,(11,(((14,(16,18)),15),(20,17))))),(12,13)),1);
(((21,(((3,9),5),2)),(((10,6),((((14,(16,18)),15),(20,17)),(11,7))),(12,13))),8,1);
((21,(8,((3,9),5))),(2,(((10,6),(((14,(16,(18,15))),(20,17)),(11,7))),(12,13))),1);
((((10,6),(((14,(16,(18,15))),(20,17)),(11,7))),(12,13)),((21,(5,(8,(3,9)))),2),1);
((((10,6),(((14,(16,(18,15))),(20,17)),(11,7))),(12,13)),(21,((5,(3,9)),(8,2))),1);
((((10,6),(((14,(16,(18,15))),(20,17)),(11,7))),(12,13)),(21,((5,(8,(3,9))),2)),1);
((2,((((((((14,((18,16),15)),(20,17)),(10,11)),(5,9)),(8,7)),6),12),13)),(21,3),1);
((2,(((((((18,(16,(15,14))),(20,17)),(10,11)),(6,9)),(8,7)),12),13)),((21,3),5),1);
((2,((((8,5),(((9,((((18,(16,15)),14),(20,17)),(10,11))),7),6)),12),13)),(21,3),1);
((2,((((((((18,16),14),15),11),((5,10),((20,17),9))),7),6),(12,13))),((21,3),8),1);
((21,3),((2,8),((12,13),(5,(((9,((((15,16),18),((20,17),14)),11)),(7,10)),6)))),1);
((21,((3,(((((((16,18),15),14),(20,17)),11),(7,10)),(8,6))),((12,13),5))),(9,2),1);
((((((((16,(14,18)),15),(20,17)),11),(7,10)),(8,6)),(12,13)),(((5,(9,3)),2),21),1);
(((5,(9,3)),2),((8,21),((((((16,(14,18)),15),(20,17)),(6,11)),(7,10)),(12,13))),1);
(((((((16,(14,18)),15),(20,17)),(6,11)),(7,10)),(12,13)),((((5,9),3),(8,2)),21),1);
((((((((16,18),15),14),(20,17)),(6,11)),(7,10)),(12,13)),(((5,(9,3)),(8,2)),21),1);
((13,(12,((7,(10,(((((15,18),16),14),(17,20)),11))),((5,9),(8,6))))),((3,21),2),1);
(((13,((6,(((((18,16),14),15),(17,20)),11)),(7,10))),12),(21,((2,8),((5,9),3))),1);
(((2,8),((5,9),3)),((((6,(((((18,16),14),15),(17,20)),11)),(7,10)),(12,13)),21),1);
((((((((15,18),16),14),(17,20)),(11,6)),(7,10)),(12,13)),((21,8),(2,(5,(9,3)))),1);
(((8,2),((3,9),5)),((((((((15,18),16),14),(17,20)),(11,6)),(7,10)),(12,13)),21),1);
(((8,2),((3,9),5)),((((((((15,18),16),14),(17,20)),(11,6)),(7,10)),(12,13)),21),1);
((((((15,((14,16),18)),(17,20)),(11,6)),(7,10)),(12,13)),(21,((8,2),((3,9),5))),1);
(((2,8),(((((15,((14,16),18)),(17,20)),(11,6)),(7,10)),(12,13))),(21,(3,(5,9))),1);
((((((15,((14,16),18)),(17,20)),(11,6)),(7,10)),(12,13)),((8,2),(21,(5,(9,3)))),1);
((((((14,(15,18)),16),(17,20)),(11,7)),(10,6)),((12,13),(21,((8,2),((5,9),3)))),1);
