(21,(((((6,(((9,17),20),2)),7),((11,10),((14,18),(15,(8,16))))),((5,12),13)),3),1);
(((2,9),((11,(10,(5,(17,20)))),(((15,14),18),16))),(((12,(21,(8,13))),(7,6)),3),1);
(21,((((2,(8,(9,6))),((11,((10,(17,20)),((18,14),(16,15)))),7)),((5,13),12)),3),1);
((2,(9,((8,(11,(10,((15,18),(14,16))))),((20,17),5)))),((13,(21,12)),(6,(3,7))),1);
((5,2),((13,(21,12)),((((9,(8,6)),7),((11,(10,((15,(14,18)),16))),(20,17))),3)),1);
((2,(11,(((20,17),10),(14,(18,(16,15)))))),((((8,(5,9)),6),7),(3,(13,(21,12)))),1);
((21,(12,(((2,((11,(10,(14,(18,(16,15))))),(20,17))),((((9,8),6),7),3)),13))),5,1);
((((11,(10,(14,(18,(16,15))))),(20,17)),(2,9)),((((((8,6),5),7),12),(21,3)),13),1);
((((11,((5,10),(16,(14,(18,15))))),(20,17)),9),((((8,6),7),(3,(2,21))),(12,13)),1);
((21,(12,((13,((8,(11,((10,(5,2)),((15,16),(14,18))))),(20,(9,17)))),(6,7)))),3,1);
((((((((15,16),(18,14)),(10,11)),8),(9,(17,20))),2),(13,(21,12))),(3,((5,6),7)),1);
(((((9,(8,6)),7),3),((21,12),13)),(2,((((15,16),(18,14)),(17,20)),((5,10),11))),1);
(((2,((((((15,16),(18,14)),5),10),11),(17,20))),(((6,(9,8)),7),3)),((13,12),21),1);
((2,((((16,((15,18),14)),10),11),(9,((17,5),20)))),((((7,6),8),3),((13,12),21)),1);
(((8,(9,2)),(((10,(11,((15,16),(18,14)))),5),(20,17))),(((13,(7,6)),3),(12,21)),1);
(((2,((10,(11,((15,16),(18,14)))),(20,17))),9),((((8,6),5),7),(3,((12,21),13))),1);
(((6,7),(3,((13,(((5,(10,((15,16),(18,14)))),(20,17)),11)),(12,21)))),((2,9),8),1);
(((6,7),(3,(13,(21,12)))),((2,9),((8,((11,(10,5)),((15,16),(18,14)))),(20,17))),1);
((6,((5,7),(3,(13,(21,12))))),((8,(2,9)),(((11,10),((15,16),(18,14))),(20,17))),1);
(((2,9),8),((((11,(5,10)),((18,(14,15)),16)),(20,17)),((3,(13,(21,12))),(6,7))),1);
(2,(((12,21),13),(((7,(5,(6,8))),((20,(9,17)),(10,(11,((16,15),(18,14)))))),3)),1);
(((21,(13,(3,12))),(7,(5,6))),(((20,17),(8,(10,(11,((16,15),(18,14)))))),(9,2)),1);
(((21,(13,12)),(7,6)),((((20,17),(8,((5,10),(11,(((15,18),16),14))))),(9,2)),3),1);
(21,((13,12),(3,((7,(8,6)),(2,((9,(20,17)),((5,10),(11,((14,18),(16,15))))))))),1);
(21,((13,12),(((9,2),((20,17),(10,((5,11),(((15,14),18),16))))),(3,(7,(8,6))))),1);
((6,(2,((9,(20,17)),(8,(10,(11,((15,16),(18,14)))))))),((3,(7,5)),(13,(21,12))),1);
(((((20,17),9),(10,(11,(16,((15,18),14))))),(((8,(6,5)),7),((13,(21,12)),3))),2,1);
(((6,(5,7)),((13,(21,12)),3)),(((10,((8,11),((15,16),(18,14)))),(20,17)),(2,9)),1);
((((13,12),(7,(8,(6,5)))),(3,21)),(((10,11),(((15,16),(18,14)),(20,17))),(2,9)),1);
((((21,(5,2)),(13,12)),((7,(9,6)),3)),((20,17),(8,((10,11),(((15,18),14),16)))),1);
(((((13,(12,(9,((17,20),((10,11),((15,16),(14,18))))))),(7,6)),3),(5,(8,21))),2,1);
(((2,(((10,11),(((8,15),16),(14,18))),(9,(17,20)))),(5,6)),(((12,(13,21)),3),7),1);
((((9,((17,8),20)),(2,((10,11),((15,16),(14,18))))),6),(((12,21),(3,7)),(5,13)),1);
(((17,20),(8,(((5,10),11),((15,16),(14,18))))),((((2,21),(12,3)),13),(7,(6,9))),1);
(21,(13,(((3,2),((7,((9,6),8)),((17,20),(((5,10),11),((15,16),(14,18)))))),12)),1);
((2,((17,20),((10,11),(16,(14,(15,18)))))),((((5,21),12),13),(3,(7,((9,6),8)))),1);
((5,2),(((21,12),13),(3,((((9,17),20),((10,(8,11)),(16,(14,(15,18))))),(7,6)))),1);
(((((((17,20),(((10,11),((15,16),(14,18))),8)),7),(13,(21,12))),3),(6,(5,2))),9,1);
((((((17,20),((10,(8,11)),((15,16),(14,18)))),7),(13,(21,12))),3),(6,(9,(5,2))),1);
((8,((21,(13,12)),(((6,((10,5),(11,((15,16),(14,18))))),7),3))),((9,(17,20)),2),1);
((((17,20),(8,(((5,10),11),(16,(18,(15,14)))))),(2,9)),(((3,((21,12),13)),7),6),1);
(((((21,12),13),3),(8,7)),(6,(((17,20),(((5,10),11),((16,(18,15)),14))),(2,9))),1);
(2,(3,(((21,12),13),((6,(5,(7,8))),((9,(17,20)),((10,11),((14,18),(15,16))))))),1);
((((8,5),2),(9,6)),((3,(13,((((17,20),((10,11),((14,18),(15,16)))),7),12))),21),1);
(((((17,20),(((14,18),(15,16)),((10,(5,11)),8))),7),(((12,13),21),3)),(6,(2,9)),1);
(((7,((12,13),21)),3),(6,(2,(((17,20),((11,8),(((14,18),(15,16)),(5,10)))),9))),1);
((7,((3,(12,13)),21)),(6,(2,((8,(9,(17,20))),(11,(((14,18),(15,16)),(5,10)))))),1);
((((8,6),7),(3,(12,(13,21)))),(2,((9,(17,20)),(11,(((14,18),(15,16)),(5,10))))),1);
(21,(12,(13,((((8,(9,2)),(6,((17,20),(11,(((14,(15,18)),16),(5,10)))))),7),3))),1);
(2,((3,(((20,(9,17)),((5,11),(((14,18),(15,16)),10))),(6,7))),(((12,8),21),13)),1);
(21,(5,(((((8,6),(7,3)),(((17,20),(((16,((15,18),14)),10),11)),(2,9))),12),13)),1);
(21,(((((17,20),(((16,(18,(14,15))),10),11)),(2,9)),(3,((5,(8,6)),7))),(12,13)),1);
(((12,13),21),(((((((15,16),(18,14)),10),11),(9,(17,20))),2),(3,(6,(5,(7,8))))),1);
(((17,20),(2,((((15,16),(18,14)),(5,10)),11))),(21,((12,13),(3,((8,(9,6)),7)))),1);
(((12,(13,21)),(3,7)),(((9,(17,20)),(8,(((16,(18,(15,14))),((10,2),5)),11))),6),1);
(2,((((((8,6),5),7),((20,(9,17)),((((15,16),(18,14)),10),11))),(13,(21,12))),3),1);
((8,(6,9)),(7,(((13,(21,12)),3),(11,(((20,17),((15,16),(18,14))),((5,10),2))))),1);
(((9,((11,(((15,16),(18,14)),10)),(20,17))),((((7,6),8),3),(13,(21,12)))),(2,5),1);
((2,((8,(11,(((15,16),(18,14)),10))),(20,17))),(((7,(9,(5,6))),3),(13,(21,12))),1);
(((11,(((15,16),(18,14)),10)),(20,17)),(((7,(5,((6,9),8))),(((2,21),12),13)),3),1);
(((20,17),(((15,16),(14,18)),(11,(5,10)))),((13,(12,21)),((3,(6,(7,(8,9)))),2)),1);
(2,(((((20,17),(((15,16),(14,18)),(11,(5,10)))),13),(12,21)),(3,(((9,8),6),7))),1);
(2,(((12,21),13),((((9,(20,17)),(8,((((15,16),(14,18)),(11,5)),10))),(6,7)),3)),1);
((9,2),(6,((7,(3,((12,21),13))),((20,17),(((15,16),(14,18)),((8,11),(10,5)))))),1);
(21,((13,(2,(3,((9,(20,17)),(((16,(14,(15,18))),(11,(10,5))),(7,(6,8))))))),12),1);
((21,(((((7,6),((20,(17,9)),(8,((14,((15,18),16)),(11,10))))),5),(12,13)),3)),2,1);
(((20,17),((((14,18),(16,15)),(5,10)),(8,11))),(((2,3),((12,13),21)),(7,(9,6))),1);
((5,2),(((13,(((7,(6,(8,9))),((20,17),((((14,18),(16,15)),10),11))),12)),3),21),1);
((2,((20,17),(8,((((14,(15,18)),16),(5,10)),11)))),((((12,13),21),3),((6,9),7)),1);
((2,9),(((20,17),((((14,18),(15,16)),(5,10)),11)),((12,21),((3,((8,6),7)),13))),1);
(2,(((((13,21),12),3),((9,(6,5)),7)),((17,20),(10,((8,11),((15,16),(14,18)))))),1);
(((((13,21),12),(3,7)),(2,((6,8),5))),(9,((17,20),(10,(11,((15,16),(14,18)))))),1);
((6,(5,2)),(7,((((8,(10,(11,(16,((15,14),18))))),(9,(17,20))),((13,21),12)),3)),1);
(21,((12,(((7,(5,6)),((2,((10,(11,((15,16),(14,18)))),8)),(9,(17,20)))),3)),13),1);
(21,((((2,((17,20),((5,(10,(11,((15,16),(14,18))))),8))),(7,(9,6))),3),(13,12)),1);
((5,21),(((((9,((17,20),(10,(11,((15,16),(14,18)))))),(7,(8,6))),2),3),(13,12)),1);
((((17,20),(10,(11,(16,(14,(15,18)))))),(((7,((5,(6,9)),8)),((12,13),21)),3)),2,1);
((((3,((7,6),(9,((17,20),(8,(10,((5,11),((15,16),(14,18))))))))),(12,21)),13),2,1);
(((((12,(7,6)),3),(13,((2,(8,(10,(11,(((14,15),16),18))))),((9,17),20)))),21),5,1);
((3,((13,12),((7,(9,(6,8))),((10,(11,((16,(18,(2,15))),14))),(17,20))))),(5,21),1);
((((5,(3,7)),(((9,(20,17)),(2,(((11,((14,18),(15,16))),10),8))),6)),(12,13)),21,1);
((3,((7,(((9,(20,17)),((11,((14,18),(15,16))),10)),6)),((12,13),21))),((8,2),5),1);
((((12,(13,(7,((9,((20,17),(8,(5,((11,((14,18),(15,16))),10))))),6)))),21),3),2,1);
((12,(21,13)),(3,((2,((20,17),(10,(5,(11,((14,18),(15,16))))))),((6,(9,8)),7))),1);
(21,((((6,8),(10,(5,(11,((14,18),(15,16)))))),(2,(9,(20,17)))),(12,((13,7),3))),1);
(21,(((7,((2,(10,(5,(11,((14,18),(15,16)))))),(6,(8,(9,(20,17)))))),3),(12,13)),1);
(2,((3,((6,7),(9,((20,17),(10,(11,((14,(15,18)),16))))))),((21,(8,(12,5))),13)),1);
((9,((20,17),(8,(10,(11,((14,18),(15,16))))))),((7,(12,((21,3),((5,2),6)))),13),1);
(21,(3,(((((20,(9,17)),((5,10),(11,((14,(15,18)),16)))),2),(7,(8,6))),(12,13))),1);
((21,(((((5,(17,9)),20),(10,((8,11),((14,18),(15,16))))),7),(12,13))),(6,(3,2)),1);
((((2,6),(((9,(17,20)),(11,(((15,16),(18,14)),(5,10)))),7)),((8,13),(12,21))),3,1);
((2,(5,(8,6))),(((9,(11,(((17,20),((15,16),(18,14))),10))),7),(((12,21),13),3)),1);
((2,9),(((11,(((15,16),(18,14)),10)),(17,20)),((((12,21),13),3),(7,((8,6),5)))),1);
((2,9),(((11,(((15,16),(18,14)),10)),(17,20)),((((12,21),13),3),(7,((8,6),5)))),1);
((3,(5,(2,9))),(((12,21),13),((7,6),((8,(11,(((15,16),(18,14)),10))),(17,20)))),1);
((3,(((12,(2,21)),13),(7,(5,(8,6))))),(9,((11,(((15,16),(18,14)),10)),(17,20))),1);
(21,(((7,(6,5)),(3,((2,9),(((8,11),(((15,16),(18,14)),10)),(17,20))))),(12,13)),1);
((8,(2,9)),((6,((11,(((15,16),(18,14)),(5,10))),(17,20))),((((12,13),21),7),3)),1);
((2,5),(((12,13),(3,((9,(6,7)),((8,(11,(((15,16),(18,14)),10))),(17,20))))),21),1);
(((8,((5,(11,10)),(16,((15,18),14)))),(9,(17,20))),((((12,21),13),3),((2,6),7)),1);
((((20,17),((8,9),(((10,5),11),(18,(16,(14,15)))))),2),((3,(7,6)),((13,12),21)),1);
((((20,17),((8,9),((10,11),(18,(16,(14,15)))))),2),((5,21),((7,6),((13,12),3))),1);
(2,(((((12,(5,21)),7),13),3),(6,((9,(20,17)),(8,((10,11),(14,(18,(16,15)))))))),1);
(((((12,21),13),3),(5,7)),(6,(((20,(17,9)),(8,((10,11),(18,(16,(14,15)))))),2)),1);
(21,((13,((3,(7,6)),((9,((20,5),((8,((10,11),(16,((18,15),14)))),17))),2))),12),1);
(21,(((13,(9,((((5,10),11),(16,((18,15),14))),(17,20)))),(12,(3,(7,(8,6))))),2),1);
((6,2),(((7,((8,(((5,10),11),((15,16),(18,14)))),((17,20),9))),((21,12),13)),3),1);
(((9,2),((17,(8,((10,11),((15,16),(18,14))))),20)),(((21,(13,12)),3),((6,7),5)),1);
(((8,(((20,17),9),2)),((10,11),((15,16),(18,14)))),(21,(3,((13,12),(7,(5,6))))),1);
((2,(8,((20,17),9))),(((7,(5,6)),((10,11),((15,16),(18,14)))),(3,(21,(13,12)))),1);
((13,(12,21)),((7,((9,(((17,20),((((11,10),(((15,14),16),18)),8),5)),2)),6)),3),1);
(((((9,17),20),((11,10),((15,16),(14,18)))),2),((((8,(6,5)),7),3),(13,(12,21))),1);
(((((5,((11,10),(14,((15,18),16)))),8),(9,(17,20))),2),(((6,7),3),(13,(12,21))),1);
(21,((((((5,(20,(9,17))),((2,8),((11,10),((15,(14,18)),16)))),(6,7)),3),13),12),1);
(21,((((20,17),(11,(((5,10),((14,18),(16,15))),2))),((((9,8),6),7),(13,12))),3),1);
((((20,17),((5,11),(10,((14,18),(16,15))))),2),(((((9,8),6),7),(21,(13,12))),3),1);
((2,(9,8)),((7,(6,((20,17),(11,(10,((14,18),(16,15))))))),(((5,21),(13,12)),3)),1);
((8,(2,9)),(((6,(11,(((20,17),(5,10)),((14,18),(16,15))))),7),((21,(13,12)),3)),1);
(((8,9),2),((((11,(10,((14,18),(16,15)))),(20,17)),(7,6)),((21,((5,13),12)),3)),1);
(((9,2),((8,(11,(10,((14,18),(16,15))))),(20,17))),((21,(13,12)),(3,(5,(7,6)))),1);
(2,((13,((5,21),12)),((((20,(9,17)),(11,(((15,16),(14,18)),10))),((8,6),7)),3)),1);
(((11,(((15,16),(14,18)),10)),(9,(20,17))),(((3,6),((8,2),5)),(7,(13,(21,12)))),1);
(2,(((((((6,7),(11,(((15,(5,(14,18))),16),10))),8),(9,(20,17))),12),(13,3)),21),1);
(((((20,17),(8,9)),(7,((11,(((15,(14,18)),16),10)),6))),(13,(12,21))),(3,(5,2)),1);
(2,(((6,(7,(((10,((11,((14,18),(16,15))),5)),8),(20,(17,9))))),(13,(12,21))),3),1);
(((7,((9,((8,(20,17)),(10,(11,((14,18),(16,15)))))),6)),(3,(13,(12,21)))),(5,2),1);
(21,((((3,(2,((20,17),(((10,(11,5)),((14,18),(16,15))),8)))),((9,6),7)),13),12),1);
(21,(((5,7),(((((9,(20,17)),((10,(8,11)),((14,18),(16,15)))),6),2),3)),(13,12)),1);
((2,(((20,17),9),((10,11),(((14,15),18),16)))),(((21,13),(12,5)),((7,(8,6)),3)),1);
((((20,17),9),((10,11),((14,(15,18)),16))),(3,((((21,13),12),2),(7,((6,8),5)))),1);
(2,((13,(21,12)),(3,((6,7),((((11,(5,10)),(16,(18,(14,15)))),8),((9,17),20))))),1);
(21,((13,12),(((3,2),(6,(7,8))),(((11,10),((15,16),(18,14))),(5,((9,17),20))))),1);
((2,(((11,10),((15,16),(18,14))),((9,17),20))),(((3,(21,12)),((8,6),7)),(5,13)),1);
(21,((((5,6),7),(3,(2,(((11,8),(10,(16,(15,(14,18))))),((9,17),20))))),(12,13)),1);
((21,((13,((((8,9),6),7),((17,20),(10,(5,(11,((14,18),(16,15)))))))),12)),(3,2),1);
((((17,20),(10,(11,((14,18),(16,15))))),(2,9)),((((12,(5,13)),21),((8,6),7)),3),1);
((5,((9,(17,20)),(10,(11,((14,18),(16,15)))))),((((12,13),(2,21)),((8,6),7)),3),1);
((((3,21),(12,13)),7),((((9,(17,20)),((5,(10,(((15,14),18),16))),(8,11))),2),6),1);
(21,((((7,6),3),((9,2),((((((15,14),(18,16)),((5,10),11)),8),17),20))),(13,12)),1);
(2,(((3,(((9,7),6),((20,17),(((8,(14,((16,15),18))),10),11)))),(13,(21,12))),5),1);
((((20,17),(((16,((15,18),14)),11),10)),2),((21,(12,13)),(3,(5,((9,6),(7,8))))),1);
(((20,17),((((15,16),(18,14)),11),10)),(((2,((8,9),6)),(3,7)),((21,(12,13)),5)),1);
((2,((20,17),(((16,((15,18),14)),11),10))),((3,(21,(12,(5,(8,13))))),((9,6),7)),1);
((2,(((5,(((15,16),(18,14)),(8,11))),10),(9,(20,17)))),(13,(3,((6,7),(21,12)))),1);
((21,((((9,2),(((((((14,15),16),18),11),10),(20,17)),5)),((8,6),7)),(12,13))),3,1);
(12,((21,(3,(((((((15,16),18),14),11),10),(9,(20,17))),((7,(5,(8,6))),2)))),13),1);
((2,21),((12,(13,((9,((8,(((((15,18),14),16),11),(5,10))),(20,17))),(7,6)))),3),1);
((((((((((15,18),14),16),(5,11)),10),(20,17)),(7,(8,(9,6)))),((13,12),21)),3),2,1);
(((7,(6,((9,(((((18,14),(15,16)),(11,8)),10),(20,17))),5))),(((13,12),21),3)),2,1);
(((12,21),(3,((13,(((((18,14),(15,16)),(5,11)),10),(20,17))),((8,(6,9)),7)))),2,1);
((5,2),(((12,13),21),(((7,(9,6)),((17,20),(8,(((((15,18),14),16),10),11)))),3)),1);
((2,((9,(17,20)),((((15,(18,16)),14),10),11))),((3,((12,13),(5,21))),((7,8),6)),1);
(2,(((9,(17,20)),((((14,(15,18)),16),10),(8,11))),((3,((12,13),21)),(7,(5,6)))),1);
(2,((3,((12,13),21)),((7,6),((5,((17,20),(((8,((14,18),(15,16))),10),11))),9))),1);
(21,((((8,((((14,(15,18)),16),(5,10)),11)),(((17,20),9),2)),(3,(7,6))),(12,13)),1);
(((8,(2,((((14,18),(15,16)),10),(5,11)))),((17,20),9)),(3,(((12,13),21),(7,6))),1);
((13,(12,21)),(8,((((6,9),(((11,(10,5)),((14,(2,18)),(15,16))),(17,20))),7),3)),1);
((((8,((11,10),((14,18),(15,16)))),(9,(17,20))),2),((6,(5,7)),(3,(13,(12,21)))),1);
((((((8,(((5,11),10),((14,18),(15,16)))),(9,(17,20))),(6,7)),(13,(12,21))),3),2,1);
((((17,20),(8,((11,(5,10)),(14,((15,18),16))))),2),((3,((9,6),7)),(13,(12,21))),1);
(((20,17),((11,(5,10)),(14,((15,16),18)))),(((13,(12,21)),(7,3)),(2,((6,8),9))),1);
((2,21),((((((11,(5,10)),(14,((15,16),18))),(9,(20,17))),(8,(7,6))),3),(13,12)),1);
(21,(((7,(5,(6,8))),(3,(2,((((11,10),((14,16),(15,18))),(20,17)),9)))),(13,12)),1);
(21,(((7,(6,(9,8))),(3,(((((5,11),10),((14,18),(16,15))),(20,17)),2))),(13,12)),1);
(2,((((7,(8,6)),((13,(9,12)),21)),3),((11,(((14,18),(16,15)),(5,10))),(20,17))),1);
(((6,(5,(7,8))),(((11,((14,18),(16,15))),(10,(20,17))),(9,2))),(3,((13,12),21)),1);
((2,(((8,11),((14,18),(16,15))),((5,10),(20,17)))),(((13,12),21),(3,(7,(9,6)))),1);
(((((13,12),21),(7,(5,(6,8)))),3),(2,((11,((14,18),(16,15))),(10,(9,(20,17))))),1);
(((7,((6,8),9)),(((13,12),21),3)),(2,((20,17),((11,10),(5,(14,(18,(16,15))))))),1);
(21,(((3,7),((2,((9,(20,17)),(8,(10,((((18,16),15),14),11))))),6)),((5,13),12)),1);
(5,(3,((13,(21,12)),(7,(2,(((8,6),9),(((11,10),(14,((15,18),16))),(17,20))))))),1);
(((((7,6),((8,((11,10),(14,((15,18),16)))),((17,20),9))),(12,13)),3),((5,21),2),1);
((2,9),(((12,13),(3,((7,6),(((11,10),(14,((15,16),18))),((8,17),20))))),(21,5)),1);
((8,((6,((((5,11),10),(16,(18,(14,15)))),(17,20))),((7,(12,(13,21))),3))),(2,9),1);
(((((7,6),(((11,10),((15,16),(18,14))),(17,20))),(12,(13,21))),3),(5,(2,(8,9))),1);
(9,(2,(8,(((((12,(5,21)),13),(7,(((11,10),((15,16),(18,14))),(17,20)))),3),6))),1);
(((((12,21),13),(((5,6),7),((11,10),((16,((15,18),14)),(17,20))))),3),((9,8),2),1);
((((6,7),((11,((17,20),(5,10))),(16,((15,18),14)))),(3,((12,21),13))),((9,2),8),1);
(((((5,11),10),(14,((15,16),18))),(17,20)),(3,(((6,((9,2),8)),7),((12,21),13))),1);
(((9,2),(((11,10),(8,(16,(18,(14,15))))),(17,20))),((((5,6),7),((12,21),13)),3),1);
(((3,((13,12),21)),(7,(6,(((11,10),((14,18),(16,15))),(20,(9,17)))))),(5,(8,2)),1);
(((3,((13,12),21)),7),(2,(6,((8,(((11,(5,10)),((14,(15,18)),16)),9)),(20,17)))),1);
((2,((8,((11,(5,10)),((14,18),(15,16)))),(20,17))),((7,(9,6)),(((13,12),21),3)),1);
(21,(((3,((6,8),7)),((9,2),(((11,10),(14,((15,18),16))),(20,17)))),((5,13),12)),1);
(((9,2),(((11,10),((14,18),(16,15))),(20,17))),((13,(21,12)),(3,(((5,6),8),7))),1);
((21,(((((11,10),((14,18),(16,15))),(9,(20,17))),((5,(6,8)),7)),(3,(13,12)))),2,1);
(((21,((12,((6,(5,((11,10),((14,(15,18)),16)))),(7,(20,17)))),13)),3),(9,(8,2)),1);
((((20,17),9),(((10,((14,18),(15,16))),(5,11)),(8,2))),(((12,21),(3,(6,7))),13),1);
((2,(3,((((20,17),(((10,((14,18),(15,16))),11),8)),((5,6),7)),(13,(12,21))))),9,1);
((((12,21),(((9,(20,17)),(10,(((14,18),(15,16)),(11,8)))),(5,(6,7)))),(3,13)),2,1);
(((12,((5,2),21)),(13,((7,((8,9),6)),((11,10),((((14,18),15),16),(17,20)))))),3,1);
((((7,6),((2,((17,20),9)),(8,((11,(5,10)),((14,15),(18,16)))))),((12,21),13)),3,1);
(21,(3,((12,13),((2,(9,(((11,10),(14,((18,16),15))),(17,20)))),(7,((8,6),5))))),1);
(21,(12,(13,((((11,(5,10)),((14,(15,18)),16)),(17,20)),((3,2),(7,(8,(6,9))))))),1);
(((9,2),((8,((11,(5,10)),((14,(15,18)),16))),(17,20))),((13,3),((7,6),(21,12))),1);
(((((13,21),12),((9,(8,(((11,10),(((18,16),15),14)),(17,20)))),(7,6))),3),(5,2),1);
(((3,((9,(((11,(5,10)),((14,(18,15)),16)),(17,20))),(7,(8,6)))),((13,21),12)),2,1);
(((3,((13,12),((((11,10),((14,18),(15,16))),(17,20)),(7,((9,8),6))))),(5,21)),2,1);
(((((8,((11,(5,10)),((14,18),(15,16)))),(17,20)),(7,(9,6))),(3,(13,12))),(2,21),1);
((((9,2),(((11,10),((14,18),(15,16))),(17,20))),5),(3,(((13,21),12),(7,(8,6)))),1);
((((20,17),((10,11),(14,((16,15),18)))),9),(6,((((21,(12,13)),(5,(7,8))),3),2)),1);
(((2,9),((20,17),((10,(8,11)),(16,((18,14),15))))),(5,(6,((3,((13,21),12)),7))),1);
((12,((((2,9),((20,17),(((5,10),11),(16,(18,(14,15)))))),(3,(7,(8,6)))),13)),21,1);
((((((2,9),((20,17),(8,((10,(5,11)),(16,(14,(15,18))))))),(7,6)),(13,12)),3),21,1);
(((9,2),((20,17),((10,11),((5,(15,16)),(14,18))))),(3,((7,(8,6)),((21,12),13))),1);
(21,(12,(13,((2,((20,(17,9)),((10,11),((15,16),(14,18))))),(3,(7,(5,(8,6))))))),1);
(((2,((20,17),(((5,10),11),((15,16),(14,18))))),9),((3,(7,(8,6))),((21,12),13)),1);
((2,(8,9)),((3,(5,(((20,17),((10,11),((15,16),(14,18)))),(7,6)))),((21,12),13)),1);
(21,(12,(13,(((2,(9,((20,17),((10,11),((15,16),(14,18)))))),(7,(5,(6,8)))),3))),1);
((((20,17),((10,11),(16,(14,(15,18))))),(2,9)),((((21,12),13),(7,((8,6),5))),3),1);
(((3,(((8,(9,6)),7),((20,17),((((15,18),14),16),((5,10),11))))),((13,21),12)),2,1);
((((((((15,18),14),16),((5,10),11)),(9,(20,17))),2),(6,(8,7))),(3,((13,21),12)),1);
((((13,(5,21)),12),(((6,7),((20,17),(8,(((18,14),(15,16)),(10,11))))),3)),(9,2),1);
((((9,(20,17)),(10,(11,(8,((18,14),(15,16)))))),2),((3,(6,(7,5))),((21,12),13)),1);
((((20,17),(((10,(11,(((15,18),14),16))),8),5)),2),(3,(((9,6),7),((21,12),13))),1);
((((20,17),(10,(11,(((15,18),14),16)))),(5,2)),(3,((((8,9),6),7),((21,12),13))),1);
((((20,17),(10,((5,11),((18,14),(15,16))))),(2,9)),((3,(((21,12),13),7)),(8,6)),1);
(((21,12),13),(((2,(9,(8,6))),(((20,17),((5,10),(11,((18,14),(15,16))))),7)),3),1);
((3,(2,21)),(12,((7,(6,8)),(13,((20,(9,17)),(((11,5),10),((18,14),(15,16))))))),1);
((2,((20,17),(((5,10),((18,14),(15,16))),11))),((((21,12),(7,(9,(6,8)))),3),13),1);
((12,(13,21)),((((9,2),((20,17),(((5,10),11),((18,14),(15,16))))),((6,8),7)),3),1);
(((8,(9,2)),((20,17),((10,11),(((15,18),14),16)))),((((5,6),7),(12,(13,21))),3),1);
(2,(((20,17),(5,((10,(8,11)),((18,14),(15,16))))),((3,(12,(13,21))),((9,6),7))),1);
(2,((((12,(9,((20,17),((((5,10),11),(14,(16,(15,18)))),8)))),(3,13)),(6,7)),21),1);
((((((8,(9,6)),7),((20,17),((10,11),(14,((15,16),18))))),(13,(12,21))),3),(2,5),1);
((7,((((20,17),((10,11),(14,((15,16),18)))),((12,13),21)),3)),((6,((2,9),8)),5),1);
(21,((((9,2),((20,17),(((5,(14,((15,16),18))),11),10))),(3,((7,6),8))),(12,13)),1);
(((21,(((6,5),7),(12,13))),3),((9,2),((20,17),(8,(((((15,18),14),16),11),10)))),1);
(21,((((((5,(8,6)),7),(3,2)),(9,((20,17),((((18,14),(15,16)),11),10)))),13),12),1);
(((5,21),((13,((6,7),(12,((8,(((((15,18),14),16),11),10)),(9,(20,17)))))),3)),2,1);
(((3,(((9,6),7),(2,((20,17),(((((15,18),14),16),((10,5),11)),8))))),(13,12)),21,1);
((((2,((20,17),((((15,18),14),16),(10,11)))),(3,((8,(6,9)),7))),((5,13),12)),21,1);
((9,(2,(((((15,18),14),16),(11,(8,(20,17)))),(5,10)))),((3,(13,(6,7))),(21,12)),1);
((((((((18,14),(15,16)),11),10),(20,17)),2),9),(((13,21),12),((((6,5),8),7),3)),1);
((((6,7),3),(((8,(((5,10),11),((15,14),(16,18)))),((20,17),9)),((13,21),12))),2,1);
(((7,(8,(5,6))),3),(((13,21),12),(2,(((10,11),(15,(16,(14,18)))),((20,17),9)))),1);
((9,(((10,11),(15,(16,(14,18)))),(20,17))),(((6,((5,7),8)),2),(3,((13,21),12))),1);
(21,((12,(((7,(8,6)),((2,9),(((10,11),((14,18),(15,16))),(5,(17,20))))),3)),13),1);
(((((7,5),6),((2,9),((8,((10,11),((14,18),(15,16)))),(17,20)))),(21,(13,12))),3,1);
(((2,9),(((10,11),((14,18),(15,16))),(17,20))),(((21,(13,12)),3),(7,(8,(5,6)))),1);
((((((10,11),((15,16),(14,18))),8),(20,17)),(3,((7,(5,6)),((13,(2,21)),12)))),9,1);
(6,((7,(3,((13,12),21))),((5,((2,9),8)),(((10,11),(16,((15,14),18))),(20,17)))),1);
(((((5,((9,8),((10,11),((15,16),(14,18))))),(20,17)),(6,7)),(3,((13,12),21))),2,1);
(((((((5,(9,6)),7),12),(13,((8,((10,11),(16,(14,(15,18))))),(20,17)))),21),3),2,1);
((5,((9,6),2)),(3,(((((10,(8,11)),((15,16),(14,18))),(20,17)),7),(12,(21,13)))),1);
(((3,((9,(((10,11),((14,15),(16,18))),(20,17))),7)),(12,(21,(5,13)))),((8,2),6),1);
(((3,((((10,11),(16,(14,(15,18)))),((20,17),9)),7)),(12,(21,13))),((8,2),(6,5)),1);
(21,(((12,(8,(6,7))),(13,(2,(((((5,10),11),((15,16),(14,18))),(20,17)),9)))),3),1);
((((((5,10),11),(16,((15,14),18))),(20,17)),2),((13,(12,21)),(3,((8,(9,6)),7))),1);
(((((10,11),((16,15),(18,14))),(20,17)),2),((13,(12,21)),(3,((((8,9),5),6),7))),1);
(((17,20),(((18,14),(16,15)),((5,10),11))),(((((8,(9,6)),2),7),(13,(12,21))),3),1);
(21,(((((17,20),(8,(((18,14),(16,15)),((5,10),11)))),2),(13,(12,(7,(6,9))))),3),1);
(21,((13,(((9,(((17,20),(8,(((18,14),(16,15)),((5,10),11)))),2)),3),(7,6))),12),1);
(21,((13,((((17,20),((10,((18,14),(16,15))),(11,5))),2),(12,(7,(8,(9,6)))))),3),1);
((3,(7,((5,6),((8,2),9)))),((12,(13,21)),((17,20),((10,((18,14),(16,15))),11))),1);
((21,(((((17,20),(8,(((5,10),((15,16),(18,14))),11))),((9,6),7)),3),(13,12))),2,1);
((((12,21),((13,8),7)),3),(6,(2,((9,(17,20)),(((15,16),(18,14)),(11,(5,10)))))),1);
(((((15,16),(18,14)),(11,(10,(5,2)))),(20,(9,17))),(3,(((8,12),21),((7,6),13))),1);
(((((12,13),21),3),7),(2,((8,6),(9,((((15,16),(18,14)),(11,(5,10))),(20,17))))),1);
(((((12,21),3),13),7),(6,((8,(2,9)),((((15,16),(18,14)),(11,(5,10))),(20,17)))),1);
((6,(((16,((15,18),14)),((2,10),11)),((8,(20,(17,9))),5))),(7,(3,((13,12),21))),1);
((13,((3,(12,((6,(5,7)),2))),21)),((((10,(((15,16),(18,14)),8)),11),(20,17)),9),1);
(2,((13,(21,12)),(3,(((5,(6,9)),7),(((10,((15,16),(18,14))),(8,11)),(20,17))))),1);
((2,((((20,17),(5,10)),(16,((15,18),14))),11)),((7,(3,(13,(21,12)))),((6,9),8)),1);
(((((5,10),((15,16),(18,14))),11),(20,17)),((7,((8,9),6)),(3,(13,((2,21),12)))),1);
((2,21),((12,((((8,((10,((15,16),(18,14))),11)),(20,17)),(7,(9,6))),(5,13))),3),1);
(((8,(((5,10),(16,((15,18),14))),11)),(9,(20,17))),((13,(12,21)),((3,(6,2)),7)),1);
(((9,((17,8),20)),(2,(10,(((15,16),(18,14)),11)))),(3,((13,(12,21)),((5,6),7))),1);
(((((17,20),(10,((16,((15,18),14)),11))),(2,9)),(((13,21),(12,(7,(8,6)))),3)),5,1);
((((17,20),(10,(((15,16),(18,14)),(8,11)))),(2,9)),((7,(5,6)),((13,(12,21)),3)),1);
(2,(((12,(13,21)),3),(((((10,((5,8),11)),((18,14),(15,16))),9),(17,20)),(7,6))),1);
(((6,8),2),((((12,13),21),3),(((10,((5,11),(((15,18),14),16))),(9,(17,20))),7)),1);
(((((10,(11,(((15,18),14),16))),(17,20)),7),((12,21),13)),((((9,(5,6)),8),2),3),1);
(((3,(((10,((8,11),((18,14),(15,16)))),(17,20)),(7,(9,6)))),(13,(12,21))),(2,5),1);
((((((10,(11,(((18,14),(15,16)),8))),(9,(17,20))),((7,6),5)),3),(13,(12,21))),2,1);
((3,((13,((5,12),21)),((((10,(11,((18,14),(15,16)))),8),(9,(17,20))),(7,6)))),2,1);
((12,21),(((13,5),(((2,9),(6,((17,20),(10,((8,11),((14,15),(16,18))))))),7)),3),1);
((5,(2,9)),(((17,20),(10,((8,11),((14,15),(16,18))))),((12,(13,21)),((6,7),3))),1);
((21,((3,(12,13)),(((9,(17,20)),(10,(11,(16,(14,(15,18)))))),((5,6),7)))),(8,2),1);
(((3,((12,(13,21)),((17,20),((5,10),(11,(16,(18,(14,15)))))))),(6,7)),(9,(8,2)),1);
((8,(9,2)),(3,((13,12),(21,((7,6),((20,17),((10,(5,11)),((15,16),(18,14)))))))),1);
((8,(9,2)),(((7,6),((20,17),(11,((((15,16),(18,14)),5),10)))),(3,(12,(13,21)))),1);
((((3,(7,5)),(12,13)),21),(6,((8,(9,2)),((20,17),(11,((16,(18,(15,14))),10))))),1);
(9,(2,(((12,21),13),(3,(7,(6,((20,17),(8,(11,(((15,16),(18,14)),(10,5)))))))))),1);
((6,((5,(((12,21),13),3)),7)),(((20,17),(8,(11,(((15,16),(18,14)),10)))),(9,2)),1);
(2,(((((12,21),13),3),(7,6)),((20,(9,17)),(((16,(18,(15,14))),(10,5)),(8,11)))),1);
((5,2),((((7,(8,6)),(3,12)),(13,((20,(9,17)),(((16,(14,(15,18))),10),11)))),21),1);
(2,((((20,17),(8,((((15,16),(14,18)),10),11))),9),((12,(13,21)),(3,(7,(6,5))))),1);
(((9,2),(((((15,16),(14,18)),10),11),(20,17))),((12,(13,21)),(3,(7,((8,6),5)))),1);
((8,(9,2)),(((7,(6,5)),(((((15,16),(14,18)),10),11),(20,17))),((12,(13,21)),3)),1);
(2,(3,(((21,12),13),(((6,5),7),((9,(17,20)),(((10,11),((15,16),(18,14))),8))))),1);
((((6,(8,(5,(7,9)))),((17,20),((10,11),(14,(16,(15,18)))))),(2,3)),((21,12),13),1);
((3,(((21,12),13),((7,6),(9,((17,20),(5,((10,11),((14,18),(16,15))))))))),(8,2),1);
((((7,(8,6)),(((10,11),((14,(15,18)),16)),(9,(17,20)))),(3,((21,12),13))),(5,2),1);
((((17,20),((10,11),((14,18),(15,16)))),(2,9)),((3,((21,12),13)),(7,((8,6),5))),1);
((3,(((21,12),(5,13)),((7,6),((17,20),((10,11),(14,((15,18),16))))))),(8,(2,9)),1);
((((7,6),((17,20),(8,((11,(5,10)),(((15,18),14),16))))),(3,((21,12),13))),(9,2),1);
(((((21,12),13),((7,(9,6)),((17,20),(8,((11,(5,10)),((18,14),(15,16))))))),3),2,1);
(((((12,((7,(8,(9,6))),((17,20),((11,(5,10)),((18,14),(15,16)))))),13),3),21),2,1);
((5,2),((((12,((7,(8,(9,6))),((17,20),((11,10),((18,14),(15,16)))))),13),21),3),1);
(5,((3,((7,6),(13,(12,21)))),(2,((8,(10,(11,((14,15),(18,16))))),((9,17),20)))),1);
(((3,(7,6)),(13,(12,21))),(2,((8,(5,(10,(11,(15,((14,18),16)))))),((9,17),20))),1);
((13,(((7,(5,6)),(3,21)),12)),((10,(11,((14,18),(16,15)))),((((17,20),9),8),2)),1);
(2,((3,((((17,20),(10,(11,((14,18),(16,15))))),9),(7,(8,6)))),((21,12),(5,13))),1);
(5,((2,(6,(11,(((14,18),(16,15)),((((17,20),9),8),10))))),(7,(3,((21,12),13)))),1);
((((17,20),9),(13,(((7,(5,6)),(21,12)),3))),(2,((11,(((14,18),(16,15)),10)),8)),1);
((((7,(5,6)),(13,(21,12))),3),((2,(11,(((14,18),(16,15)),10))),(8,(20,(9,17)))),1);
((((13,(21,12)),3),(7,(6,5))),(2,((11,(((14,18),(16,15)),10)),(((20,17),8),9))),1);
((5,21),(((((((20,17),9),6),7),((2,8),(11,(((14,18),(16,15)),10)))),(13,12)),3),1);
(2,((13,(((20,17),9),(11,(((14,18),(16,15)),10)))),((21,12),((((5,8),6),7),3))),1);
(((12,13),((3,(7,((8,9),6))),(((20,17),((10,11),(16,((15,18),14)))),2))),(5,21),1);
(((12,13),((3,(7,(9,6))),(((20,17),(((5,10),8),(11,(16,((15,18),14))))),2))),21,1);
((((20,17),(11,(((15,16),(18,14)),(5,10)))),2),(((21,12),13),((7,(8,(9,6))),3)),1);
((21,((((7,6),((20,17),(8,((5,11),((16,((15,18),14)),10))))),(13,3)),12)),(9,2),1);
(((((7,(5,6)),((20,17),(11,((16,((15,18),14)),10)))),((21,12),13)),3),(8,(9,2)),1);
((2,((((21,12),13),(3,((7,6),((9,(20,17)),(11,(((15,16),(18,14)),10)))))),8)),5,1);
(2,(((((13,(12,((9,(20,17)),(8,(11,(((15,16),(18,14)),10)))))),3),(7,6)),21),5),1);
(2,((((12,(((5,(9,(20,17))),(8,(11,((16,(18,(15,14))),10)))),13)),(7,6)),3),21),1);
((3,2),(21,((((7,5),6),((9,(20,17)),(8,(11,((16,(18,(15,14))),10))))),(13,12))),1);
((5,(21,(((7,6),((9,(20,17)),(8,(11,(((15,16),(18,14)),10))))),(13,12)))),(3,2),1);
(((((9,17),20),(((15,16),(14,18)),((8,11),10))),2),((13,((5,12),21)),((7,6),3)),1);
((((17,20),((16,(14,(15,18))),(11,10))),2),((21,(13,(12,(7,(5,(9,(8,6))))))),3),1);
((((17,20),(((15,16),(14,18)),(11,10))),(2,5)),(3,((12,(13,21)),(7,((9,6),8)))),1);
(21,(((((7,((9,6),8)),(((17,20),(((15,16),(14,18)),((5,11),10))),2)),3),12),13),1);
(21,((((7,(6,(8,9))),((((17,20),((((15,16),(14,18)),(5,10)),11)),2),3)),12),13),1);
(((10,(11,((17,20),(16,(14,(15,18)))))),2),(3,(((21,12),13),(7,(5,(6,(8,9)))))),1);
(((6,9),(((11,(16,(14,(15,18)))),((5,2),10)),(17,20))),(7,(3,((21,12),(8,13)))),1);
(21,(12,(13,(((7,((6,8),5)),(9,(((11,((15,16),(14,18))),10),(17,20)))),(2,3)))),1);
((3,2),(((7,(6,8)),((17,20),(9,((11,((15,16),(14,18))),(5,10))))),(13,(21,12))),1);
((2,(17,20)),((3,((21,12),13)),(((9,(((11,(16,((15,14),18))),10),(5,8))),6),7)),1);
((2,6),(7,(((21,12),((9,((17,20),(((((14,18),(15,16)),(11,10)),8),5))),13)),3)),1);
(5,(((9,((17,20),((((14,18),(15,16)),8),(11,10)))),(3,((13,(21,12)),(6,7)))),2),1);
(((2,9),((17,20),((((14,18),(15,16)),8),(11,10)))),((((5,6),7),(13,(21,12))),3),1);
((((((17,20),(((14,(15,18)),16),(11,10))),(2,(8,(6,9)))),(5,7)),(13,(21,12))),3,1);
(((2,(5,21)),(13,(12,(((((14,18),(15,16)),(11,10)),(9,(17,20))),(7,(6,8)))))),3,1);
(((2,(5,21)),(13,(12,((9,((17,20),(((14,18),(15,16)),(11,10)))),(7,(6,8)))))),3,1);
(21,(((12,((2,9),((17,20),(((14,18),(15,16)),(11,10))))),((7,(8,(5,6))),13)),3),1);
((((7,(9,(6,8))),((12,13),21)),3),(2,((17,20),(11,((5,10),(((15,14),18),16))))),1);
(2,((3,((13,((12,((17,20),(11,((5,10),(((15,14),18),16))))),(7,(9,6)))),21)),8),1);
((3,((13,(12,(7,(6,((17,20),(8,((5,11),(10,((14,18),(15,16)))))))))),21)),(9,2),1);
(((12,21),(((6,7),13),3)),(2,((9,(20,17)),((10,(((18,14),(15,16)),8)),(5,11)))),1);
(((12,(13,(21,((5,6),7)))),3),(((20,17),((10,(((18,14),(15,16)),8)),11)),(9,2)),1);
((9,2),((3,((12,(13,21)),((8,(5,6)),7))),((20,17),((10,(((15,18),14),16)),11))),1);
((3,(5,((2,9),8))),(((12,(13,21)),(6,7)),((20,17),((10,((18,14),(15,16))),11))),1);
(((2,9),8),(((12,(13,21)),3),((6,7),(((((20,17),14),((15,16),18)),(5,10)),11))),1);
(((12,(13,21)),((6,7),(((((14,((15,16),18)),5),(20,17)),10),11))),(3,((9,2),8)),1);
((((5,2),((((14,((15,16),18)),10),11),(20,17))),((3,13),((12,21),((8,6),7)))),9,1);
((2,(((((16,18),(15,14)),(5,10)),11),(20,17))),((((8,(6,9)),7),(13,(12,21))),3),1);
(((((16,(14,(15,18))),10),11),((20,(17,9)),2)),((13,(12,21)),(3,(7,((6,8),5)))),1);
(21,((((7,(5,(6,8))),(3,((((((15,16),(14,18)),10),11),(9,(20,17))),2))),13),12),1);
(21,(12,((((20,17),(((((18,14),(15,16)),5),10),11)),(2,(3,((9,(8,6)),7)))),13)),1);
(21,(12,((((20,17),((((18,14),(15,16)),(5,10)),11)),(2,(3,(((6,9),8),7)))),13)),1);
(((((18,(15,14)),16),((20,17),10)),11),((13,(21,12)),(3,(7,(6,(5,((9,2),8)))))),1);
(((9,2),(((((18,14),(15,16)),10),11),(20,17))),((13,((8,12),21)),(3,(7,(5,6)))),1);
(((8,(((((15,18),14),16),10),11)),(2,(20,(17,9)))),(((7,(5,6)),((13,12),21)),3),1);
(21,(((3,(7,6)),(((20,17),(8,((((18,14),(15,16)),(5,10)),11))),(2,9))),(13,12)),1);
((((((18,14),(15,16)),((20,17),10)),11),(2,(9,8))),((3,(13,(21,12))),(7,(5,6))),1);
(((9,2),8),((3,(13,(21,12))),((7,6),(((((15,18),14),16),((20,17),(5,10))),11))),1);
((2,8),((3,((7,6),((((((18,14),(15,16)),10),11),5),(9,(20,17))))),((21,12),13)),1);
(2,((21,((8,(9,12)),(13,((7,6),(((((18,14),(15,16)),10),11),(20,17)))))),(3,5)),1);
(((9,(20,17)),(((16,(14,(15,18))),(10,(8,11))),2)),(3,((13,(21,12)),(7,(5,6)))),1);
(21,(12,((((3,(2,(((20,17),((16,(14,(15,18))),(10,11))),9))),(7,(8,6))),5),13)),1);
(((7,((20,(9,17)),6)),(3,(13,(12,21)))),((8,(((14,((15,18),16)),(5,11)),10)),2),1);
(((7,(6,(9,((8,((((16,((18,15),14)),5),10),11)),(20,17))))),(3,(13,(12,21)))),2,1);
(21,((((((2,(((16,((18,15),14)),10),11)),(9,(20,17))),(((5,6),8),7)),3),13),12),1);
((((8,((((15,16),(18,14)),10),11)),(20,17)),9),((((13,12),3),(((5,6),2),7)),21),1);
(21,(((2,(((((15,16),(18,14)),10),(5,11)),((20,17),9))),(3,(7,6))),(13,(8,12))),1);
(21,((((9,2),((20,(17,(8,(((16,((15,18),14)),(5,10)),11)))),6)),(3,7)),(13,12)),1);
(((9,2),(20,(17,((((15,16),(18,14)),(5,10)),11)))),(3,((13,((8,6),7)),(12,21))),1);
((2,((((8,(16,(18,(15,14)))),(5,10)),11),(9,(20,17)))),((12,(13,21)),(3,(6,7))),1);
(21,((((6,(((8,((10,(5,11)),((14,18),(15,16)))),(9,(17,20))),2)),3),7),(12,13)),1);
(21,((12,(13,((((8,((10,5),(11,((14,18),(15,16))))),(9,(17,20))),2),(7,6)))),3),1);
(21,((12,(3,((((10,((5,(8,11)),(14,(18,(15,16))))),(17,20)),2),(7,(9,6))))),13),1);
(((((5,10),(11,(14,((15,18),16)))),(17,20)),2),(((8,(7,(9,6))),(21,(13,12))),3),1);
((((7,(8,6)),(21,(13,12))),3),((((5,10),(11,((14,18),(16,15)))),(17,20)),(9,2)),1);
(((((12,(7,(6,9))),13),21),3),((((((14,(15,18)),16),((5,10),11)),8),(17,20)),2),1);
(((13,(12,((2,21),(7,(6,8))))),3),((((14,18),(15,16)),((5,10),11)),(9,(17,20))),1);
(((((14,18),(15,16)),((5,10),(8,11))),(17,20)),((7,(6,(9,2))),(3,((12,21),13))),1);
((9,2),(((3,((12,21),13)),7),(((5,(((((15,14),18),16),(10,11)),8)),(17,20)),6)),1);
((9,2),(((5,6),7),((((12,21),13),(((((14,(18,15)),16),(10,11)),8),(17,20))),3)),1);
((((11,10),((15,16),(14,18))),((9,17),20)),(21,(12,(((3,((5,6),7)),2),(8,13)))),1);
(21,((12,13),((3,2),((6,7),((9,(8,(((14,((15,18),16)),(5,10)),11))),(17,20))))),1);
(((((((14,18),(16,15)),(5,10)),11),(9,8)),(17,20)),(13,(((6,7),3),((12,21),2))),1);
((5,(((9,2),6),3)),(((13,(12,21)),((((((18,14),16),15),10),(8,11)),(17,20))),7),1);
((8,(9,2)),(((((17,20),(14,((16,15),18))),10),11),((6,7),(((5,13),(12,21)),3))),1);
((((8,(5,6)),7),((13,(12,21)),3)),((2,9),((((16,((14,15),18)),10),11),(17,20))),1);
(21,(((((5,(6,8)),7),(3,(2,(((((15,16),(14,18)),10),11),(20,(9,17)))))),13),12),1);
((21,((((6,7),(((((15,16),(14,18)),10),(8,11)),(20,(9,17)))),(13,12)),3)),(5,2),1);
(6,((13,(7,((21,12),((2,9),((((8,(((15,14),18),16)),(5,10)),11),(20,17)))))),3),1);
(2,((3,(13,(21,12))),((7,(5,(8,6))),(((((14,18),(15,16)),10),11),(9,(20,17))))),1);
(2,((9,((17,20),(((16,((15,18),14)),(10,11)),8))),(3,(((7,6),5),(13,(12,21))))),1);
((2,((13,(12,21)),((9,((17,20),((16,((15,18),14)),(10,11)))),(7,(8,(6,5)))))),3,1);
(21,(((((7,6),((2,9),((17,20),(8,(((15,16),(18,14)),((5,10),11)))))),3),13),12),1);
(((2,((17,20),(8,(((16,((15,18),14)),(5,11)),10)))),3),(((13,12),21),(7,(9,6))),1);
(2,((((13,12),(5,21)),(7,(((9,(17,20)),(((16,((15,18),14)),11),10)),(8,6)))),3),1);
((((12,(((((9,(17,20)),((((15,16),(18,14)),11),10)),6),7),13)),21),3),(5,(2,8)),1);
(2,((((8,6),7),(((21,12),(13,((20,(9,17)),((((15,16),(18,14)),11),10)))),3)),5),1);
((((3,(6,7)),((13,21),12)),5),(2,((20,(9,17)),(8,(((16,((15,18),14)),11),10)))),1);
(((13,(12,21)),(3,((5,7),(9,6)))),(((((15,16),(18,14)),(8,11)),10),((20,17),2)),1);
(21,((((((((((15,16),(18,14)),(10,5)),11),(20,17)),2),3),((8,(7,9)),6)),13),12),1);
(6,((3,7),((13,(12,((5,21),8))),((20,(17,9)),(2,((11,10),((16,(14,18)),15)))))),1);
(((21,(((((20,(17,9)),(8,((11,10),((16,(14,18)),15)))),(6,7)),(13,12)),3)),2),5,1);
(((((((20,17),((11,10),(8,((16,(14,18)),15)))),9),(7,6)),(13,12)),3),(21,(5,2)),1);
(((((11,10),((16,18),(14,15))),2),((9,(20,17)),8)),((3,(7,(5,6))),((13,12),21)),1);
((((21,5),8),(((((11,10),(((15,16),18),14)),(2,(20,(17,9)))),(7,6)),(13,12))),3,1);
(2,((((13,12),((6,((8,(((11,5),10),(((15,16),18),14))),(20,17))),(9,7))),3),21),1);
((21,((13,12),(2,(3,((6,(5,(9,8))),7))))),(((11,10),(16,((15,18),14))),(20,17)),1);
(((2,(6,9)),((3,7),(13,(21,12)))),((8,((11,10),(16,((5,(15,18)),14)))),(20,17)),1);
(((3,((8,(6,9)),7)),(13,(21,12))),(2,((11,((10,5),((15,16),(18,14)))),(20,17))),1);
(2,((((((15,16),(18,14)),8),(11,(10,5))),(20,17)),((3,((6,9),7)),(13,(21,12)))),1);
(21,((13,12),(((9,2),(((10,((15,16),(14,18))),11),(20,17))),(3,(7,(8,(6,5)))))),1);
(((9,2),((((15,16),(14,18)),(11,8)),(10,(20,17)))),(((12,(13,(7,(5,6)))),3),21),1);
(((2,9),((((16,((15,14),18)),10),(8,11)),(20,17))),(((((5,6),7),3),(12,13)),21),1);
(21,(((13,(((20,17),9),((((15,16),(14,18)),((5,(2,8)),10)),11))),(12,(6,7))),3),1);
(21,(13,(12,((7,(8,(5,6))),(3,(((20,17),9),(((16,(14,(15,18))),(2,10)),11)))))),1);
(((((((15,16),(14,18)),10),11),(20,17)),(2,9)),(((21,12),(7,(5,(6,8)))),(13,3)),1);
(((21,(13,12)),((6,(((5,8),((((15,16),(14,18)),10),11)),((9,(20,17)),2))),7)),3,1);
(((((2,((20,17),(((16,(14,(15,18))),(5,10)),11))),(8,6)),7),(3,(21,(13,12)))),9,1);
(((9,2),(((20,17),(8,((((15,16),(14,18)),10),11))),6)),(7,(((5,13),12),(21,3))),1);
((((20,17),((((15,16),(14,18)),10),11)),(9,2)),((7,(6,8)),((((5,13),12),21),3)),1);
(((2,((11,10),((15,16),(18,14)))),(20,17)),((3,((21,(5,(13,8))),12)),(7,(9,6))),1);
((((11,10),((15,16),(18,14))),(9,(20,17))),(((2,(7,(8,6))),((21,(5,13)),12)),3),1);
(((7,6),(((21,13),12),3)),(((20,17),(((8,11),(5,10)),((15,16),(18,14)))),(2,9)),1);
(((7,(9,6)),(((21,13),12),3)),(((20,17),((11,10),((5,((16,18),14)),15))),(8,2)),1);
(((5,2),21),((9,((20,17),((11,10),(16,((18,15),14))))),(13,(3,(12,(7,(6,8)))))),1);
(((9,2),((20,17),((11,10),((15,16),(18,14))))),((7,(5,(6,8))),(3,((12,21),13))),1);
(21,(((((9,(20,17)),((8,((11,10),(16,((15,18),14)))),2)),13),(12,(7,(6,5)))),3),1);
(6,((5,(((((9,(20,17)),2),(8,((11,10),((15,16),(18,14))))),((21,12),13)),3)),7),1);
((8,(9,6)),(((((21,12),(2,(5,13))),((20,17),((11,10),((15,16),(18,14))))),7),3),1);
(5,(((13,(21,12)),((((20,17),((11,10),((15,16),(18,14)))),(9,2)),((6,8),7))),3),1);
(((5,6),((9,2),8)),((13,((7,((17,20),(11,((((15,16),14),18),10)))),(21,12))),3),1);
((((13,21),12),(3,((5,6),7))),((9,2),((17,20),((8,11),(((16,(15,14)),18),10)))),1);
(2,(((9,(17,20)),(11,((8,((16,15),(14,18))),10))),(3,(((21,12),13),((5,6),7)))),1);
((6,((20,(9,17)),((11,((16,(14,(15,18))),10)),8))),((3,((((5,2),21),12),13)),7),1);
((((((21,12),13),(7,6)),3),2),((20,(9,17)),(11,((8,((15,16),(14,18))),(5,10)))),1);
((((7,(9,(8,6))),((21,12),13)),3),(((20,17),((11,((((16,18),15),14),10)),5)),2),1);
(((3,(7,(6,8))),((21,12),(5,13))),(((20,17),(11,(((16,(14,18)),15),10))),(9,2)),1);
(((3,(7,6)),((21,12),13)),(((20,17),(8,(11,((5,(16,(14,(15,18)))),10)))),(9,2)),1);
(((21,12),13),(3,(7,((((20,17),(11,((5,((15,16),(14,18))),10))),2),((6,9),8)))),1);
(((2,(5,(9,6))),((((21,12),13),3),((7,11),(((15,16),(14,18)),((20,17),10))))),8,1);
((2,((21,(13,12)),(3,((6,7),((20,17),((11,10),(14,(16,(15,18))))))))),((8,9),5),1);
(((3,7),((5,21),(13,12))),((((20,17),((11,10),(14,(16,(15,18))))),2),((9,6),8)),1);
((((((20,17),(10,((14,18),(16,15)))),11),2),5),((7,((6,9),8)),(3,(21,(13,12)))),1);
(((((20,17),(10,((14,18),(16,15)))),11),2),((7,(6,((5,8),9))),(3,(21,(13,12)))),1);
(2,((3,(21,(13,12))),((9,(((20,17),((14,18),(16,15))),(10,((8,11),5)))),(7,6))),1);
(2,((((8,(5,(10,(((14,18),(16,15)),11)))),((20,17),9)),(7,6)),((21,(13,12)),3)),1);
(((((10,((((15,14),18),16),11)),(20,17)),9),2),((7,(8,6)),((21,((5,13),12)),3)),1);
((((13,12),(((7,6),(((10,(((14,18),(15,16)),(5,11))),(20,17)),(9,2))),3)),21),8,1);
((3,(((7,(5,6)),13),((((10,((8,(14,(16,(18,15)))),11)),(20,17)),(9,2)),12))),21,1);
(2,(3,((13,(12,21)),((7,(5,6)),(((8,(10,((14,(16,(18,15))),11))),9),(20,17))))),1);
(2,((7,6),((13,(21,(((20,17),((8,9),((10,11),(((15,18),14),16)))),(5,12)))),3)),1);
(((13,12),(3,((7,(5,6)),((2,((10,11),(((15,18),14),16))),(((17,8),20),9))))),21,1);
((((5,(8,((10,11),(((15,18),14),16)))),((17,20),9)),(((7,6),(21,(13,12))),3)),2,1);
(21,((13,12),(((7,6),(((8,2),((10,11),(((15,18),14),16))),(((5,17),20),9))),3)),1);
(21,((13,12),(((((17,20),9),(((((15,18),14),16),(5,10)),(11,(8,7)))),2),(3,6))),1);
((((17,20),(8,((((18,14),(15,16)),10),11))),(2,9)),((((13,12),21),((5,6),7)),3),1);
(21,((((((17,20),((((18,(15,14)),16),(5,10)),11)),(9,2)),(6,(7,8))),3),(13,12)),1);
((5,((9,2),8)),(3,((((6,7),((17,20),(((((18,15),16),14),10),11))),13),(21,12))),1);
(((9,2),8),((3,((6,7),((17,20),(5,(((14,(18,(15,16))),10),11))))),(21,(13,12))),1);
((((21,(13,12)),(6,7)),3),(((9,2),8),(20,(((14,(18,(15,16))),(5,10)),(17,11)))),1);
(((9,2),(((((14,18),(15,16)),(11,10)),8),(20,17))),((13,(12,21)),(3,(6,(7,5)))),1);
(((9,2),(20,(5,((((((15,14),18),16),(11,10)),8),17)))),((13,(12,21)),(3,(6,7))),1);
(21,(13,(12,((3,((8,6),7)),((9,2),((((14,(18,15)),16),(11,(5,10))),(17,20)))))),1);
(21,(12,(((3,(((9,2),6),7)),((8,((((14,18),(15,16)),(11,10)),5)),(17,20))),13)),1);
(21,((((7,((6,8),9)),3),(2,((((14,18),(15,16)),(11,(5,10))),(17,20)))),(13,12)),1);
(2,((3,((((7,(5,6)),((8,(((14,18),(15,16)),(11,10))),((9,17),20))),13),12)),21),1);
((5,(9,(8,2))),(21,(((((7,6),(11,(((17,20),10),((14,(15,18)),16)))),12),13),3)),1);
((9,((8,(((5,(((14,18),(15,16)),11)),10),2)),(17,20))),((7,6),(((12,13),21),3)),1);
(2,(((((((8,((14,(15,18)),16)),11),10),(17,20)),((9,7),(6,5))),((12,13),21)),3),1);
(2,(((12,(13,((((((((14,18),(15,16)),(5,11)),10),8),(9,(17,20))),6),7))),21),3),1);
((2,((8,(20,(9,17))),((11,10),((15,16),(14,18))))),((((13,12),21),(7,(6,5))),3),1);
((((13,12),3),((((20,17),((11,10),(16,(14,(15,18))))),(8,(9,2))),(7,6))),(5,21),1);
(((3,((13,12),((((20,17),((11,10),(14,(15,(16,18))))),9),(7,((5,6),8))))),21),2,1);
(((2,9),((20,17),((11,10),(15,(16,(14,18)))))),(((7,(5,(6,8))),(13,(12,21))),3),1);
(((2,9),((20,17),((11,10),(15,(16,(14,18)))))),(((7,(5,(6,8))),(13,(12,21))),3),1);
(((9,(20,17)),((8,((11,5),(10,(16,(14,(15,18)))))),2)),(((7,6),(13,(12,21))),3),1);
(((9,(20,17)),((8,(11,((5,10),(16,(14,(15,18)))))),2)),((((7,6),(12,21)),3),13),1);
(((13,12),(((9,(20,17)),(8,(11,(10,(16,(14,(15,18))))))),(7,6))),(3,((2,5),21)),1);
(((9,6),(2,((20,17),(8,(11,(10,((16,(14,18)),15))))))),(((12,(13,(5,21))),7),3),1);
((2,((9,(20,17)),(11,(10,(5,(16,((15,14),18))))))),(((12,13),((7,(8,6)),21)),3),1);
((2,(8,9)),((3,((21,(12,13)),((7,6),(((11,10),(((15,14),18),16)),(20,17))))),5),1);
((5,21),(3,((13,((7,((2,(8,9)),6)),(((11,10),((14,(18,15)),16)),(20,17)))),12)),1);
(2,((((8,9),6),(((11,(5,10)),((14,18),(15,16))),(20,17))),(((12,13),21),(7,3))),1);
(21,(12,(13,((((6,8),7),3),((2,9),(((11,(5,10)),(14,((15,18),16))),(20,17)))))),1);
(9,((((((11,(5,10)),((14,18),(16,15))),(20,17)),((3,(6,7)),((21,12),13))),8),2),1);
(((((11,(5,10)),(((15,14),18),16)),(20,17)),((3,((8,6),7)),((21,12),13))),(2,9),1);
((((8,6),7),((21,3),(12,13))),((2,9),(((11,(5,10)),((14,18),(15,16))),(20,17))),1);
(((6,7),(((5,21),3),(12,13))),((2,(8,9)),((((20,17),10),((14,(15,18)),16)),11)),1);
((((21,(12,13)),3),((6,5),7)),(((20,17),9),(2,(8,((10,((14,(15,18)),16)),11)))),1);
(21,((12,13),(3,(((6,5),7),((9,(8,(20,17))),(2,((10,((14,18),(15,16))),11)))))),1);
((((17,20),((11,10),((18,14),(15,16)))),2),(((21,(13,12)),(((8,(6,5)),7),9)),3),1);
((21,(3,((13,12),(((8,6),7),(((17,20),((11,(5,10)),((18,14),(15,16)))),9))))),2,1);
((((17,20),(((11,5),((18,14),(15,16))),10)),(2,9)),(((12,13),21),(3,((8,6),7))),1);
(2,(((5,((12,(8,13)),21)),3),((((11,((18,14),(15,16))),10),(9,(17,20))),(6,7))),1);
((21,(((3,5),(6,7)),(13,12))),(2,(9,((17,20),(8,((11,((18,14),(15,16))),10))))),1);
((8,(((7,((11,((17,20),((18,14),(15,16)))),10)),(((12,13),21),(3,5))),(2,6))),9,1);
((((((6,7),((8,(5,((11,((18,14),(15,16))),10))),(17,20))),(12,13)),21),3),(9,2),1);
(((12,(13,21)),(3,((6,7),((5,(((8,11),((18,16),(15,14))),10)),(17,20))))),(9,2),1);
((21,(((((8,6),7),(((11,((14,18),(16,15))),10),(17,20))),12),13)),(3,(9,(5,2))),1);
(((2,9),8),(((5,((11,(((14,18),16),15)),10)),(17,20)),((6,7),(((12,3),13),21))),1);
