(((13,(((8,17),(20,6)),((((15,5),16),14),18))),(11,(10,7))),(2,(((9,12),3),21)),1);
(11,((((10,7),12),(21,3)),(2,((8,(13,9)),(((17,20),(((14,18),16),15)),(6,5))))),1);
(((((((14,16),15),18),9),11),((8,(17,(20,6))),(((((5,(3,7)),2),12),13),21))),10,1);
((6,(11,(17,20))),((8,2),(12,((21,((7,10),(9,13))),(3,(5,(((18,16),14),15)))))),1);
(20,((5,((12,(21,((2,9),(8,3)))),13)),(((11,17),6),((7,10),((16,15),(18,14))))),1);
(((11,6),((21,(((2,12),3),(7,10))),(9,13))),(((5,(17,20)),(((16,15),14),18)),8),1);
((9,6),(((8,2),(11,(17,20))),(((15,((16,(18,14)),5)),(10,13)),((7,12),(3,21)))),1);
(((20,((6,9),((15,5),(16,(18,14))))),((11,((17,12),(8,(10,7)))),((13,3),21))),2,1);
((3,(((((12,7),((((8,9),6),5),11)),2),13),21)),(10,((17,20),(15,(14,(16,18))))),1);
((((((5,9),11),10),((18,14),(15,16))),((((13,((12,(8,7)),2)),21),3),6)),(17,20),1);
((((9,11),((15,(16,14)),18)),(5,(6,(17,20)))),(((((12,8),(13,10)),7),21),(3,2)),1);
((6,(((21,(13,((5,9),(11,((((15,(14,18)),16),7),10))))),(3,2)),12)),((17,20),8),1);
((((((21,(12,13)),10),(((9,11),((5,15),((18,14),16))),7)),3),2),(6,(8,(20,17))),1);
(((((13,9),(((11,(5,7)),((16,15),(18,14))),12)),21),(3,2)),(10,(8,((17,20),6))),1);
((((2,(21,12)),3),((((6,(8,10)),(9,11)),7),((17,20),(((14,18),16),(5,15))))),13,1);
(6,((3,(2,((12,((17,20),((16,(14,18)),(7,15)))),((8,13),21)))),((9,10),(5,11))),1);
((((5,9),(8,(10,6))),11),((((7,((17,20),(15,((18,14),16)))),3),((13,2),21)),12),1);
(((13,10),((((15,16),18),14),((17,20),(11,7)))),((3,21),((2,12),((8,6),(5,9)))),1);
(15,((16,(18,14)),((17,(((((5,(9,6)),8),(20,(7,11))),(21,((13,10),2))),3)),12)),1);
((((((13,10),(11,((6,((20,9),17)),8))),((12,7),21)),3),2),((14,(15,(16,18))),5),1);
(10,(((2,(21,((13,(((17,20),8),((18,((16,15),5)),14))),7))),3),((12,11),(6,9))),1);
(11,(((((12,21),(8,13)),(7,(17,20))),((6,9),(10,(((5,15),16),(14,18))))),(3,2)),1);
(((((6,(7,11)),(13,((10,(9,((16,15),(14,(18,5))))),(17,20)))),((8,12),2)),21),3,1);
((17,20),((2,((((21,((7,8),12)),13),6),3)),((5,(15,(16,(18,14)))),(11,(10,9)))),1);
((2,(((20,17),(16,((18,14),15))),((6,10),(11,((((5,(8,7)),9),12),(13,21)))))),3,1);
(11,(((20,17),(15,(16,(18,14)))),(((6,10),((13,(2,((((21,12),5),7),8))),9)),3)),1);
((6,10),((((13,(((20,17),(14,(18,((5,15),16)))),11)),21),(((8,(7,9)),12),2)),3),1);
((6,10),(2,(((((20,17),(15,((16,18),14))),(7,(21,(3,13)))),((8,(9,12)),5)),11)),1);
((6,10),(((((((13,(((14,16),18),15)),7),21),2),3),(((20,17),((8,5),9)),12)),11),1);
(11,(10,(6,(2,(((5,(20,17)),((16,15),(18,14))),(((21,3),13),(((9,8),7),12)))))),1);
(((((16,18),14),15),((10,6),(21,(3,((2,13),((9,(8,7)),12)))))),((5,11),(17,20)),1);
(10,(6,((2,((3,21),((13,((16,15),(18,14))),(7,8)))),(12,(11,(5,(9,(17,20))))))),1);
((((((((8,13),3),21),((((15,14),18),16),7)),2),(9,(5,(20,17)))),(12,11)),(10,6),1);
((((17,20),5),11),((10,((9,6),8)),((((16,(14,18)),15),7),(2,(((21,13),12),3)))),1);
(10,(((12,(2,((((5,7),((16,(14,18)),15)),13),21))),3),((6,11),(9,((17,20),8)))),1);
(10,(((3,2),((7,((14,16),(18,15))),((12,21),(5,13)))),((6,8),((9,(17,20)),11))),1);
(10,((12,11),(((5,(21,(13,(7,(15,((18,14),16)))))),(3,2)),(9,((8,(6,20)),17)))),1);
((20,17),((10,6),(((((12,(9,(5,13))),2),21),(3,8)),(7,(11,(15,((14,18),16)))))),1);
((10,6),(11,((((5,9),8),12),((2,(((((((14,18),16),15),(20,17)),7),13),21)),3))),1);
(11,(((6,((((21,((12,7),13)),(3,(((15,(5,(16,(18,14)))),20),8))),17),2)),10),9),1);
((((10,((((14,18),16),15),5)),(17,20)),11),((((((8,7),6),((2,12),21)),3),13),9),1);
((((15,(18,(14,16))),((21,13),((7,12),2))),3),((((20,5),(17,9)),11),(8,(10,6))),1);
((8,(10,6)),((((2,21),((3,(7,12)),((5,(20,17)),13))),9),((15,((18,14),16)),11)),1);
(((9,11),(15,(5,((14,16),18)))),((((20,17),(6,8)),(((10,13),((7,12),21)),3)),2),1);
(((6,9),11),(2,(((21,((12,(10,7)),(5,(8,13)))),(((16,(18,14)),15),(20,17))),3)),1);
((((7,((((16,14),15),18),((10,11),(5,(9,(20,17)))))),6),12),(21,((2,3),(13,8))),1);
((((6,10),((17,20),9)),((((((16,18),(15,14)),7),(((13,8),21),3)),(12,11)),5)),2,1);
((8,(12,7)),(13,(21,((3,(((10,(20,17)),(((18,14),16),15)),((5,(11,6)),9))),2))),1);
(((8,((((18,14),(16,15)),(10,(11,9))),6)),(20,17)),(((3,2),(21,(12,7))),(5,13)),1);
(((((21,13),((3,((((8,(10,6)),9),11),(7,(16,(14,(18,15)))))),12)),2),5),(20,17),1);
(((((((((9,5),(8,13)),((17,20),(11,(15,(16,(18,14)))))),(6,10)),7),21),12),3),2,1);
(11,(((13,(21,(((8,((9,12),7)),2),3))),(6,10)),((17,20),((5,15),((14,18),16)))),1);
(((((16,(14,18)),(5,15)),20),6),(((13,((12,((9,(10,(8,11))),7)),2)),21),(3,17)),1);
((((15,16),(18,14)),((5,(17,20)),6)),(((21,(3,((((8,9),(10,11)),7),2))),12),13),1);
((17,20),((3,((6,((13,(((11,9),((16,(14,18)),15)),10)),21)),(((8,5),7),12))),2),1);
((5,(20,6)),(((((7,((21,(13,(((9,11),10),((16,(18,14)),15)))),12)),2),3),17),8),1);
(((((13,(8,(((((6,10),(7,(15,((18,14),16)))),11),5),2))),21),3),12),(9,(17,20)),1);
(5,((17,(20,(3,((((9,6),10),(7,(((18,16),14),15))),(2,((11,13),(12,21))))))),8),1);
((8,(10,6)),((((20,((16,(18,14)),15)),7),21),(((((11,12),3),2),17),(13,(5,9)))),1);
((10,6),(((((7,11),(17,20)),(((18,16),14),15)),((21,12),(5,((9,13),8)))),(2,3)),1);
((3,(9,(((12,((7,(15,(16,(18,14)))),(13,21))),((((17,(6,20)),5),8),2)),10))),11,1);
(9,(8,((3,(2,(12,(21,(13,((((7,10),((16,15),(18,14))),5),(11,6))))))),(17,20))),1);
((17,(8,(((((((7,10),((16,(18,14)),15)),((5,(11,6)),13)),21),2),3),12))),(20,9),1);
((20,(17,((((((9,6),5),8),((18,14),(16,15))),((13,(7,10)),(21,12))),(3,2)))),11,1);
((((((((3,2),21),(12,(7,10))),13),(6,8)),((20,17),(((5,(16,14)),15),18))),9),11,1);
(((16,(18,14)),15),((((12,(7,10)),((2,(13,3)),21)),((9,((20,5),8)),(6,11))),17),1);
(12,((21,(((11,(7,10)),3),(13,((9,((8,((17,20),6)),5)),(15,((14,18),16)))))),2),1);
(6,(((8,(((3,(12,2)),(21,(((15,((18,14),16)),13),(11,(7,10))))),9)),(20,17)),5),1);
(11,(((9,(20,17)),((6,10),((((21,13),(2,(7,((((14,18),16),15),8)))),3),12))),5),1);
((((5,(20,17)),9),8),((11,12),((6,10),((((7,((14,16),(15,18))),(13,21)),2),3))),1);
(9,(((((((13,(20,12)),21),5),(3,((8,7),(((15,14),18),16)))),2),(17,11)),(6,10)),1);
(((9,(13,8)),((2,(7,(21,12))),3)),(((6,11),10),(5,((17,20),(((15,16),18),14)))),1);
(((17,20),(15,((16,14),18))),((13,((2,(((5,(7,9)),3),12)),21)),(11,(8,(10,6)))),1);
((((21,5),(((13,(6,10)),2),3)),((8,(7,9)),12)),(11,((17,20),(15,((18,14),16)))),1);
((6,((((((21,((3,12),5)),2),7),(13,(15,(16,(18,14))))),9),((20,17),11))),(8,10),1);
(((((8,((7,(11,(((18,14),(16,15)),10))),12)),(9,5)),2),(3,21)),(((17,20),6),13),1);
((6,((((21,(12,(5,13))),(7,((17,20),((((14,18),16),15),((9,11),10))))),2),3)),8,1);
(((((((9,11),10),(7,12)),3),(21,((8,((17,20),5)),13))),2),(((14,(16,15)),18),6),1);
((5,(((((2,(3,(((8,7),12),21))),13),((((18,15),14),16),((6,17),20))),9),11)),10,1);
((((((3,((21,((((16,18),14),15),20)),(((8,(9,5)),13),12))),2),17),(7,11)),6),10,1);
(17,(20,(5,((((((2,8),((7,10),(((9,11),(15,((14,16),18))),13))),12),3),21),6))),1);
(((((7,10),((2,(21,12)),(((5,(20,17)),8),13))),3),(((16,(18,14)),15),6)),(9,11),1);
(((20,17),8),(((3,2),(((7,((21,13),12)),((9,11),(6,10))),5)),(((16,14),15),18)),1);
(((20,17),(12,(21,(2,(((8,13),(7,10)),3))))),((11,(9,6)),(((5,15),16),(18,14))),1);
((6,((((((7,(((16,18),14),15)),2),3),21),13),((9,((20,17),(8,5))),12))),(10,11),1);
((((((20,17),(((5,14),15),(16,18))),(6,10)),((2,(9,7)),(12,(13,11)))),21),(3,8),1);
(((20,17),8),((((((2,(13,(6,(7,10)))),5),3),21),(11,((((15,16),18),14),9))),12),1);
(11,((9,(((8,21),((2,(12,7)),((5,(20,17)),13))),3)),((15,(16,(14,18))),(6,10))),1);
((9,(((15,(16,(18,14))),10),11)),((5,((8,(6,20)),17)),(3,((13,21),((12,7),2)))),1);
(((((3,21),(10,13)),((((8,(9,(17,20))),5),6),(11,12))),2),(7,(15,(16,(14,18)))),1);
(15,((16,(18,14)),((9,11),((2,(21,(3,((13,((20,17),5)),(12,(7,(10,8))))))),6))),1);
((9,(((10,6),(((20,17),((15,16),(18,14))),(((2,3),((21,12),7)),(8,13)))),11)),5,1);
(11,((2,(((10,6),(7,(15,((18,(14,5)),16)))),(21,(3,12)))),(13,((9,(17,20)),8))),1);
((15,((18,14),16)),((13,(((3,(2,12)),21),7)),(11,((10,6),(9,((5,(17,20)),8))))),1);
(11,((9,((17,20),8)),((((13,((7,((18,14),((5,15),16))),12)),(3,21)),(10,6)),2)),1);
((17,(((((13,((2,(12,3)),21)),(((16,(18,14)),15),7)),5),(10,6)),11)),((20,9),8),1);
((3,10),((11,6),((17,(20,((8,9),5))),((((12,21),13),(((16,(18,14)),15),7)),2))),1);
(10,(((3,(9,(8,(((11,6),(17,20)),12)))),2),((21,(5,13)),(((18,14),(16,15)),7))),1);
(((((6,10),((17,20),9)),11),((((21,((5,13),(((15,(14,18)),16),7))),12),2),3)),8,1);
((2,(((9,13),8),21)),((12,((5,11),7)),(3,(6,((10,(17,20)),(((16,18),15),14))))),1);
((11,(((((((14,(16,15)),18),(17,20)),12),(13,(5,21))),(2,(6,((8,10),7)))),3)),9,1);
(11,((((((8,(5,(9,13))),7),(21,(((6,10),3),2))),17),12),((((16,15),14),18),20)),1);
(20,(17,((((5,15),((16,18),14)),(11,(9,(8,(10,6))))),(2,(3,((21,(7,12)),13))))),1);
((((21,((((20,(18,(((16,15),5),14))),((11,7),17)),3),12)),(9,(8,13))),2),(10,6),1);
(((21,(((((20,17),((15,16),(18,14))),7),((10,((6,9),8)),11)),3)),2),(12,(13,5)),1);
((20,17),(2,(((((16,(18,14)),15),7),((10,6),(11,9))),(((8,13),5),((12,3),21)))),1);
(11,(((9,((10,6),(((5,12),(8,(21,13))),(((20,17),((15,(14,16)),18)),7)))),2),3),1);
(((10,6),(((((5,((12,11),13)),21),3),(((20,17),(((18,14),15),16)),7)),2)),(8,9),1);
(10,(8,((((((2,3),(12,(5,7))),(((20,17),((16,15),(18,14))),13)),21),11),(6,9))),1);
(10,(((3,(((((20,17),(15,(16,(14,18)))),(11,13)),21),2)),(12,(9,((5,7),8)))),6),1);
((12,((7,((10,11),9)),((17,20),(((5,15),(18,14)),16)))),((21,(8,13)),(6,(2,3))),1);
((((17,20),8),6),((((7,5),(3,2)),21),(((((10,11),9),(((16,18),15),14)),13),12)),1);
(((17,(20,6)),8),(((21,((5,13),(12,(7,(((11,(((16,15),18),14)),10),9))))),3),2),1);
(((13,(5,(6,(20,17)))),21),((3,(8,((12,((11,(15,((18,14),16))),(7,10))),9))),2),1);
((6,(8,(20,17))),(((21,13),(12,(((5,((18,14),16)),15),(7,((9,10),11))))),(3,2)),1);
((6,(8,(20,17))),(((21,13),(12,(((5,((18,14),16)),15),(7,((9,10),11))))),(3,2)),1);
(((((21,(8,(((15,(14,(18,16))),13),(11,((6,9),10))))),((7,5),12)),2),3),(17,20),1);
(10,((((8,(12,(7,11))),(13,21)),(3,((9,(5,(17,20))),(((16,(2,15)),18),14)))),6),1);
((((5,15),((18,14),16)),(17,20)),(((((10,6),(8,(7,11))),9),(3,((12,21),13))),2),1);
(((17,(((6,((15,(14,(16,18))),20)),8),7)),(3,((12,(21,13)),2))),((10,9),(5,11)),1);
(((15,(16,(14,18))),(8,(20,17))),((2,(21,13)),(3,((7,12),(((5,9),10),(6,11))))),1);
((2,11),((20,17),((((12,21),(((13,5),(7,10)),((((9,(8,15)),16),18),14))),3),6)),1);
((((((7,(((13,((20,17),5)),((9,8),12)),21)),(2,3)),(11,6)),10),15),((18,16),14),1);
(12,((11,(((((6,(7,10)),(15,(16,(18,14)))),(13,(((5,(8,9)),17),20))),2),3)),21),1);
((((7,(8,10)),6),(2,((21,(13,(((5,17),20),((9,11),((16,(14,18)),15))))),3))),12,1);
((5,6),((21,(12,(((7,(((17,20),(15,((18,14),16))),(10,(11,(9,8))))),2),13))),3),1);
(((11,6),((21,((((8,(12,9)),(7,10)),2),13)),3)),((17,20),(5,((14,18),(15,16)))),1);
((((20,(6,11)),17),(((16,(5,15)),18),14)),((13,(((3,(21,((9,12),10))),2),7)),8),1);
(((2,((7,8),12)),21),((((20,((14,((16,15),5)),18)),13),17),(3,(11,(9,(6,10))))),1);
(((6,11),((((16,(18,14)),15),((2,(7,12)),(8,((((5,13),(17,20)),3),21)))),9)),10,1);
((9,(8,6)),((12,2),((21,((7,10),(13,(11,((17,20),(((5,(14,18)),15),16)))))),3)),1);
(3,(2,((6,(20,17)),((21,(12,(8,7))),((13,5),(((((18,14),16),15),(10,11)),9))))),1);
((2,(12,21)),(3,(((15,(7,((18,14),16))),((9,((5,(20,17)),11)),6)),((13,10),8))),1);
((2,((((15,(5,((14,16),18))),(20,17)),11),6)),((7,10),(13,(21,(((8,12),9),3)))),1);
(((14,((15,16),18)),((((17,20),5),(9,11)),6)),((((3,2),21),((12,8),(7,10))),13),1);
(9,(11,((6,(((7,((((17,20),5),(15,((16,14),18))),10)),((21,(12,8)),13)),3)),2)),1);
(((11,6),(9,((21,((13,((20,17),((16,15),(18,14)))),((7,2),(5,(12,8))))),3))),10,1);
((((((21,(12,(((20,17),(5,((15,16),(14,18)))),(11,(8,(9,7)))))),13),2),3),6),10,1);
((9,(10,6)),(11,((2,(((12,(5,(8,7))),21),(13,((15,((18,14),16)),(20,17))))),3)),1);
(11,((10,6),(((21,((2,(12,(((5,7),9),8))),3)),13),((15,((18,16),14)),(20,17)))),1);
((6,10),(((12,((17,20),5)),9),(11,(2,((((16,(14,18)),15),(7,8)),(13,(21,3)))))),1);
(((11,((9,((20,17),5)),12)),(8,(10,6))),(((21,((((16,(18,14)),15),7),13)),3),2),1);
(10,((6,(((21,(2,(3,((((18,14),16),15),7)))),13),(11,(12,(5,((20,17),9)))))),8),1);
(10,((((((6,(((11,9),((5,(20,17)),(((14,18),16),15))),7)),(13,21)),2),3),8),12),1);
(((11,9),(8,(10,6))),(2,(((21,((7,((17,20),(15,((14,16),18)))),12)),(5,13)),3)),1);
((10,6),(((12,5),(9,11)),((((((8,(17,20)),13),(((16,(14,18)),15),7)),3),21),2)),1);
(9,((11,((15,(5,((14,18),16))),((2,8),((21,(3,(7,12))),((6,13),(17,20)))))),10),1);
((((8,(9,6)),10),11),(((5,((13,(20,(15,(16,(18,14))))),17)),(3,2)),((7,12),21)),1);
(((6,10),(11,9)),((5,13),((((2,(((17,20),8),((15,(14,18)),16))),3),21),(7,12))),1);
(((3,((21,(((((((5,15),(16,(18,14))),(17,20)),11),9),12),(8,13))),2)),7),(6,10),1);
((6,10),(((3,(((21,(8,13)),2),(((((((15,5),18),14),16),(20,17)),7),12))),11),9),1);
(11,((8,(2,((((((16,(18,14)),15),(20,17)),13),(((5,7),12),21)),3))),((9,6),10)),1);
(((6,10),(11,(2,(3,((7,5),((12,((((16,(18,14)),15),(20,17)),13)),21)))))),(8,9),1);
(18,((((10,((3,((((6,13),(17,(8,20))),21),2)),((5,7),12))),(11,9)),15),(16,14)),1);
((8,(6,(17,20))),((13,((10,(11,9)),(((5,16),(18,14)),15))),((12,(21,(3,7))),2)),1);
((((10,11),(20,(15,((18,14),16)))),9),((((2,13),21),((5,(7,8)),12)),(3,(17,6))),1);
((((2,3),(13,10)),((7,21),((((8,5),20),17),((6,11),(9,((16,(14,18)),15)))))),12,1);
((((((17,20),((15,((18,14),16)),(10,(9,11)))),6),((12,((5,13),21)),(8,7))),2),3,1);
(11,((((((5,(13,8)),((21,(2,(7,12))),3)),((((6,15),16),14),18)),10),9),(17,20)),1);
((((15,(14,(16,18))),(10,(20,17))),9),((6,(13,(((11,((5,7),8)),12),21))),(2,3)),1);
((5,6),((13,(21,((12,((7,(8,(11,(9,10)))),(((15,16),(18,14)),(17,20)))),3))),2),1);
((((((16,15),18),14),10),((17,20),6)),((((7,11),(13,8)),((21,(5,(9,12))),2)),3),1);
((((16,(14,18)),15),(6,10)),((5,(13,8)),(((3,(12,((17,20),(7,(9,11))))),21),2)),1);
(9,(11,(10,(((((3,(12,(13,(17,(8,20))))),2),21),(7,((14,(18,16)),(5,15)))),6))),1);
(((((15,(16,(14,18))),7),((3,(2,(21,(13,(9,(((5,8),17),20)))))),12)),11),(10,6),1);
(((((13,(11,(17,(9,(20,8))))),5),(21,((12,((15,(14,(16,18))),7)),2))),3),(10,6),1);
((3,(10,6)),(2,((((11,((((17,20),(5,8)),9),13)),((15,(14,(16,18))),7)),12),21)),1);
(5,(9,(((13,((17,(20,8)),((16,(14,18)),15))),((2,((12,7),3)),21)),((10,6),11))),1);
((((15,((18,14),16)),(10,6)),(13,((17,20),(21,((7,11),((12,3),2)))))),(8,(5,9)),1);
(((((5,15),(18,14)),16),((8,(10,6)),9)),(2,((3,(12,(21,13))),(((7,11),20),17))),1);
(((6,(((15,(16,(14,18))),7),((2,((11,(20,17)),(21,(12,(10,13))))),3))),5),(9,8),1);
((((((2,21),3),17),(11,12)),((7,10),13)),((15,((16,14),18)),(((20,(8,6)),9),5)),1);
(((8,6),(17,20)),((2,3),((21,(((((5,15),((18,14),16)),((10,9),11)),12),7)),13)),1);
((((3,((2,13),((8,(10,7)),12))),21),(6,((17,20),5))),((15,((18,14),16)),(9,11)),1);
((6,11),(2,((3,(((21,(5,13)),((7,10),12)),(9,((17,20),(14,(18,(16,15))))))),8)),1);
((15,((18,14),16)),(((((7,((13,(5,(20,17))),8)),21),12),(2,3)),(11,(9,(6,10)))),1);
((11,(9,(6,10))),((12,((2,(7,((8,(5,(17,20))),(15,((18,14),16))))),(21,13))),3),1);
((((6,17),20),8),(((3,((((14,16),18),(5,15)),(11,(7,10)))),(12,21)),(2,(9,13))),1);
((3,(((13,21),(12,(((9,11),10),(7,((16,(18,14)),15))))),2)),(((8,(5,17)),20),6),1);
(10,((9,(11,(12,((13,(5,8)),(3,(2,(21,((7,6),((16,18),(15,14)))))))))),(20,17)),1);
(((10,13),((3,(2,(12,(5,(7,8))))),21)),((((((16,14),18),15),(9,(11,20))),17),6),1);
(((3,(21,(((5,13),12),(2,(7,8))))),(11,(10,(9,6)))),(((16,15),(18,14)),(20,17)),1);
(((((9,11),(10,6)),((2,(((7,8),5),12)),(21,13))),3),(((15,(16,14)),18),(20,17)),1);
(10,(((15,(14,18)),16),(((((2,(7,((6,11),3))),(((5,(12,9)),13),21)),8),17),20)),1);
(((((16,15),(18,14)),(20,17)),((10,6),11)),(((2,(((((8,7),5),13),12),21)),3),9),1);
((8,(5,(9,7))),(12,(((21,(13,(((15,(16,(18,14))),(20,17)),((10,6),11)))),3),2)),1);
(15,(16,(18,(14,(3,((20,17),(5,(8,(21,((13,((10,6),11)),((12,(9,7)),2)))))))))),1);
(5,((10,6),((((20,17),13),(8,(21,(3,(((9,7),12),2))))),(11,(14,((16,15),18))))),1);
((((3,((((8,(20,17)),5),13),(11,(10,(6,9))))),(12,21)),((((14,16),18),15),7)),2,1);
(((3,2),((21,13),((((8,(20,17)),9),((11,(15,(5,(16,(18,14))))),7)),12))),(10,6),1);
((3,(21,((12,(7,((((20,17),9),11),(15,(18,(16,14)))))),(2,(8,(5,13)))))),(6,10),1);
((2,11),(((3,(7,(15,((16,14),18)))),(((8,(9,(5,13))),(21,12)),(20,17))),(6,10)),1);
(((((7,11),(((21,13),((8,12),9)),(5,((15,(18,(16,14))),20)))),17),(6,10)),(2,3),1);
(10,(((((2,((8,(12,7)),(21,13))),3),(11,6)),(5,17)),((9,(((16,15),14),18)),20)),1);
((9,(10,((6,(((((12,7),((13,5),8)),21),3),2)),(14,(18,(16,15)))))),(11,(20,17)),1);
(((20,17),((((14,15),18),16),10)),((((((7,3),2),12),21),13),(11,(9,(5,(6,8))))),1);
(((17,20),5),(((15,((14,16),18)),10),(((((11,((9,6),8)),12),(13,(3,7))),21),2)),1);
((6,(((2,(12,(3,(11,7)))),(21,(13,((20,17),(9,((((16,18),14),15),10)))))),8)),5,1);
((((((14,5),(18,((11,((6,(8,10)),9)),((12,7),(13,21))))),(16,15)),2),3),(20,17),1);
((6,((12,((21,(2,((20,17),7))),13)),3)),((((8,(10,9)),(15,((16,14),18))),11),5),1);
(((2,(((((13,((20,17),11)),21),(12,((((15,16),18),14),7))),3),8)),(6,10)),(9,5),1);
(9,((11,((((2,((12,7),8)),(21,13)),3),((20,17),((5,15),(14,(16,18)))))),(6,10)),1);
(11,(((12,(9,(8,((20,5),(13,17))))),((7,(14,((15,16),18))),((2,3),21))),(6,10)),1);
((8,(10,6)),((((((12,11),13),21),2),3),(7,(((9,17),20),(15,(((14,18),16),5))))),1);
((10,6),((3,(21,(12,(8,((13,9),5))))),((11,7),((2,(17,20)),(15,(18,(14,16)))))),1);
((15,((18,14),16)),((2,(21,(3,((13,((20,17),(7,(8,5)))),((9,11),12))))),(10,6)),1);
((10,6),(((((8,7),5),13),(21,(2,(3,((20,17),(15,((18,14),16))))))),(11,(12,9))),1);
(11,(((20,17),(5,(((16,18),14),15))),((12,((8,7),9)),((2,(((10,6),13),3)),21))),1);
((2,(3,((21,((10,6),(11,9))),((8,12),7)))),(13,((5,(17,20)),(15,((18,14),16)))),1);
((((20,17),(3,(((10,6),(11,9)),(7,((15,16),(18,14)))))),((13,(5,(8,12))),21)),2,1);
(((((6,10),11),(13,(21,((8,(7,9)),12)))),(((((18,(5,15)),14),16),(20,17)),2)),3,1);
(20,(17,(9,((10,(11,6)),(8,((12,((((14,18),16),15),7)),((5,13),((21,2),3))))))),1);
((10,11),(((((7,(((5,15),(18,14)),16)),3),2),(13,(12,21))),(9,((8,6),(17,20)))),1);
(11,((((((((7,12),3),2),((9,13),21)),(6,((8,17),20))),(((18,14),16),15)),10),5),1);
(10,(9,(11,(((((17,20),((12,8),((5,13),21))),6),(2,3)),(((14,15),(18,16)),7)))),1);
(((((21,((12,(8,(17,(6,20)))),3)),2),13),((15,((18,14),16)),((5,(9,7)),11))),10,1);
(((6,(9,((17,20),8))),5),((2,(12,((13,(((10,11),(15,((18,14),16))),7)),21))),3),1);
(((17,((20,((18,(16,15)),14)),2)),((((5,6),9),8),((7,12),(21,(3,(10,13)))))),11,1);
((3,(((7,(11,(5,(6,(9,8))))),((17,20),((16,15),(18,14)))),2)),(21,(13,(10,12))),1);
(((((17,20),11),((9,8),6)),((((7,(10,12)),3),13),(21,(2,5)))),(15,(16,(14,18))),1);
(10,(9,((((7,2),3),((12,(13,((8,(5,(20,17))),(14,(18,(16,15)))))),21)),(6,11))),1);
(9,(11,((6,10),((15,(16,(18,14))),((3,(21,(((5,(7,8)),12),13))),((20,17),2))))),1);
(((20,((9,10),(15,(14,(16,18))))),17),((6,11),(((21,13),((3,2),((5,7),12))),8)),1);
((((9,10),((15,(16,18)),14)),(17,20)),((3,2),(((13,(6,11)),((8,(7,5)),12)),21)),1);
((11,(((6,10),((16,(18,14)),15)),(17,20))),((13,((((7,5),8),((3,2),12)),21)),9),1);
(10,((((((21,((13,(9,11)),((15,(16,(18,14))),(17,20)))),2),12),(3,(7,5))),6),8),1);
(10,((6,9),(11,((15,((18,14),16)),(((21,((7,(3,2)),12)),((13,8),5)),(17,20))))),1);
((((5,(20,9)),17),8),(((((((15,((18,14),16)),7),12),13),(21,2)),3),((10,6),11)),1);
((((((((5,(20,17)),(15,((14,18),16))),7),12),(13,21)),2),3),(((8,(6,10)),11),9),1);
((8,(6,10)),(((13,(((20,17),(((15,16),(18,14)),5)),7)),((3,((12,11),21)),9)),2),1);
((((20,17),(15,((14,16),18))),((11,((6,10),9)),8)),(3,(2,((((5,7),12),13),21))),1);
(2,(3,(((6,(20,(15,(16,(14,18))))),(7,(11,(9,10)))),(21,(((5,(13,8)),17),12)))),1);
(((3,21),(13,((11,(17,20)),(5,((16,15),(14,18)))))),(((((7,9),(6,10)),8),12),2),1);
(((6,10),(9,(2,((7,12),((5,(13,8)),(21,3)))))),(((17,20),(((18,14),16),15)),11),1);
((2,(((11,12),3),21)),((13,(((17,20),(16,(15,(18,14)))),(6,10))),(8,(5,(9,7)))),1);
(13,(12,((2,((6,(((11,((5,9),10)),(((15,14),(18,16)),7)),(17,20))),8)),(3,21))),1);
(((2,(21,((12,(8,(5,(7,9)))),(11,(13,((((14,15),18),16),(17,20))))))),3),(10,6),1);
((((((13,21),((12,(8,(5,7))),(3,2))),((15,((14,16),18)),(17,20))),11),(10,6)),9,1);
(11,((2,(((12,(8,((5,7),9))),((13,((((15,16),18),14),(17,20))),21)),3)),(6,10)),1);
(((2,(12,((8,(7,9)),5))),3),(21,((6,10),(13,((((15,(16,18)),14),(17,20)),11)))),1);
(10,((6,11),(5,(((2,(21,((7,(((15,(16,18)),14),(((9,20),8),17))),3))),12),13))),1);
((11,(9,((18,14),((5,15),16)))),(((13,10),((3,7),((21,(((20,17),6),8)),12))),2),1);
(((7,12),(8,21)),(((2,3),(10,6)),(13,(((20,17),(((15,14),18),16)),((11,5),9)))),1);
((((18,14),16),15),((11,(5,9)),((10,6),((13,(8,(20,17))),(((7,12),(2,3)),21)))),1);
((((((11,9),(5,7)),12),13),(((17,((((14,15),18),16),(6,10))),(8,20)),2)),(21,3),1);
(((3,(((6,10),((20,17),((18,(16,15)),14))),((8,(13,21)),((7,(11,5)),12)))),2),9,1);
((((2,3),((6,10),((8,13),((((20,17),((5,((14,18),16)),15)),21),(12,7))))),9),11,1);
(((((2,(13,(((6,10),(((7,11),(20,(((18,14),16),15))),5)),3))),21),(12,17)),8),9,1);
(3,(((12,21),13),((((11,(9,(((16,(18,14)),(15,5)),10))),(((17,20),6),7)),8),2)),1);
(((17,20),((15,(((5,18),14),16)),9)),(11,(((6,((3,((7,12),(10,13))),2)),21),8)),1);
(((6,10),((9,11),8)),((12,(7,(15,(16,(18,14))))),(((2,(5,(13,(17,20)))),3),21)),1);
((9,8),((((((2,(7,(20,((16,15),(14,18))))),((12,(13,5)),21)),3),11),17),(6,10)),1);
((11,(10,(6,(9,8)))),(((15,(16,18)),14),((((13,((17,20),5)),((7,12),3)),21),2)),1);
(((16,(18,14)),15),((((((12,((7,(9,8)),5)),((11,(17,20)),13)),3),2),21),(10,6)),1);
(2,((6,(3,(21,(((7,9),5),12)))),(8,(13,(11,(((17,20),10),((15,(14,18)),16)))))),1);
(((((((9,(7,8)),12),((3,2),21)),13),5),(6,10)),((15,((14,16),18)),((17,20),11)),1);
(((11,5),((((2,3),21),((13,(9,(6,10))),((((14,16),15),18),(7,8)))),12)),(17,20),1);
((11,(((2,(((13,(10,((8,9),6))),21),3)),12),(((16,(18,14)),15),7))),(5,(20,17)),1);
((2,((10,6),3)),((21,(5,((12,(7,(9,11))),((15,((18,14),16)),(20,17))))),(8,13)),1);
((((5,15),(16,(14,18))),(20,17)),(((2,(((13,(9,8)),((7,11),(10,6))),3)),21),12),1);
(((((5,15),18),16),14),(((3,(((12,(7,8)),21),13)),2),((11,(((20,17),9),6)),10)),1);
((13,10),(3,(2,(((((6,(8,(5,((20,17),9)))),7),(11,(((14,18),16),15))),12),21))),1);
(9,((((12,(21,3)),(((10,7),(((((16,15),18),14),11),5)),13)),2),((8,(17,6)),20)),1);
((((2,12),3),(21,((10,7),((15,((18,14),16)),13)))),(11,((8,((17,(9,20)),6)),5)),1);
((11,(((6,(8,9)),(12,(3,((21,7),(((17,(5,20)),(15,((18,14),16))),13))))),2)),10,1);
(((7,((15,16),(18,14))),(2,(3,(21,(((8,(5,((17,20),9))),12),(13,11)))))),(6,10),1);
((5,(6,10)),((2,(((13,(7,((15,16),(18,14)))),21),3)),(11,(((8,(20,17)),9),12))),1);
(10,((11,(((((8,17),(20,9)),5),12),((13,21),(((7,((15,(18,16)),14)),2),3)))),6),1);
(((((((20,17),8),9),(((14,16),15),18)),(5,6)),(21,(((13,10),(11,(7,2))),3))),12,1);
((12,((((2,(6,(((17,(7,5)),20),8))),13),21),3)),(9,((10,11),((15,(14,18)),16))),1);
(6,(2,((3,(((((18,14),15),16),13),(((9,(((20,17),8),12)),5),21))),(11,(7,10)))),1);
(9,(11,((2,((((13,(((8,(12,5)),17),20)),21),(7,(15,(14,(18,16))))),(10,6))),3)),1);
(9,(((11,(((13,((12,(((5,20),17),8)),21)),(7,((15,(16,18)),14))),(10,6))),2),3),1);
((((((10,6),(12,(9,11))),2),(3,(((20,17),8),((7,((16,(18,14)),15)),5)))),21),13,1);
(11,((10,6),(9,((((18,(14,(7,15))),16),((13,(12,((8,(20,17)),5))),21)),(3,2)))),1);
(2,((21,(((12,(5,8)),7),3)),(((20,17),(((18,14),16),15)),((11,(10,(9,6))),13))),1);
((13,((11,((2,3),(21,((9,(7,12)),(5,(20,17)))))),8)),((10,6),(15,((16,14),18))),1);
((((20,17),6),(2,(3,((13,21),(12,(7,8)))))),(10,((5,9),(11,((16,15),(18,14))))),1);
((((2,3),(21,13)),(12,(7,8))),(((((15,14),16),18),20),(17,((9,(5,(6,10))),11))),1);
(15,((16,(18,14)),((3,(2,((12,(5,7)),(21,((13,17),20))))),((8,(10,6)),(11,9)))),1);
((2,((((9,(((20,5),17),8)),((((15,(18,14)),16),7),((21,13),12))),(6,11)),3)),10,1);
((((11,(12,((17,((9,5),20)),8))),(2,(3,(13,(21,(((18,(16,14)),15),7)))))),6),10,1);
((9,11),((8,(10,6)),((21,(13,(5,(17,20)))),(((12,(((16,(14,18)),15),7)),2),3))),1);
((8,(9,6)),(((((13,((5,11),((17,20),(((18,14),16),15)))),(10,7)),21),12),(2,3)),1);
((9,(((17,20),6),5)),((((8,((((14,15),(18,16)),(11,(10,7))),13)),21),12),(2,3)),1);
(((8,(17,20)),(11,6)),(((2,(21,(13,((((5,18),14),16),15)))),((10,7),(9,12))),3),1);
(((2,(3,((((5,(12,9)),8),(13,21)),7))),((10,(11,(((18,15),14),16))),6)),(17,20),1);
((((((2,21),((((9,10),11),7),12)),((8,5),13)),3),((17,20),(((14,15),18),16))),6,1);
((17,(11,6)),(((12,((20,(15,(16,(18,14)))),((9,10),7))),(((5,13),3),21)),(2,8)),1);
(11,(6,(2,(3,((21,(13,8)),((7,(20,((9,10),((16,(18,14)),(5,15))))),(12,17)))))),1);
(((((17,20),8),9),((6,(10,11)),(3,(2,(((21,13),12),(7,((16,(18,14)),15))))))),5,1);
(12,((2,(3,(21,(13,10)))),(7,((((16,(14,18)),15),(9,(6,(8,(5,(20,17)))))),11))),1);
(15,((16,(((6,10),(3,(((((7,11),12),(13,((8,(20,17)),5))),21),2))),9)),(18,14)),1);
((13,((((11,7),12),(3,21)),2)),(((9,(8,((20,17),5))),(15,((18,14),16))),(6,10)),1);
((13,((((11,7),12),(3,21)),2)),(((9,(8,((20,17),5))),(15,((18,14),16))),(6,10)),1);
(((((12,(((((9,5),8),11),7),((6,10),13))),21),3),2),((17,20),(((18,14),15),16)),1);
(((8,(2,((21,(12,(5,(7,9)))),(13,10)))),6),(3,(11,((17,20),(15,((18,14),16))))),1);
((21,((2,12),(13,10))),(3,(((8,((9,6),5)),(11,((17,20),((16,(18,14)),15)))),7)),1);
(((11,((5,(17,20)),(15,(16,(18,14))))),(((7,(3,(2,(13,10)))),21),12)),((6,9),8),1);
((3,(((7,12),(21,(((10,8),13),5))),2)),(((9,11),((20,(15,(16,(18,14)))),17)),6),1);
((((((3,7),(12,(21,((11,(10,9)),((14,((5,(15,16)),18)),13))))),2),6),(17,20)),8,1);
((((3,(2,(((15,((14,18),16)),13),((5,(17,(6,20))),8)))),21),12),((11,(10,9)),7),1);
((((5,(20,17)),6),(13,(11,(10,(15,((18,14),16)))))),(8,(3,((2,21),(12,(7,9))))),1);
((9,8),(((12,((2,3),((((5,(20,17)),13),21),(7,((15,(16,14)),18))))),(6,10)),11),1);
((9,8),(((12,((2,3),((((5,(20,17)),13),21),(7,((15,(16,14)),18))))),(6,10)),11),1);
(9,(11,(12,(((2,(8,3)),((13,21),(7,(5,(15,(16,(18,14))))))),((20,17),(6,10))))),1);
(((20,17),11),(((9,((2,(3,((21,13),(12,(7,(15,(16,(18,14)))))))),(6,10))),5),8),1);
((6,10),((2,(21,((9,13),(5,(8,((12,(20,(17,11))),(7,((16,15),(18,14))))))))),3),1);
(11,((((((20,(((18,14),16),15)),7),3),((13,21),(17,12))),2),((8,(5,9)),(6,10))),1);
(((((20,13),(((7,((18,(14,16)),15)),(17,12)),21)),3),2),(((8,(5,9)),(6,10)),11),1);
(((20,17),((15,(16,14)),18)),((6,10),((((3,21),((12,((9,7),8)),(11,13))),2),5)),1);
((((((13,21),(8,((9,7),12))),2),3),((20,17),((11,5),(6,10)))),((15,16),(18,14)),1);
((((2,(3,(21,(12,(5,(8,(7,9))))))),13),(11,(6,10))),((20,17),((15,(16,14)),18)),1);
((3,((21,((((11,(20,17)),((15,14),(18,16))),(9,13)),(12,(8,7)))),2)),(5,(10,6)),1);
((5,9),(((((20,17),((14,15),(16,18))),(((((12,(8,7)),3),21),2),13)),(10,6)),11),1);
(((20,17),10),(6,((11,9),((12,(3,((7,((15,(16,14)),18)),(21,2)))),(8,(5,13))))),1);
(2,(((21,((5,(13,8)),((7,((15,14),(18,16))),(((20,17),11),((10,6),9))))),3),12),1);
(11,((10,6),((((((9,((8,13),5)),12),21),3),(7,(15,((14,18),16)))),((20,17),2))),1);
((20,17),((3,(((9,(7,(15,(18,(14,16))))),(((8,((10,6),(13,11))),12),21)),2)),5),1);
(9,(((10,6),(20,17)),(((((21,(5,(11,12))),(8,13)),(7,((15,(16,14)),18))),3),2)),1);
((3,((2,(((7,((15,5),((18,14),16))),((11,10),9)),6)),12)),(21,((8,13),(17,20))),1);
((((15,((18,14),16)),(11,9)),(10,6)),((((13,((5,(17,20)),8)),((7,12),2)),21),3),1);
((((((5,13),21),(((((11,9),10),(((18,16),14),15)),7),12)),3),(2,(8,6))),(17,20),1);
(((3,2),((((11,9),10),(((15,18),(16,14)),7)),((12,13),21))),(8,(20,((6,5),17))),1);
(((((7,((11,(9,10)),(15,((14,18),16)))),6),8),(2,(((12,13),21),3))),((20,17),5),1);
((((9,12),10),((13,((((16,15),(18,14)),7),(2,3))),21)),(11,(((17,8),(5,6)),20)),1);
((6,(17,20)),((((10,3),(2,((8,(5,9)),12))),((21,13),((((15,14),18),16),7))),11),1);
(2,((5,(((12,(10,(8,(9,13)))),(7,21)),3)),((((15,16),18),14),((6,11),(17,20)))),1);
(((((15,(14,18)),16),(6,((17,20),5))),11),(((2,((12,(8,(9,7))),(10,13))),21),3),1);
(15,((((((13,(((11,(9,((17,20),5))),(6,10)),(8,7))),(12,3)),21),(16,14)),18),2),1);
((((3,(9,13)),21),(12,(2,((((((15,5),(18,14)),16),11),(10,7)),17)))),(6,(20,8)),1);
((((3,(((11,(6,(8,9))),13),((12,(((16,15),(18,5)),14)),(10,7)))),2),21),(20,17),1);
((6,10),(((20,17),(9,11)),(((((7,15),16),18),14),(((13,(((5,12),8),21)),2),3))),1);
((6,10),((20,(17,(8,(5,9)))),((12,11),((((2,(15,((18,14),16))),7),(13,3)),21))),1);
((10,6),(((((13,(((15,(18,14)),16),(((20,5),9),17))),((2,21),12)),3),8),(7,11)),1);
(((11,9),((((16,15),14),18),((10,6),((((((12,8),(13,(20,17))),21),7),2),3)))),5,1);
(((21,(3,(12,(((15,(18,14)),16),7)))),((13,((17,20),5)),((8,6),(10,(11,9))))),2,1);
((11,((8,(10,6)),(3,(((12,(((5,((18,14),16)),15),7)),2),(13,21))))),(20,(17,9)),1);
(((11,((10,6),((3,8),(2,((((20,((14,(18,(16,15))),7)),12),(13,21)),17))))),5),9,1);
((5,(10,6)),(((3,(((7,12),(2,13)),21)),(((8,17),20),(15,(16,(18,14))))),(9,11)),1);
((3,12),(21,((2,(((6,10),(7,(5,(14,((15,16),18))))),((20,17),11))),(13,(8,9)))),1);
((6,10),((((20,17),13),((2,((12,(((15,16),(18,14)),7)),3)),21)),((5,(8,9)),11)),1);
(8,((((((16,(18,14)),15),((7,11),10)),9),(((17,5),20),6)),((13,((2,12),21)),3)),1);
(((12,(2,((((((16,(14,18)),(5,15)),7),13),21),(11,10)))),(((9,8),(20,17)),6)),3,1);
((9,((6,(20,17)),5)),(2,(3,((((13,11),8),21),(12,((15,(16,(18,14))),(7,10)))))),1);
((((21,((12,7),3)),(13,((16,18),(15,14)))),2),(8,(((5,11),9),(10,((17,20),6)))),1);
(((((13,(((16,18),14),15)),21),(7,10)),(12,((9,((17,(5,20)),8)),(11,6)))),(2,3),1);
((((20,6),8),17),((2,(3,((7,10),21))),(12,(13,(11,(9,(((15,5),(18,14)),16)))))),1);
((6,((20,17),8)),((((7,((11,(9,((14,18),(15,16)))),10)),12),((5,13),21)),(3,2)),1);
(2,(3,((((7,((((16,(18,14)),5),15),((9,10),11))),12),21),(13,(6,((17,20),8))))),1);
((((((12,21),(2,3)),7),(8,13)),(((11,(20,17)),5),((6,10),9))),(((16,18),14),15),1);
((((21,((12,(7,(11,(9,(((18,14),(5,15)),16))))),(13,(20,17)))),3),2),(8,(6,10)),1);
((9,(8,(17,20))),(((11,7),((21,(2,3)),((13,(6,10)),((5,15),((18,14),16))))),12),1);
(11,((2,(((13,10),(((17,20),8),5)),(((6,(7,(((18,14),16),15))),3),21))),(12,9)),1);
(10,((((((14,18),(16,15)),(12,(7,(9,11)))),((3,((((8,5),17),20),2)),21)),13),6),1);
((((5,(((((7,((8,(12,9)),11)),3),21),2),(13,(6,10)))),17),20),(((14,16),15),18),1);
(11,((8,((12,9),5)),((6,10),((21,(3,((13,((17,20),((15,16),(18,14)))),7))),2))),1);
((6,10),(((((21,(8,7)),(13,((5,(17,20)),(((15,16),18),14)))),(3,(9,12))),11),2),1);
((7,((17,20),(15,((16,14),18)))),((((((11,(6,10)),(9,12)),2),3),(8,(5,13))),21),1);
((6,10),(11,(((9,12),8),(21,(7,((3,(2,((17,20),((15,((18,14),16)),5)))),13))))),1);
(5,(3,(2,(((21,((13,((20,17),(((15,18),14),16))),(9,((6,10),11)))),12),(8,7)))),1);
(9,(((6,10),11),(((2,(3,(21,(((8,7),5),12)))),13),((20,17),((18,(16,15)),14)))),1);
(8,((6,10),(21,((((((7,5),9),12),((11,13),((20,17),(((18,16),14),15)))),3),2))),1);
((((2,(5,(((((8,(9,12)),13),21),(6,10)),3))),(7,((16,(14,18)),15))),(20,17)),11,1);
((((2,(((7,((16,(14,18)),15)),((12,((5,(13,9)),8)),21)),3)),(20,17)),(6,10)),11,1);
((((7,((16,(14,18)),15)),((((13,(9,8)),12),5),21)),(17,(20,(6,10)))),(11,(2,3)),1);
((20,(3,((16,15),(18,14)))),((((8,(10,6)),(11,7)),(((5,(9,13)),21),12)),(2,17)),1);
((((((14,18),((15,5),16)),((13,8),((12,21),(3,(2,(7,(10,6))))))),9),(17,20)),11,1);
((((11,12),(3,(((8,(13,5)),9),21))),((7,10),6)),(2,((20,((18,16),(15,14))),17)),1);
((((2,((((15,((18,14),16)),(17,20)),(7,12)),21)),3),(5,13)),((11,9),(8,(10,6))),1);
((10,(11,((16,15),(18,14)))),((((13,(((5,(20,17)),6),8)),(2,(12,(9,7)))),3),21),1);
((((10,9),11),((20,17),(5,(((18,14),16),15)))),((8,((((21,(12,7)),3),2),13)),6),1);
(6,(((8,(3,((((17,12),20),5),((13,(((16,15),(18,14)),(9,11))),(7,10))))),21),2),1);
(((9,(((5,6),(20,17)),8)),(((13,((7,10),(15,(14,(16,18))))),(12,21)),(3,2))),11,1);
(2,((((7,8),10),(11,((20,17),(15,((14,18),16))))),(5,(21,(6,((13,3),(12,9)))))),1);
((((6,(8,10)),((20,17),(5,9))),11),(7,((3,2),((12,21),(((16,(14,18)),15),13)))),1);
(((6,10),(2,(((((18,14),(16,15)),7),((21,13),12)),(17,((5,(8,9)),20))))),(3,11),1);
(((12,(2,(21,(((((18,15),14),16),7),(8,(5,13)))))),3),(11,(9,((20,17),(6,10)))),1);
(9,(6,((((8,7),12),(21,(5,13))),((((10,((15,14),(18,16))),3),(20,17)),(2,11)))),1);
(((((6,10),((16,15),(18,14))),20),17),(3,((((9,(5,7)),8),12),(2,((11,13),21)))),1);
(2,((6,((((9,10),11),(15,((16,(18,14)),5))),(17,20))),(((21,13),((8,7),12)),3)),1);
(11,((6,((13,5),(21,((2,((8,7),3)),12)))),(((9,10),(15,(16,(18,14)))),(17,20))),1);
((((2,((13,(6,(5,(8,7)))),21)),3),12),((((9,(((15,16),18),14)),(17,20)),10),11),1);
(11,((((15,((14,18),16)),((20,17),10)),(9,6)),(13,((2,(3,(12,((5,7),8)))),21))),1);
(11,(((((((16,18),14),15),(6,10)),9),(20,17)),((2,(3,(21,((5,(7,8)),13)))),12)),1);
(((5,7),(((11,(10,9)),(15,((18,14),16))),13)),((12,(3,((20,17),(6,8)))),(21,2)),1);
(((((3,2),7),12),21),((5,13),((9,(11,10)),(((((15,18),14),16),((8,20),17)),6))),1);
((2,3),((11,(9,10)),(((21,13),12),(((5,(8,(20,17))),6),(7,(15,(14,(18,16))))))),1);
(((((13,((10,(11,9)),((14,15),(18,16)))),(8,(((5,6),17),20))),((7,12),3)),21),2,1);
(((2,21),(13,(12,(11,((15,14),(18,16)))))),((((6,(9,(20,17))),8),(5,(7,10))),3),1);
((10,(17,20)),(((6,11),9),(((2,3),12),(((7,(15,((18,14),16))),(8,(5,13))),21))),1);
((8,(10,6)),((9,11),(2,((13,(3,((7,(15,(14,(16,18)))),((17,20),(5,12))))),21))),1);
(11,(2,(((17,((12,9),20)),3),(5,(((7,((16,15),(18,14))),(13,(10,6))),(21,8))))),1);
((9,11),(12,(((((8,(17,20)),13),21),2),((((5,((14,18),16)),15),(7,(10,6))),3))),1);
(((2,(((12,21),(11,(((17,(5,13)),20),8))),((9,7),(15,(16,(18,14)))))),(10,6)),3,1);
((((12,(((10,6),((8,9),11)),13)),2),(3,21)),(7,(((5,20),17),((16,(14,18)),15))),1);
(11,(((((13,(15,(16,(18,14)))),(((7,12),3),2)),21),(10,6)),(((17,(8,5)),20),9)),1);
((((9,20),5),17),((10,6),(((3,(2,(8,(21,12)))),(11,13)),(7,((16,15),(14,18))))),1);
((8,9),((((10,6),11),((3,21),((12,7),(((((16,(5,15)),18),14),(20,17)),13)))),2),1);
(8,(2,(3,(9,(17,(20,(((13,(((10,6),(7,11)),(((16,15),18),14))),(21,12)),5)))))),1);
(((7,(17,((11,(10,(15,(18,(16,14))))),13))),(((3,21),20),(12,2))),(5,((6,9),8)),1);
(((2,((20,((21,(17,(((((15,14),16),18),((9,11),10)),13))),(7,12))),3)),(6,8)),5,1);
(((3,8),(((5,((9,6),12)),21),((((17,20),(15,(16,(18,14)))),(13,11)),(7,10)))),2,1);
(2,((((5,((17,20),13)),((12,7),21)),((9,(8,6)),(11,(10,((16,(18,14)),15))))),3),1);
(10,((2,(((8,(11,9)),((((5,14),(16,15)),18),7)),((((17,20),(13,12)),21),3))),6),1);
(((((3,((6,((10,(9,(((16,18),14),15))),(17,20))),13)),2),((5,(8,7)),12)),21),11,1);
((((((9,11),((15,14),(18,16))),13),(21,3)),(((17,20),(8,(7,5))),12)),(2,(10,6)),1);
(((15,(14,18)),16),(((((8,(5,7)),9),((17,20),11)),12),((3,(((10,6),13),21)),2)),1);
((((((5,9),12),11),13),((21,(2,(((10,6),(17,20)),((14,(15,16)),18)))),(3,7))),8,1);
(((17,20),(((16,14),15),18)),(((2,(((7,(9,11)),12),((10,6),(8,(5,13))))),3),21),1);
(10,((((((21,13),((((16,18),(15,14)),(17,(6,20))),(5,7))),(3,2)),11),(8,9)),12),1);
(9,((11,((((7,(15,((14,18),16))),(12,(13,((20,17),5)))),21),(8,(10,6)))),(2,3)),1);
((((13,((8,9),((17,20),5))),((7,((15,(14,18)),16)),((10,6),11))),21),((3,12),2),1);
((11,(((12,((5,8),7)),(6,(3,(21,(13,(15,((18,14),16))))))),2)),(9,(10,(17,20))),1);
((18,(16,(14,((((6,10),((20,17),(7,11))),((9,(5,13)),(12,((3,2),21)))),8)))),15,1);
(((2,(3,((20,17),(7,(9,11))))),(((5,(13,8)),(12,21)),(6,10))),(15,(16,(18,14))),1);
(((((((6,10),3),(21,2)),(5,13)),12),((7,(9,11)),((20,17),(15,(14,(18,16)))))),8,1);
((20,17),(((11,5),(((14,15),(18,16)),((6,10),(((((12,3),2),21),(8,13)),7)))),9),1);
((6,10),((3,((21,(17,((((20,(8,((5,9),7))),11),(15,(16,(18,14)))),12))),2)),13),1);
(((8,10),6),(((2,21),((((7,11),(((5,9),(17,20)),(((14,16),18),15))),12),13)),3),1);
(2,((((5,13),((12,(((20,17),(15,(16,(18,14)))),(7,(11,9)))),21)),((8,10),6)),3),1);
((10,6),(2,(3,((((5,(9,15)),(16,(14,18))),((11,(20,17)),7)),((21,(8,13)),12)))),1);
(((((((8,11),(9,(10,6))),13),21),(2,(7,3))),12),((((18,14),15),16),(5,(20,17))),1);
((11,(((5,(8,9)),12),(7,10))),((2,((3,6),(21,((((18,(14,16)),15),20),13)))),17),1);
(((3,((21,(7,(12,10))),13)),2),(((5,(((20,17),9),6)),8),(11,((15,16),(14,18)))),1);
(10,((11,((((3,12),21),((((20,17),9),(8,5)),6)),13)),(2,(7,((14,(16,15)),18)))),1);
(17,(((20,(10,6)),(((21,(5,(9,13))),(((7,(15,(16,(18,14)))),11),12)),(3,2))),8),1);
(10,((((5,((8,(6,9)),13)),(15,((18,16),14))),(7,(2,((21,3),12)))),((20,11),17)),1);
((11,8),(((((5,13),(21,(3,12))),2),((20,17),(7,(15,((18,14),16))))),(9,(6,10))),1);
((10,6),(2,(9,(((20,17),11),((((15,7),((14,18),16)),(((5,13),8),(21,12))),3)))),1);
((((17,20),8),((((12,(7,2)),13),3),21)),((10,6),(11,(9,((5,15),((14,16),18))))),1);
((2,((10,7),(6,(11,(15,(16,(18,14))))))),(3,(((12,(9,((5,8),(20,17)))),21),13)),1);
(((8,17),((((12,(7,((21,2),13))),(6,10)),3),20)),((9,11),(16,(14,(18,(5,15))))),1);
(((7,11),((3,(8,2)),(((5,9),13),(((17,20),((15,(18,16)),14)),(6,10))))),(12,21),1);
((((16,(14,18)),(15,5)),20),(17,(((((8,(6,((9,11),10))),7),3),2),(21,(12,13)))),1);
((((6,10),((21,(((3,(2,((5,11),7))),12),((9,8),13))),((16,(18,14)),15))),20),17,1);
(((6,10),((3,(2,((7,((17,20),(((15,16),18),14))),((5,(8,13)),(21,12))))),11)),9,1);
((((3,2),((12,((17,20),5)),(((9,7),(15,((18,14),16))),(13,21)))),(8,(11,6))),10,1);
(10,((((((12,(((17,20),5),(7,((18,14),(16,15))))),2),3),21),13),(9,(6,(8,11)))),1);
(10,(((11,9),(5,((3,((12,((8,(17,20)),(7,(15,((14,18),16))))),(21,13))),2))),6),1);
(((6,10),(11,(((20,17),(15,((16,14),18))),((21,((12,((5,(7,8)),3)),2)),13)))),9,1);
((6,10),((9,11),(((20,17),(15,((14,18),16))),((((((5,7),8),12),2),(3,21)),13))),1);
((20,(17,(13,(((6,10),(9,11)),(15,(16,(18,14))))))),(21,(2,(3,(((8,7),5),12)))),1);
(6,((21,2),(((15,(16,(18,14))),(7,(11,(10,9)))),((3,((8,((20,17),5)),13)),12))),1);
(((((15,((16,(18,14)),5)),(17,(8,20))),((7,10),13)),12),(3,((((9,11),6),21),2)),1);
((((15,(5,(16,(18,14)))),(((6,20),8),17)),(2,((11,(7,10)),(21,((9,12),13))))),3,1);
(((((((18,16),14),15),(5,(17,20))),((((12,8),(7,(3,2))),21),(9,13))),(6,10)),11,1);
(((6,10),(((3,(5,((2,(8,13)),21))),(7,((15,((16,14),18)),(17,20)))),(12,9))),11,1);
(((6,10),(((2,3),(((21,((15,((18,(16,14)),5)),7)),(20,(8,13))),17)),(12,9))),11,1);
((8,(10,6)),((((((((16,(((15,5),18),14)),(20,17)),(13,9)),21),2),3),(12,7)),11),1);
((((6,(7,((5,(20,17)),(15,((14,18),16))))),13),(2,21)),((8,(10,((12,9),11))),3),1);
(15,((((((((20,11),13),(8,((3,((2,((5,12),7)),21)),9))),17),(10,6)),14),18),16),1);
((20,((3,((16,15),(14,18))),2)),((5,(((13,11),17),((12,((9,7),8)),(10,6)))),21),1);
(((11,((3,(12,(8,9))),(7,((((17,20),((18,15),(14,16))),(13,21)),5)))),2),(10,6),1);
(((17,20),11),(((((((7,10),6),(13,9)),21),(2,3)),(12,8)),(((15,(14,16)),18),5)),1);
((17,20),((((7,10),(8,((5,9),13))),(21,((3,2),12))),((((16,15),18),14),(6,11))),1);
(((((5,((2,21),((3,((17,20),6)),(10,(13,8))))),7),12),(9,11)),(15,((16,14),18)),1);
((10,13),((((8,(5,6)),20),17),(12,(3,(21,((7,((9,11),(((15,14),18),16))),2))))),1);
((11,(20,17)),(((((3,21),2),(8,((5,(12,7)),9))),((6,10),13)),(((16,18),14),15)),1);
((((20,17),((((21,(2,(8,7))),13),3),(12,((9,11),(((16,18),(5,15)),14))))),6),10,1);
((((21,(2,(3,((12,(7,9)),8)))),13),(6,((20,17),(10,(5,(14,(18,(16,15)))))))),11,1);
(((((11,(6,10)),((((15,7),16),14),18)),2),3),((20,((8,((5,9),12)),(21,13))),17),1);
(11,((((15,7),(((14,18),16),(20,17))),(((12,(21,(5,((13,8),9)))),2),3)),(6,10)),1);
((((11,(10,(((16,15),14),18))),9),20),(2,(3,(((6,8),((5,7),(13,17))),(12,21)))),1);
((5,(15,(18,(16,14)))),((9,11),((6,10),(13,((21,((3,2),((7,17),20))),(8,12))))),1);
(((((6,10),(((17,20),(5,9)),8)),11),((7,(15,(18,(16,14)))),12)),(2,((13,21),3)),1);
((6,10),((((8,20),(17,5)),9),(11,(((15,((18,14),16)),(7,3)),((2,(21,13)),12)))),1);
(((20,17),(8,7)),(12,((13,(15,(((5,18),14),16))),(21,((2,3),((6,10),(9,11)))))),1);
(((11,(2,((((21,(17,(20,(((5,(16,(18,14))),15),7)))),13),12),3))),(6,10)),(8,9),1);
((10,8),((6,11),(((((16,14),15),18),((13,(21,(2,((5,7),12)))),3)),((17,20),9))),1);
((15,(14,(16,18))),(3,((((21,((9,((8,(17,5)),20)),12)),(13,(10,7))),2),(6,11))),1);
((((((5,8),20),17),12),((2,21),((((((9,11),10),3),(15,(16,(14,18)))),7),6))),13,1);
(((12,(13,10)),(((3,21),2),((9,(8,(((20,5),6),17))),(((16,15),18),14)))),(7,11),1);
(10,(11,(((8,(((20,5),9),17)),6),((2,(3,((((((14,18),16),15),7),13),21))),12))),1);
(((13,((((15,((14,18),16)),7),2),21)),(3,12)),(((6,10),11),(5,(((17,20),8),9))),1);
((((2,3),((21,(7,(6,10))),(9,13))),(11,12)),((((14,15),18),16),((5,(20,17)),8)),1);
((((9,8),(6,10)),((2,((3,((7,11),12)),(5,13))),21)),((((15,14),18),16),(20,17)),1);
((6,10),((((((((20,17),(7,5)),12),21),(2,3)),(((16,15),(18,14)),13)),11),(9,8)),1);
((6,((21,(((12,7),2),3)),((11,(5,(14,(16,(15,18))))),(10,13)))),(((8,9),17),20),1);
((2,3),(12,(21,(13,((((9,((8,20),17)),5),(11,(10,6))),(7,(16,((18,14),15))))))),1);
((((5,6),17),20),((((12,(7,(15,((14,16),18)))),(((9,11),8),10)),((3,2),21)),13),1);
(9,((((15,(5,((16,18),14))),(((2,(8,13)),(21,3)),(7,12))),(10,6)),(11,(20,17))),1);
(9,(11,((10,6),((15,((18,14),16)),((17,((13,21),(2,(3,(((5,7),12),8))))),20)))),1);
(15,(((18,14),16),(((13,(((((20,17),7),(2,(21,12))),3),8)),5),((9,11),(10,6)))),1);
(11,(((10,6),((2,(20,((((3,(13,17)),((7,12),8)),5),21))),((15,16),(14,18)))),9),1);
(((5,15),((18,14),16)),((3,((((20,13),17),((12,(8,7)),21)),2)),((9,11),(10,6))),1);
(10,((((20,17),(15,(16,(18,14)))),(5,((11,13),(21,((3,(2,12)),(9,(8,7))))))),6),1);
((((((2,(6,(((8,((10,11),9)),13),(21,(7,12))))),3),(20,17)),(16,(14,18))),5),15,1);
((((((17,20),6),(9,((16,(18,14)),15))),3),(((12,(21,13)),(7,8)),2)),(10,(5,11)),1);
((10,6),((((((17,20),(9,5)),7),8),(12,(21,(2,3)))),(13,(11,(15,((18,14),16))))),1);
(((8,13),(((((14,18),16),15),(10,11)),9)),(7,((12,(21,(((5,20),17),6))),(3,2))),1);
(10,((12,11),(((2,(21,((((8,(20,(6,5))),17),13),9))),3),(7,(15,(16,(18,14)))))),1);
(10,(((11,12),((13,(9,(((17,20),5),8))),((((15,(14,(16,18))),(7,3)),2),21))),6),1);
(((((((16,(14,18)),15),7),(21,(3,(2,12)))),13),(11,(6,10))),((5,((17,20),9)),8),1);
(8,(20,((((((5,2),10),(((((15,(14,18)),16),7),(21,(12,13))),(3,9))),11),6),17)),1);
(11,((6,((((5,(((18,(15,16)),14),7)),2),3),((12,10),(21,(9,13))))),(8,(20,17))),1);
((((8,((12,(21,(13,((((14,18),(16,15)),7),(11,(10,6)))))),(3,2))),5),9),(20,17),1);
(11,((10,6),(((8,(17,((9,20),5))),12),(3,((((15,(18,(14,16))),7),(13,21)),2)))),1);
(11,((10,6),((((8,(20,17)),9),12),(3,(((13,(((((15,5),16),18),14),7)),21),2)))),1);
(11,(((8,10),6),(((((15,(18,14)),16),7),(2,(((9,((5,(20,17)),13)),3),12))),21)),1);
